/data/hzy/lvm4-ts/IMTS/run_models.py
2025-01-20 18:17:44
run_models.py --model VisionTS-B --dataset activity --state def --history 3000 --patience 15 --batch_size 64 --lr 1e-4 --patch_size 300 --stride 300 --nhead 1 --tf_layer 1 --nlayer 2 --te_dim 5 --node_dim 5 --hid_dim 64 --mask_ratio 0.7 --few_shot_ratio 0.1 --train_mode fine-tune --seed 5 --gpu 5 --finetune_type norm --log_dir few_shot_0.1_finetune --pretrain_weights_dir /data/hzy/lvm4-ts/IMTS/logs/activity/few_shot_0.1/pretrain_weights/Exp48735_VisionTS-B_hid_dim64_te_dim5_node_dim5_mask_ratio0.7_stride300.0_patchsize300.0_seed1_nlayer2_best.pth
Namespace(state='def', n=100000000, hop=1, nhead=1, tf_layer=1, nlayer=2, epoch=1000, patience=15, history=3000, patch_size=300.0, stride=300.0, logmode='a', lr=0.0001, w_decay=0.0, batch_size=64, load=None, seed=5, dataset='activity', log_dir='few_shot_0.1_finetune', pretrain_weights_dir='/data/hzy/lvm4-ts/IMTS/logs/activity/few_shot_0.1/pretrain_weights/Exp48735_VisionTS-B_hid_dim64_te_dim5_node_dim5_mask_ratio0.7_stride300.0_patchsize300.0_seed1_nlayer2_best.pth', quantization=0.0, model='VisionTS-B', mask_flag=False, hid_dim=64, te_dim=5, node_dim=5, gpu='5', log_suffix='', periodicity=None, mask_ratio=0.7, train_mode='fine-tune', TTT=False, ttt_iter=None, ttt_lr=None, apply_lora=False, lora_r=8, lora_alpha=1, lora_dropout=0.0, merge_weights=False, finetune_type='norm', encoder_only=False, few_shot_ratio=0.1, npatch=10, world_size=1, device=device(type='cuda'), ft_type='full', arch='mae_base', vm_pretrained=True, vm_ckpt='./ckpt/', interpolation='bilinear', norm_const=0.4, align_const=0.4, grid_method='linear', if_patch=True, pred_window=1000, npred_patch=4, ndim=12)
- Epoch 000, ExpID 84219
Train - Loss (one batch): 0.00178
Val - Loss, MSE, RMSE, MAE, MAPE: 0.00344, 0.00344, 0.05864, 0.03808, 10.00%
Test - Best epoch, Loss, MSE, RMSE, MAE, MAPE: 0, 0.00326, 0.00326, 0.05713, 0.03753, 8.90%
Time spent: 5.91s
- Epoch 001, ExpID 84219
Train - Loss (one batch): 0.00087
Val - Loss, MSE, RMSE, MAE, MAPE: 0.00332, 0.00332, 0.05764, 0.03544, 8.80%
Test - Best epoch, Loss, MSE, RMSE, MAE, MAPE: 1, 0.00315, 0.00315, 0.05610, 0.03498, 7.81%
Time spent: 5.34s
- Epoch 002, ExpID 84219
Train - Loss (one batch): 0.00061
Val - Loss, MSE, RMSE, MAE, MAPE: 0.00328, 0.00328, 0.05723, 0.03520, 8.96%
Test - Best epoch, Loss, MSE, RMSE, MAE, MAPE: 2, 0.00310, 0.00310, 0.05567, 0.03465, 7.95%
Time spent: 5.68s
- Epoch 003, ExpID 84219
Train - Loss (one batch): 0.00073
Val - Loss, MSE, RMSE, MAE, MAPE: 0.00327, 0.00327, 0.05716, 0.03461, 8.69%
Test - Best epoch, Loss, MSE, RMSE, MAE, MAPE: 3, 0.00309, 0.00309, 0.05556, 0.03405, 7.68%
Time spent: 5.37s
- Epoch 004, ExpID 84219
Train - Loss (one batch): 0.00657
Val - Loss, MSE, RMSE, MAE, MAPE: 0.00322, 0.00322, 0.05675, 0.03448, 8.84%
Test - Best epoch, Loss, MSE, RMSE, MAE, MAPE: 4, 0.00305, 0.00305, 0.05522, 0.03401, 7.83%
Time spent: 5.43s
- Epoch 005, ExpID 84219
Train - Loss (one batch): 0.00498
Val - Loss, MSE, RMSE, MAE, MAPE: 0.00322, 0.00322, 0.05677, 0.03483, 9.04%
Test - Best epoch, Loss, MSE, RMSE, MAE, MAPE: 4, 0.00305, 0.00305, 0.05522, 0.03401, 7.83%
Time spent: 3.45s
- Epoch 006, ExpID 84219
Train - Loss (one batch): 0.00157
Val - Loss, MSE, RMSE, MAE, MAPE: 0.00325, 0.00325, 0.05697, 0.03516, 8.93%
Test - Best epoch, Loss, MSE, RMSE, MAE, MAPE: 4, 0.00305, 0.00305, 0.05522, 0.03401, 7.83%
Time spent: 3.33s
- Epoch 007, ExpID 84219
Train - Loss (one batch): 0.00261
Val - Loss, MSE, RMSE, MAE, MAPE: 0.00325, 0.00325, 0.05697, 0.03553, 9.34%
Test - Best epoch, Loss, MSE, RMSE, MAE, MAPE: 4, 0.00305, 0.00305, 0.05522, 0.03401, 7.83%
Time spent: 3.44s
- Epoch 008, ExpID 84219
Train - Loss (one batch): 0.00334
Val - Loss, MSE, RMSE, MAE, MAPE: 0.00318, 0.00318, 0.05643, 0.03415, 8.73%
Test - Best epoch, Loss, MSE, RMSE, MAE, MAPE: 8, 0.00302, 0.00302, 0.05495, 0.03377, 7.72%
Time spent: 5.29s
- Epoch 009, ExpID 84219
Train - Loss (one batch): 0.00544
Val - Loss, MSE, RMSE, MAE, MAPE: 0.00318, 0.00318, 0.05641, 0.03399, 8.62%
Test - Best epoch, Loss, MSE, RMSE, MAE, MAPE: 9, 0.00302, 0.00302, 0.05492, 0.03357, 7.62%
Time spent: 5.29s
- Epoch 010, ExpID 84219
Train - Loss (one batch): 0.00335
Val - Loss, MSE, RMSE, MAE, MAPE: 0.00318, 0.00318, 0.05639, 0.03415, 8.63%
Test - Best epoch, Loss, MSE, RMSE, MAE, MAPE: 10, 0.00302, 0.00302, 0.05493, 0.03375, 7.64%
Time spent: 5.33s
- Epoch 011, ExpID 84219
Train - Loss (one batch): 0.00182
Val - Loss, MSE, RMSE, MAE, MAPE: 0.00315, 0.00315, 0.05614, 0.03401, 8.80%
Test - Best epoch, Loss, MSE, RMSE, MAE, MAPE: 11, 0.00299, 0.00299, 0.05469, 0.03359, 7.78%
Time spent: 5.33s
- Epoch 012, ExpID 84219
Train - Loss (one batch): 0.00028
Val - Loss, MSE, RMSE, MAE, MAPE: 0.00316, 0.00316, 0.05621, 0.03399, 8.61%
Test - Best epoch, Loss, MSE, RMSE, MAE, MAPE: 11, 0.00299, 0.00299, 0.05469, 0.03359, 7.78%
Time spent: 3.32s
- Epoch 013, ExpID 84219
Train - Loss (one batch): 0.00841
Val - Loss, MSE, RMSE, MAE, MAPE: 0.00314, 0.00314, 0.05603, 0.03378, 8.71%
Test - Best epoch, Loss, MSE, RMSE, MAE, MAPE: 13, 0.00298, 0.00298, 0.05458, 0.03334, 7.70%
Time spent: 5.24s
- Epoch 014, ExpID 84219
Train - Loss (one batch): 0.00597
Val - Loss, MSE, RMSE, MAE, MAPE: 0.00314, 0.00314, 0.05604, 0.03379, 8.68%
Test - Best epoch, Loss, MSE, RMSE, MAE, MAPE: 13, 0.00298, 0.00298, 0.05458, 0.03334, 7.70%
Time spent: 3.24s
- Epoch 015, ExpID 84219
Train - Loss (one batch): 0.00053
Val - Loss, MSE, RMSE, MAE, MAPE: 0.00313, 0.00313, 0.05595, 0.03353, 8.58%
Test - Best epoch, Loss, MSE, RMSE, MAE, MAPE: 15, 0.00296, 0.00296, 0.05444, 0.03303, 7.58%
Time spent: 5.84s
- Epoch 016, ExpID 84219
Train - Loss (one batch): 0.00455
Val - Loss, MSE, RMSE, MAE, MAPE: 0.00314, 0.00314, 0.05600, 0.03368, 8.52%
Test - Best epoch, Loss, MSE, RMSE, MAE, MAPE: 15, 0.00296, 0.00296, 0.05444, 0.03303, 7.58%
Time spent: 3.48s
- Epoch 017, ExpID 84219
Train - Loss (one batch): 0.00160
Val - Loss, MSE, RMSE, MAE, MAPE: 0.00316, 0.00316, 0.05620, 0.03465, 9.01%
Test - Best epoch, Loss, MSE, RMSE, MAE, MAPE: 15, 0.00296, 0.00296, 0.05444, 0.03303, 7.58%
Time spent: 3.73s
- Epoch 018, ExpID 84219
Train - Loss (one batch): 0.00062
Val - Loss, MSE, RMSE, MAE, MAPE: 0.00316, 0.00316, 0.05622, 0.03448, 8.64%
Test - Best epoch, Loss, MSE, RMSE, MAE, MAPE: 15, 0.00296, 0.00296, 0.05444, 0.03303, 7.58%
Time spent: 5.51s
- Epoch 019, ExpID 84219
Train - Loss (one batch): 0.00046
Val - Loss, MSE, RMSE, MAE, MAPE: 0.00315, 0.00315, 0.05616, 0.03470, 9.04%
Test - Best epoch, Loss, MSE, RMSE, MAE, MAPE: 15, 0.00296, 0.00296, 0.05444, 0.03303, 7.58%
Time spent: 6.12s
- Epoch 020, ExpID 84219
Train - Loss (one batch): 0.00275
Val - Loss, MSE, RMSE, MAE, MAPE: 0.00309, 0.00309, 0.05558, 0.03326, 8.50%
Test - Best epoch, Loss, MSE, RMSE, MAE, MAPE: 20, 0.00293, 0.00293, 0.05409, 0.03283, 7.52%
Time spent: 9.80s
- Epoch 021, ExpID 84219
Train - Loss (one batch): 0.00089
Val - Loss, MSE, RMSE, MAE, MAPE: 0.00309, 0.00309, 0.05555, 0.03316, 8.47%
Test - Best epoch, Loss, MSE, RMSE, MAE, MAPE: 21, 0.00292, 0.00292, 0.05406, 0.03271, 7.48%
Time spent: 9.82s
- Epoch 022, ExpID 84219
Train - Loss (one batch): 0.00260
Val - Loss, MSE, RMSE, MAE, MAPE: 0.00317, 0.00317, 0.05630, 0.03500, 9.05%
Test - Best epoch, Loss, MSE, RMSE, MAE, MAPE: 21, 0.00292, 0.00292, 0.05406, 0.03271, 7.48%
Time spent: 6.35s
- Epoch 023, ExpID 84219
Train - Loss (one batch): 0.00294
Val - Loss, MSE, RMSE, MAE, MAPE: 0.00308, 0.00308, 0.05554, 0.03353, 8.56%
Test - Best epoch, Loss, MSE, RMSE, MAE, MAPE: 23, 0.00293, 0.00293, 0.05411, 0.03318, 7.57%
Time spent: 10.22s
- Epoch 024, ExpID 84219
Train - Loss (one batch): 0.00164
Val - Loss, MSE, RMSE, MAE, MAPE: 0.00309, 0.00309, 0.05561, 0.03392, 8.90%
Test - Best epoch, Loss, MSE, RMSE, MAE, MAPE: 23, 0.00293, 0.00293, 0.05411, 0.03318, 7.57%
Time spent: 6.00s
- Epoch 025, ExpID 84219
Train - Loss (one batch): 0.00119
Val - Loss, MSE, RMSE, MAE, MAPE: 0.00307, 0.00307, 0.05545, 0.03361, 8.77%
Test - Best epoch, Loss, MSE, RMSE, MAE, MAPE: 25, 0.00292, 0.00292, 0.05401, 0.03320, 7.74%
Time spent: 9.36s
- Epoch 026, ExpID 84219
Train - Loss (one batch): 0.00081
Val - Loss, MSE, RMSE, MAE, MAPE: 0.00306, 0.00306, 0.05530, 0.03315, 8.58%
Test - Best epoch, Loss, MSE, RMSE, MAE, MAPE: 26, 0.00290, 0.00290, 0.05385, 0.03272, 7.57%
Time spent: 9.88s
- Epoch 027, ExpID 84219
Train - Loss (one batch): 0.00068
Val - Loss, MSE, RMSE, MAE, MAPE: 0.00307, 0.00307, 0.05536, 0.03295, 8.42%
Test - Best epoch, Loss, MSE, RMSE, MAE, MAPE: 26, 0.00290, 0.00290, 0.05385, 0.03272, 7.57%
Time spent: 5.89s
- Epoch 028, ExpID 84219
Train - Loss (one batch): 0.00178
Val - Loss, MSE, RMSE, MAE, MAPE: 0.00310, 0.00310, 0.05565, 0.03354, 8.61%
Test - Best epoch, Loss, MSE, RMSE, MAE, MAPE: 26, 0.00290, 0.00290, 0.05385, 0.03272, 7.57%
Time spent: 6.17s
- Epoch 029, ExpID 84219
Train - Loss (one batch): 0.00888
Val - Loss, MSE, RMSE, MAE, MAPE: 0.00307, 0.00307, 0.05538, 0.03304, 8.49%
Test - Best epoch, Loss, MSE, RMSE, MAE, MAPE: 26, 0.00290, 0.00290, 0.05385, 0.03272, 7.57%
Time spent: 6.11s
- Epoch 030, ExpID 84219
Train - Loss (one batch): 0.00014
Val - Loss, MSE, RMSE, MAE, MAPE: 0.00305, 0.00305, 0.05527, 0.03319, 8.56%
Test - Best epoch, Loss, MSE, RMSE, MAE, MAPE: 30, 0.00290, 0.00290, 0.05383, 0.03276, 7.55%
Time spent: 9.99s
- Epoch 031, ExpID 84219
Train - Loss (one batch): 0.00389
Val - Loss, MSE, RMSE, MAE, MAPE: 0.00308, 0.00308, 0.05548, 0.03370, 8.59%
Test - Best epoch, Loss, MSE, RMSE, MAE, MAPE: 30, 0.00290, 0.00290, 0.05383, 0.03276, 7.55%
Time spent: 6.08s
- Epoch 032, ExpID 84219
Train - Loss (one batch): 0.00211
Val - Loss, MSE, RMSE, MAE, MAPE: 0.00306, 0.00306, 0.05536, 0.03350, 8.72%
Test - Best epoch, Loss, MSE, RMSE, MAE, MAPE: 30, 0.00290, 0.00290, 0.05383, 0.03276, 7.55%
Time spent: 6.21s
- Epoch 033, ExpID 84219
Train - Loss (one batch): 0.00181
Val - Loss, MSE, RMSE, MAE, MAPE: 0.00305, 0.00305, 0.05525, 0.03309, 8.54%
Test - Best epoch, Loss, MSE, RMSE, MAE, MAPE: 33, 0.00290, 0.00290, 0.05381, 0.03263, 7.54%
Time spent: 9.65s
- Epoch 034, ExpID 84219
Train - Loss (one batch): 0.00195
Val - Loss, MSE, RMSE, MAE, MAPE: 0.00308, 0.00308, 0.05548, 0.03341, 8.60%
Test - Best epoch, Loss, MSE, RMSE, MAE, MAPE: 33, 0.00290, 0.00290, 0.05381, 0.03263, 7.54%
Time spent: 6.16s
- Epoch 035, ExpID 84219
Train - Loss (one batch): 0.00099
Val - Loss, MSE, RMSE, MAE, MAPE: 0.00309, 0.00309, 0.05561, 0.03336, 8.42%
Test - Best epoch, Loss, MSE, RMSE, MAE, MAPE: 33, 0.00290, 0.00290, 0.05381, 0.03263, 7.54%
Time spent: 6.01s
- Epoch 036, ExpID 84219
Train - Loss (one batch): 0.00480
Val - Loss, MSE, RMSE, MAE, MAPE: 0.00307, 0.00307, 0.05538, 0.03297, 8.38%
Test - Best epoch, Loss, MSE, RMSE, MAE, MAPE: 33, 0.00290, 0.00290, 0.05381, 0.03263, 7.54%
Time spent: 5.99s
- Epoch 037, ExpID 84219
Train - Loss (one batch): 0.00028
Val - Loss, MSE, RMSE, MAE, MAPE: 0.00305, 0.00305, 0.05521, 0.03288, 8.44%
Test - Best epoch, Loss, MSE, RMSE, MAE, MAPE: 37, 0.00289, 0.00289, 0.05377, 0.03242, 7.45%
Time spent: 10.01s
- Epoch 038, ExpID 84219
Train - Loss (one batch): 0.00566
Val - Loss, MSE, RMSE, MAE, MAPE: 0.00309, 0.00309, 0.05561, 0.03372, 8.47%
Test - Best epoch, Loss, MSE, RMSE, MAE, MAPE: 37, 0.00289, 0.00289, 0.05377, 0.03242, 7.45%
Time spent: 6.25s
- Epoch 039, ExpID 84219
Train - Loss (one batch): 0.00485
Val - Loss, MSE, RMSE, MAE, MAPE: 0.00320, 0.00320, 0.05656, 0.03600, 9.43%
Test - Best epoch, Loss, MSE, RMSE, MAE, MAPE: 37, 0.00289, 0.00289, 0.05377, 0.03242, 7.45%
Time spent: 6.16s
- Epoch 040, ExpID 84219
Train - Loss (one batch): 0.00134
Val - Loss, MSE, RMSE, MAE, MAPE: 0.00321, 0.00321, 0.05668, 0.03576, 8.77%
Test - Best epoch, Loss, MSE, RMSE, MAE, MAPE: 37, 0.00289, 0.00289, 0.05377, 0.03242, 7.45%
Time spent: 6.09s
- Epoch 041, ExpID 84219
Train - Loss (one batch): 0.00254
Val - Loss, MSE, RMSE, MAE, MAPE: 0.00342, 0.00342, 0.05849, 0.03925, 10.22%
Test - Best epoch, Loss, MSE, RMSE, MAE, MAPE: 37, 0.00289, 0.00289, 0.05377, 0.03242, 7.45%
Time spent: 5.94s
- Epoch 042, ExpID 84219
Train - Loss (one batch): 0.00388
Val - Loss, MSE, RMSE, MAE, MAPE: 0.00375, 0.00375, 0.06125, 0.04251, 9.83%
Test - Best epoch, Loss, MSE, RMSE, MAE, MAPE: 37, 0.00289, 0.00289, 0.05377, 0.03242, 7.45%
Time spent: 6.20s
- Epoch 043, ExpID 84219
Train - Loss (one batch): 0.00977
Val - Loss, MSE, RMSE, MAE, MAPE: 0.00339, 0.00339, 0.05827, 0.03886, 10.04%
Test - Best epoch, Loss, MSE, RMSE, MAE, MAPE: 37, 0.00289, 0.00289, 0.05377, 0.03242, 7.45%
Time spent: 6.27s
- Epoch 044, ExpID 84219
Train - Loss (one batch): 0.00703
Val - Loss, MSE, RMSE, MAE, MAPE: 0.00307, 0.00307, 0.05544, 0.03395, 8.85%
Test - Best epoch, Loss, MSE, RMSE, MAE, MAPE: 37, 0.00289, 0.00289, 0.05377, 0.03242, 7.45%
Time spent: 6.13s
- Epoch 045, ExpID 84219
Train - Loss (one batch): 0.00342
Val - Loss, MSE, RMSE, MAE, MAPE: 0.00322, 0.00322, 0.05673, 0.03594, 8.77%
Test - Best epoch, Loss, MSE, RMSE, MAE, MAPE: 37, 0.00289, 0.00289, 0.05377, 0.03242, 7.45%
Time spent: 6.05s
- Epoch 046, ExpID 84219
Train - Loss (one batch): 0.00358
Val - Loss, MSE, RMSE, MAE, MAPE: 0.00323, 0.00323, 0.05686, 0.03658, 9.55%
Test - Best epoch, Loss, MSE, RMSE, MAE, MAPE: 37, 0.00289, 0.00289, 0.05377, 0.03242, 7.45%
Time spent: 6.02s
- Epoch 047, ExpID 84219
Train - Loss (one batch): 0.00086
Val - Loss, MSE, RMSE, MAE, MAPE: 0.00315, 0.00315, 0.05612, 0.03490, 8.62%
Test - Best epoch, Loss, MSE, RMSE, MAE, MAPE: 37, 0.00289, 0.00289, 0.05377, 0.03242, 7.45%
Time spent: 5.84s
- Epoch 048, ExpID 84219
Train - Loss (one batch): 0.00522
Val - Loss, MSE, RMSE, MAE, MAPE: 0.00308, 0.00308, 0.05550, 0.03395, 8.79%
Test - Best epoch, Loss, MSE, RMSE, MAE, MAPE: 37, 0.00289, 0.00289, 0.05377, 0.03242, 7.45%
Time spent: 5.88s
- Epoch 049, ExpID 84219
Train - Loss (one batch): 0.00360
Val - Loss, MSE, RMSE, MAE, MAPE: 0.00308, 0.00308, 0.05552, 0.03351, 8.42%
Test - Best epoch, Loss, MSE, RMSE, MAE, MAPE: 37, 0.00289, 0.00289, 0.05377, 0.03242, 7.45%
Time spent: 6.09s
- Epoch 050, ExpID 84219
Train - Loss (one batch): 0.00020
Val - Loss, MSE, RMSE, MAE, MAPE: 0.00305, 0.00305, 0.05520, 0.03302, 8.46%
Test - Best epoch, Loss, MSE, RMSE, MAE, MAPE: 50, 0.00289, 0.00289, 0.05377, 0.03254, 7.48%
Time spent: 9.72s
- Epoch 051, ExpID 84219
Train - Loss (one batch): 0.00373
Val - Loss, MSE, RMSE, MAE, MAPE: 0.00304, 0.00304, 0.05514, 0.03289, 8.37%
Test - Best epoch, Loss, MSE, RMSE, MAE, MAPE: 51, 0.00288, 0.00288, 0.05371, 0.03241, 7.39%
Time spent: 9.64s
- Epoch 052, ExpID 84219
Train - Loss (one batch): 0.00304
Val - Loss, MSE, RMSE, MAE, MAPE: 0.00303, 0.00303, 0.05503, 0.03283, 8.45%
Test - Best epoch, Loss, MSE, RMSE, MAE, MAPE: 52, 0.00287, 0.00287, 0.05361, 0.03236, 7.45%
Time spent: 9.98s
- Epoch 053, ExpID 84219
Train - Loss (one batch): 0.00072
Val - Loss, MSE, RMSE, MAE, MAPE: 0.00303, 0.00303, 0.05506, 0.03301, 8.55%
Test - Best epoch, Loss, MSE, RMSE, MAE, MAPE: 52, 0.00287, 0.00287, 0.05361, 0.03236, 7.45%
Time spent: 6.12s
- Epoch 054, ExpID 84219
Train - Loss (one batch): 0.00125
Val - Loss, MSE, RMSE, MAE, MAPE: 0.00302, 0.00302, 0.05495, 0.03283, 8.47%
Test - Best epoch, Loss, MSE, RMSE, MAE, MAPE: 54, 0.00287, 0.00287, 0.05355, 0.03239, 7.47%
Time spent: 9.77s
- Epoch 055, ExpID 84219
Train - Loss (one batch): 0.00383
Val - Loss, MSE, RMSE, MAE, MAPE: 0.00302, 0.00302, 0.05496, 0.03287, 8.52%
Test - Best epoch, Loss, MSE, RMSE, MAE, MAPE: 54, 0.00287, 0.00287, 0.05355, 0.03239, 7.47%
Time spent: 6.11s
- Epoch 056, ExpID 84219
Train - Loss (one batch): 0.00028
Val - Loss, MSE, RMSE, MAE, MAPE: 0.00305, 0.00305, 0.05522, 0.03339, 8.47%
Test - Best epoch, Loss, MSE, RMSE, MAE, MAPE: 54, 0.00287, 0.00287, 0.05355, 0.03239, 7.47%
Time spent: 6.61s
- Epoch 057, ExpID 84219
Train - Loss (one batch): 0.00668
Val - Loss, MSE, RMSE, MAE, MAPE: 0.00312, 0.00312, 0.05589, 0.03481, 9.11%
Test - Best epoch, Loss, MSE, RMSE, MAE, MAPE: 54, 0.00287, 0.00287, 0.05355, 0.03239, 7.47%
Time spent: 6.18s
- Epoch 058, ExpID 84219
Train - Loss (one batch): 0.00079
Val - Loss, MSE, RMSE, MAE, MAPE: 0.00311, 0.00311, 0.05574, 0.03439, 8.60%
Test - Best epoch, Loss, MSE, RMSE, MAE, MAPE: 54, 0.00287, 0.00287, 0.05355, 0.03239, 7.47%
Time spent: 6.31s
- Epoch 059, ExpID 84219
Train - Loss (one batch): 0.00983
Val - Loss, MSE, RMSE, MAE, MAPE: 0.00305, 0.00305, 0.05521, 0.03360, 8.79%
Test - Best epoch, Loss, MSE, RMSE, MAE, MAPE: 54, 0.00287, 0.00287, 0.05355, 0.03239, 7.47%
Time spent: 6.10s
- Epoch 060, ExpID 84219
Train - Loss (one batch): 0.00253
Val - Loss, MSE, RMSE, MAE, MAPE: 0.00306, 0.00306, 0.05529, 0.03341, 8.43%
Test - Best epoch, Loss, MSE, RMSE, MAE, MAPE: 54, 0.00287, 0.00287, 0.05355, 0.03239, 7.47%
Time spent: 6.25s
- Epoch 061, ExpID 84219
Train - Loss (one batch): 0.00596
Val - Loss, MSE, RMSE, MAE, MAPE: 0.00304, 0.00304, 0.05512, 0.03297, 8.36%
Test - Best epoch, Loss, MSE, RMSE, MAE, MAPE: 54, 0.00287, 0.00287, 0.05355, 0.03239, 7.47%
Time spent: 6.09s
- Epoch 062, ExpID 84219
Train - Loss (one batch): 0.00114
Val - Loss, MSE, RMSE, MAE, MAPE: 0.00303, 0.00303, 0.05505, 0.03300, 8.53%
Test - Best epoch, Loss, MSE, RMSE, MAE, MAPE: 54, 0.00287, 0.00287, 0.05355, 0.03239, 7.47%
Time spent: 5.89s
- Epoch 063, ExpID 84219
Train - Loss (one batch): 0.00464
Val - Loss, MSE, RMSE, MAE, MAPE: 0.00302, 0.00302, 0.05496, 0.03289, 8.49%
Test - Best epoch, Loss, MSE, RMSE, MAE, MAPE: 54, 0.00287, 0.00287, 0.05355, 0.03239, 7.47%
Time spent: 6.15s
- Epoch 064, ExpID 84219
Train - Loss (one batch): 0.00193
Val - Loss, MSE, RMSE, MAE, MAPE: 0.00302, 0.00302, 0.05499, 0.03292, 8.38%
Test - Best epoch, Loss, MSE, RMSE, MAE, MAPE: 54, 0.00287, 0.00287, 0.05355, 0.03239, 7.47%
Time spent: 6.11s
- Epoch 065, ExpID 84219
Train - Loss (one batch): 0.00237
Val - Loss, MSE, RMSE, MAE, MAPE: 0.00302, 0.00302, 0.05491, 0.03275, 8.38%
Test - Best epoch, Loss, MSE, RMSE, MAE, MAPE: 65, 0.00287, 0.00287, 0.05354, 0.03235, 7.41%
Time spent: 9.45s
- Epoch 066, ExpID 84219
Train - Loss (one batch): 0.00088
Val - Loss, MSE, RMSE, MAE, MAPE: 0.00304, 0.00304, 0.05512, 0.03317, 8.56%
Test - Best epoch, Loss, MSE, RMSE, MAE, MAPE: 65, 0.00287, 0.00287, 0.05354, 0.03235, 7.41%
Time spent: 6.27s
- Epoch 067, ExpID 84219
Train - Loss (one batch): 0.00107
Val - Loss, MSE, RMSE, MAE, MAPE: 0.00304, 0.00304, 0.05516, 0.03303, 8.33%
Test - Best epoch, Loss, MSE, RMSE, MAE, MAPE: 65, 0.00287, 0.00287, 0.05354, 0.03235, 7.41%
Time spent: 6.12s
- Epoch 068, ExpID 84219
Train - Loss (one batch): 0.00073
Val - Loss, MSE, RMSE, MAE, MAPE: 0.00301, 0.00301, 0.05490, 0.03277, 8.45%
Test - Best epoch, Loss, MSE, RMSE, MAE, MAPE: 68, 0.00287, 0.00287, 0.05355, 0.03237, 7.47%
Time spent: 10.12s
- Epoch 069, ExpID 84219
Train - Loss (one batch): 0.00129
Val - Loss, MSE, RMSE, MAE, MAPE: 0.00301, 0.00301, 0.05483, 0.03269, 8.43%
Test - Best epoch, Loss, MSE, RMSE, MAE, MAPE: 69, 0.00286, 0.00286, 0.05347, 0.03228, 7.45%
Time spent: 9.85s
- Epoch 070, ExpID 84219
Train - Loss (one batch): 0.00863
Val - Loss, MSE, RMSE, MAE, MAPE: 0.00300, 0.00300, 0.05480, 0.03264, 8.41%
Test - Best epoch, Loss, MSE, RMSE, MAE, MAPE: 70, 0.00286, 0.00286, 0.05344, 0.03224, 7.42%
Time spent: 10.12s
- Epoch 071, ExpID 84219
Train - Loss (one batch): 0.00469
Val - Loss, MSE, RMSE, MAE, MAPE: 0.00307, 0.00307, 0.05543, 0.03400, 8.86%
Test - Best epoch, Loss, MSE, RMSE, MAE, MAPE: 70, 0.00286, 0.00286, 0.05344, 0.03224, 7.42%
Time spent: 6.19s
- Epoch 072, ExpID 84219
Train - Loss (one batch): 0.00207
Val - Loss, MSE, RMSE, MAE, MAPE: 0.00302, 0.00302, 0.05496, 0.03295, 8.38%
Test - Best epoch, Loss, MSE, RMSE, MAE, MAPE: 70, 0.00286, 0.00286, 0.05344, 0.03224, 7.42%
Time spent: 6.15s
- Epoch 073, ExpID 84219
Train - Loss (one batch): 0.00583
Val - Loss, MSE, RMSE, MAE, MAPE: 0.00301, 0.00301, 0.05488, 0.03299, 8.44%
Test - Best epoch, Loss, MSE, RMSE, MAE, MAPE: 70, 0.00286, 0.00286, 0.05344, 0.03224, 7.42%
Time spent: 5.72s
- Epoch 074, ExpID 84219
Train - Loss (one batch): 0.00640
Val - Loss, MSE, RMSE, MAE, MAPE: 0.00301, 0.00301, 0.05489, 0.03319, 8.64%
Test - Best epoch, Loss, MSE, RMSE, MAE, MAPE: 70, 0.00286, 0.00286, 0.05344, 0.03224, 7.42%
Time spent: 6.28s
- Epoch 075, ExpID 84219
Train - Loss (one batch): 0.00015
Val - Loss, MSE, RMSE, MAE, MAPE: 0.00301, 0.00301, 0.05485, 0.03290, 8.39%
Test - Best epoch, Loss, MSE, RMSE, MAE, MAPE: 70, 0.00286, 0.00286, 0.05344, 0.03224, 7.42%
Time spent: 5.98s
- Epoch 076, ExpID 84219
Train - Loss (one batch): 0.00567
Val - Loss, MSE, RMSE, MAE, MAPE: 0.00300, 0.00300, 0.05482, 0.03266, 8.37%
Test - Best epoch, Loss, MSE, RMSE, MAE, MAPE: 70, 0.00286, 0.00286, 0.05344, 0.03224, 7.42%
Time spent: 6.28s
- Epoch 077, ExpID 84219
Train - Loss (one batch): 0.00306
Val - Loss, MSE, RMSE, MAE, MAPE: 0.00300, 0.00300, 0.05479, 0.03268, 8.40%
Test - Best epoch, Loss, MSE, RMSE, MAE, MAPE: 77, 0.00286, 0.00286, 0.05346, 0.03231, 7.42%
Time spent: 9.92s
- Epoch 078, ExpID 84219
Train - Loss (one batch): 0.00338
Val - Loss, MSE, RMSE, MAE, MAPE: 0.00300, 0.00300, 0.05478, 0.03276, 8.40%
Test - Best epoch, Loss, MSE, RMSE, MAE, MAPE: 78, 0.00286, 0.00286, 0.05347, 0.03241, 7.43%
Time spent: 9.72s
- Epoch 079, ExpID 84219
Train - Loss (one batch): 0.00701
Val - Loss, MSE, RMSE, MAE, MAPE: 0.00307, 0.00307, 0.05540, 0.03409, 8.93%
Test - Best epoch, Loss, MSE, RMSE, MAE, MAPE: 78, 0.00286, 0.00286, 0.05347, 0.03241, 7.43%
Time spent: 6.58s
- Epoch 080, ExpID 84219
Train - Loss (one batch): 0.00038
Val - Loss, MSE, RMSE, MAE, MAPE: 0.00302, 0.00302, 0.05494, 0.03339, 8.57%
Test - Best epoch, Loss, MSE, RMSE, MAE, MAPE: 78, 0.00286, 0.00286, 0.05347, 0.03241, 7.43%
Time spent: 5.75s
- Epoch 081, ExpID 84219
Train - Loss (one batch): 0.00092
Val - Loss, MSE, RMSE, MAE, MAPE: 0.00301, 0.00301, 0.05488, 0.03327, 8.73%
Test - Best epoch, Loss, MSE, RMSE, MAE, MAPE: 78, 0.00286, 0.00286, 0.05347, 0.03241, 7.43%
Time spent: 5.57s
- Epoch 082, ExpID 84219
Train - Loss (one batch): 0.00666
Val - Loss, MSE, RMSE, MAE, MAPE: 0.00301, 0.00301, 0.05491, 0.03301, 8.43%
Test - Best epoch, Loss, MSE, RMSE, MAE, MAPE: 78, 0.00286, 0.00286, 0.05347, 0.03241, 7.43%
Time spent: 5.98s
- Epoch 083, ExpID 84219
Train - Loss (one batch): 0.00110
Val - Loss, MSE, RMSE, MAE, MAPE: 0.00302, 0.00302, 0.05494, 0.03295, 8.51%
Test - Best epoch, Loss, MSE, RMSE, MAE, MAPE: 78, 0.00286, 0.00286, 0.05347, 0.03241, 7.43%
Time spent: 6.01s
- Epoch 084, ExpID 84219
Train - Loss (one batch): 0.01008
Val - Loss, MSE, RMSE, MAE, MAPE: 0.00302, 0.00302, 0.05494, 0.03297, 8.53%
Test - Best epoch, Loss, MSE, RMSE, MAE, MAPE: 78, 0.00286, 0.00286, 0.05347, 0.03241, 7.43%
Time spent: 6.13s
- Epoch 085, ExpID 84219
Train - Loss (one batch): 0.01013
Val - Loss, MSE, RMSE, MAE, MAPE: 0.00302, 0.00302, 0.05500, 0.03330, 8.68%
Test - Best epoch, Loss, MSE, RMSE, MAE, MAPE: 78, 0.00286, 0.00286, 0.05347, 0.03241, 7.43%
Time spent: 5.97s
- Epoch 086, ExpID 84219
Train - Loss (one batch): 0.00557
Val - Loss, MSE, RMSE, MAE, MAPE: 0.00304, 0.00304, 0.05510, 0.03370, 8.54%
Test - Best epoch, Loss, MSE, RMSE, MAE, MAPE: 78, 0.00286, 0.00286, 0.05347, 0.03241, 7.43%
Time spent: 6.21s
- Epoch 087, ExpID 84219
Train - Loss (one batch): 0.00189
Val - Loss, MSE, RMSE, MAE, MAPE: 0.00301, 0.00301, 0.05486, 0.03315, 8.56%
Test - Best epoch, Loss, MSE, RMSE, MAE, MAPE: 78, 0.00286, 0.00286, 0.05347, 0.03241, 7.43%
Time spent: 6.02s
- Epoch 088, ExpID 84219
Train - Loss (one batch): 0.01157
Val - Loss, MSE, RMSE, MAE, MAPE: 0.00329, 0.00329, 0.05737, 0.03705, 8.91%
Test - Best epoch, Loss, MSE, RMSE, MAE, MAPE: 78, 0.00286, 0.00286, 0.05347, 0.03241, 7.43%
Time spent: 6.12s
- Epoch 089, ExpID 84219
Train - Loss (one batch): 0.00442
Val - Loss, MSE, RMSE, MAE, MAPE: 0.00314, 0.00314, 0.05600, 0.03519, 9.08%
Test - Best epoch, Loss, MSE, RMSE, MAE, MAPE: 78, 0.00286, 0.00286, 0.05347, 0.03241, 7.43%
Time spent: 6.19s
- Epoch 090, ExpID 84219
Train - Loss (one batch): 0.00066
Val - Loss, MSE, RMSE, MAE, MAPE: 0.00301, 0.00301, 0.05487, 0.03280, 8.36%
Test - Best epoch, Loss, MSE, RMSE, MAE, MAPE: 78, 0.00286, 0.00286, 0.05347, 0.03241, 7.43%
Time spent: 6.28s
- Epoch 091, ExpID 84219
Train - Loss (one batch): 0.00386
Val - Loss, MSE, RMSE, MAE, MAPE: 0.00304, 0.00304, 0.05517, 0.03337, 8.39%
Test - Best epoch, Loss, MSE, RMSE, MAE, MAPE: 78, 0.00286, 0.00286, 0.05347, 0.03241, 7.43%
Time spent: 6.09s
- Epoch 092, ExpID 84219
Train - Loss (one batch): 0.00279
Val - Loss, MSE, RMSE, MAE, MAPE: 0.00313, 0.00313, 0.05596, 0.03527, 9.26%
Test - Best epoch, Loss, MSE, RMSE, MAE, MAPE: 78, 0.00286, 0.00286, 0.05347, 0.03241, 7.43%
Time spent: 6.23s
- Epoch 093, ExpID 84219
Train - Loss (one batch): 0.00387
Val - Loss, MSE, RMSE, MAE, MAPE: 0.00323, 0.00323, 0.05685, 0.03627, 8.79%
Test - Best epoch, Loss, MSE, RMSE, MAE, MAPE: 78, 0.00286, 0.00286, 0.05347, 0.03241, 7.43%
Time spent: 6.15s
