/data/hzy/lvm4-ts/IMTS/run_models.py
2025-01-20 08:09:34
run_models.py --model VisionTS-B --dataset activity --state def --history 3000 --patience 15 --batch_size 64 --lr 1e-4 --patch_size 300 --stride 300 --nhead 1 --tf_layer 1 --nlayer 2 --te_dim 5 --node_dim 5 --hid_dim 64 --mask_ratio 0.7 --train_mode fine-tune --pretrain_weights_dir /data/hzy/lvm4-ts/IMTS/logs/activity/Hyper_mask_ratio_pretrain/pretrain_weights/Exp51126_VisionTS-B_hid_dim64_te_dim5_node_dim5_mask_ratio0.7_stride300.0_patchsize300.0_seed1_nlayer2_best.pth --seed 4 --gpu 6 --finetune_type norm --log_dir Ablation_ln_finetune
Namespace(state='def', n=100000000, hop=1, nhead=1, tf_layer=1, nlayer=2, epoch=1000, patience=15, history=3000, patch_size=300.0, stride=300.0, logmode='a', lr=0.0001, w_decay=0.0, batch_size=64, load=None, seed=4, dataset='activity', log_dir='Ablation_ln_finetune', pretrain_weights_dir='/data/hzy/lvm4-ts/IMTS/logs/activity/Hyper_mask_ratio_pretrain/pretrain_weights/Exp51126_VisionTS-B_hid_dim64_te_dim5_node_dim5_mask_ratio0.7_stride300.0_patchsize300.0_seed1_nlayer2_best.pth', quantization=0.0, model='VisionTS-B', mask_flag=False, hid_dim=64, te_dim=5, node_dim=5, gpu='6', log_suffix='', periodicity=None, mask_ratio=0.7, train_mode='fine-tune', TTT=False, ttt_iter=None, ttt_lr=None, apply_lora=False, lora_r=8, lora_alpha=1, lora_dropout=0.0, merge_weights=False, finetune_type='norm', encoder_only=False, npatch=10, world_size=1, device=device(type='cuda'), ft_type='full', arch='mae_base', vm_pretrained=True, vm_ckpt='./ckpt/', interpolation='bilinear', norm_const=0.4, align_const=0.4, grid_method='linear', if_patch=True, pred_window=1000, npred_patch=4, ndim=12)
- Epoch 000, ExpID 49999
Train - Loss (one batch): 0.00259
Val - Loss, MSE, RMSE, MAE, MAPE: 0.00281, 0.00281, 0.05302, 0.03143, 8.19%
Test - Best epoch, Loss, MSE, RMSE, MAE, MAPE: 0, 0.00272, 0.00272, 0.05212, 0.03130, 7.22%
Time spent: 46.04s
- Epoch 001, ExpID 49999
Train - Loss (one batch): 0.00206
Val - Loss, MSE, RMSE, MAE, MAPE: 0.00283, 0.00283, 0.05316, 0.03184, 8.38%
Test - Best epoch, Loss, MSE, RMSE, MAE, MAPE: 0, 0.00272, 0.00272, 0.05212, 0.03130, 7.22%
Time spent: 41.97s
- Epoch 002, ExpID 49999
Train - Loss (one batch): 0.00222
Val - Loss, MSE, RMSE, MAE, MAPE: 0.00279, 0.00279, 0.05287, 0.03143, 8.15%
Test - Best epoch, Loss, MSE, RMSE, MAE, MAPE: 2, 0.00270, 0.00270, 0.05199, 0.03131, 7.19%
Time spent: 46.06s
- Epoch 003, ExpID 49999
Train - Loss (one batch): 0.00285
Val - Loss, MSE, RMSE, MAE, MAPE: 0.00281, 0.00281, 0.05300, 0.03167, 8.31%
Test - Best epoch, Loss, MSE, RMSE, MAE, MAPE: 2, 0.00270, 0.00270, 0.05199, 0.03131, 7.19%
Time spent: 42.90s
- Epoch 004, ExpID 49999
Train - Loss (one batch): 0.00268
Val - Loss, MSE, RMSE, MAE, MAPE: 0.00278, 0.00278, 0.05276, 0.03132, 8.16%
Test - Best epoch, Loss, MSE, RMSE, MAE, MAPE: 4, 0.00269, 0.00269, 0.05188, 0.03118, 7.19%
Time spent: 45.98s
- Epoch 005, ExpID 49999
Train - Loss (one batch): 0.00293
Val - Loss, MSE, RMSE, MAE, MAPE: 0.00283, 0.00283, 0.05318, 0.03223, 8.51%
Test - Best epoch, Loss, MSE, RMSE, MAE, MAPE: 4, 0.00269, 0.00269, 0.05188, 0.03118, 7.19%
Time spent: 42.22s
- Epoch 006, ExpID 49999
Train - Loss (one batch): 0.00274
Val - Loss, MSE, RMSE, MAE, MAPE: 0.00278, 0.00278, 0.05274, 0.03130, 8.18%
Test - Best epoch, Loss, MSE, RMSE, MAE, MAPE: 6, 0.00269, 0.00269, 0.05187, 0.03116, 7.21%
Time spent: 45.51s
- Epoch 007, ExpID 49999
Train - Loss (one batch): 0.00245
Val - Loss, MSE, RMSE, MAE, MAPE: 0.00278, 0.00278, 0.05274, 0.03143, 8.14%
Test - Best epoch, Loss, MSE, RMSE, MAE, MAPE: 7, 0.00270, 0.00270, 0.05193, 0.03138, 7.19%
Time spent: 45.88s
- Epoch 008, ExpID 49999
Train - Loss (one batch): 0.00277
Val - Loss, MSE, RMSE, MAE, MAPE: 0.00278, 0.00278, 0.05270, 0.03120, 8.14%
Test - Best epoch, Loss, MSE, RMSE, MAE, MAPE: 8, 0.00269, 0.00269, 0.05185, 0.03109, 7.18%
Time spent: 46.93s
- Epoch 009, ExpID 49999
Train - Loss (one batch): 0.00249
Val - Loss, MSE, RMSE, MAE, MAPE: 0.00277, 0.00277, 0.05267, 0.03118, 8.14%
Test - Best epoch, Loss, MSE, RMSE, MAE, MAPE: 9, 0.00268, 0.00268, 0.05181, 0.03106, 7.17%
Time spent: 45.55s
- Epoch 010, ExpID 49999
Train - Loss (one batch): 0.00300
Val - Loss, MSE, RMSE, MAE, MAPE: 0.00277, 0.00277, 0.05267, 0.03117, 8.13%
Test - Best epoch, Loss, MSE, RMSE, MAE, MAPE: 10, 0.00268, 0.00268, 0.05181, 0.03104, 7.17%
Time spent: 45.69s
- Epoch 011, ExpID 49999
Train - Loss (one batch): 0.00251
Val - Loss, MSE, RMSE, MAE, MAPE: 0.00277, 0.00277, 0.05266, 0.03127, 8.08%
Test - Best epoch, Loss, MSE, RMSE, MAE, MAPE: 11, 0.00269, 0.00269, 0.05185, 0.03120, 7.14%
Time spent: 46.16s
- Epoch 012, ExpID 49999
Train - Loss (one batch): 0.00276
Val - Loss, MSE, RMSE, MAE, MAPE: 0.00278, 0.00278, 0.05272, 0.03127, 8.14%
Test - Best epoch, Loss, MSE, RMSE, MAE, MAPE: 11, 0.00269, 0.00269, 0.05185, 0.03120, 7.14%
Time spent: 41.82s
- Epoch 013, ExpID 49999
Train - Loss (one batch): 0.00259
Val - Loss, MSE, RMSE, MAE, MAPE: 0.00277, 0.00277, 0.05264, 0.03126, 8.09%
Test - Best epoch, Loss, MSE, RMSE, MAE, MAPE: 13, 0.00269, 0.00269, 0.05185, 0.03120, 7.15%
Time spent: 46.62s
- Epoch 014, ExpID 49999
Train - Loss (one batch): 0.00364
Val - Loss, MSE, RMSE, MAE, MAPE: 0.00277, 0.00277, 0.05263, 0.03123, 8.18%
Test - Best epoch, Loss, MSE, RMSE, MAE, MAPE: 14, 0.00268, 0.00268, 0.05177, 0.03111, 7.20%
Time spent: 45.34s
- Epoch 015, ExpID 49999
Train - Loss (one batch): 0.00297
Val - Loss, MSE, RMSE, MAE, MAPE: 0.00276, 0.00276, 0.05258, 0.03113, 8.09%
Test - Best epoch, Loss, MSE, RMSE, MAE, MAPE: 15, 0.00268, 0.00268, 0.05177, 0.03106, 7.14%
Time spent: 45.91s
- Epoch 016, ExpID 49999
Train - Loss (one batch): 0.00239
Val - Loss, MSE, RMSE, MAE, MAPE: 0.00278, 0.00278, 0.05268, 0.03141, 8.28%
Test - Best epoch, Loss, MSE, RMSE, MAE, MAPE: 15, 0.00268, 0.00268, 0.05177, 0.03106, 7.14%
Time spent: 42.07s
- Epoch 017, ExpID 49999
Train - Loss (one batch): 0.00253
Val - Loss, MSE, RMSE, MAE, MAPE: 0.00278, 0.00278, 0.05269, 0.03144, 8.11%
Test - Best epoch, Loss, MSE, RMSE, MAE, MAPE: 15, 0.00268, 0.00268, 0.05177, 0.03106, 7.14%
Time spent: 41.79s
- Epoch 018, ExpID 49999
Train - Loss (one batch): 0.00259
Val - Loss, MSE, RMSE, MAE, MAPE: 0.00278, 0.00278, 0.05274, 0.03147, 8.27%
Test - Best epoch, Loss, MSE, RMSE, MAE, MAPE: 15, 0.00268, 0.00268, 0.05177, 0.03106, 7.14%
Time spent: 41.69s
- Epoch 019, ExpID 49999
Train - Loss (one batch): 0.00211
Val - Loss, MSE, RMSE, MAE, MAPE: 0.00277, 0.00277, 0.05261, 0.03105, 8.08%
Test - Best epoch, Loss, MSE, RMSE, MAE, MAPE: 15, 0.00268, 0.00268, 0.05177, 0.03106, 7.14%
Time spent: 41.91s
- Epoch 020, ExpID 49999
Train - Loss (one batch): 0.00222
Val - Loss, MSE, RMSE, MAE, MAPE: 0.00281, 0.00281, 0.05304, 0.03206, 8.49%
Test - Best epoch, Loss, MSE, RMSE, MAE, MAPE: 15, 0.00268, 0.00268, 0.05177, 0.03106, 7.14%
Time spent: 41.94s
- Epoch 021, ExpID 49999
Train - Loss (one batch): 0.00224
Val - Loss, MSE, RMSE, MAE, MAPE: 0.00277, 0.00277, 0.05262, 0.03101, 8.04%
Test - Best epoch, Loss, MSE, RMSE, MAE, MAPE: 15, 0.00268, 0.00268, 0.05177, 0.03106, 7.14%
Time spent: 42.22s
- Epoch 022, ExpID 49999
Train - Loss (one batch): 0.00275
Val - Loss, MSE, RMSE, MAE, MAPE: 0.00280, 0.00280, 0.05291, 0.03186, 8.34%
Test - Best epoch, Loss, MSE, RMSE, MAE, MAPE: 15, 0.00268, 0.00268, 0.05177, 0.03106, 7.14%
Time spent: 42.75s
- Epoch 023, ExpID 49999
Train - Loss (one batch): 0.00304
Val - Loss, MSE, RMSE, MAE, MAPE: 0.00277, 0.00277, 0.05259, 0.03134, 8.13%
Test - Best epoch, Loss, MSE, RMSE, MAE, MAPE: 15, 0.00268, 0.00268, 0.05177, 0.03106, 7.14%
Time spent: 42.05s
- Epoch 024, ExpID 49999
Train - Loss (one batch): 0.00198
Val - Loss, MSE, RMSE, MAE, MAPE: 0.00276, 0.00276, 0.05252, 0.03117, 8.09%
Test - Best epoch, Loss, MSE, RMSE, MAE, MAPE: 24, 0.00268, 0.00268, 0.05175, 0.03117, 7.15%
Time spent: 46.66s
- Epoch 025, ExpID 49999
Train - Loss (one batch): 0.00262
Val - Loss, MSE, RMSE, MAE, MAPE: 0.00280, 0.00280, 0.05296, 0.03191, 8.39%
Test - Best epoch, Loss, MSE, RMSE, MAE, MAPE: 24, 0.00268, 0.00268, 0.05175, 0.03117, 7.15%
Time spent: 42.19s
- Epoch 026, ExpID 49999
Train - Loss (one batch): 0.00230
Val - Loss, MSE, RMSE, MAE, MAPE: 0.00277, 0.00277, 0.05264, 0.03121, 8.20%
Test - Best epoch, Loss, MSE, RMSE, MAE, MAPE: 24, 0.00268, 0.00268, 0.05175, 0.03117, 7.15%
Time spent: 42.17s
- Epoch 027, ExpID 49999
Train - Loss (one batch): 0.00202
Val - Loss, MSE, RMSE, MAE, MAPE: 0.00277, 0.00277, 0.05258, 0.03097, 8.02%
Test - Best epoch, Loss, MSE, RMSE, MAE, MAPE: 24, 0.00268, 0.00268, 0.05175, 0.03117, 7.15%
Time spent: 42.10s
- Epoch 028, ExpID 49999
Train - Loss (one batch): 0.00246
Val - Loss, MSE, RMSE, MAE, MAPE: 0.00277, 0.00277, 0.05267, 0.03164, 8.15%
Test - Best epoch, Loss, MSE, RMSE, MAE, MAPE: 24, 0.00268, 0.00268, 0.05175, 0.03117, 7.15%
Time spent: 42.01s
- Epoch 029, ExpID 49999
Train - Loss (one batch): 0.00208
Val - Loss, MSE, RMSE, MAE, MAPE: 0.00280, 0.00280, 0.05287, 0.03167, 8.07%
Test - Best epoch, Loss, MSE, RMSE, MAE, MAPE: 24, 0.00268, 0.00268, 0.05175, 0.03117, 7.15%
Time spent: 42.38s
- Epoch 030, ExpID 49999
Train - Loss (one batch): 0.00208
Val - Loss, MSE, RMSE, MAE, MAPE: 0.00275, 0.00275, 0.05248, 0.03105, 8.10%
Test - Best epoch, Loss, MSE, RMSE, MAE, MAPE: 30, 0.00267, 0.00267, 0.05165, 0.03097, 7.14%
Time spent: 46.74s
- Epoch 031, ExpID 49999
Train - Loss (one batch): 0.00251
Val - Loss, MSE, RMSE, MAE, MAPE: 0.00279, 0.00279, 0.05283, 0.03160, 8.26%
Test - Best epoch, Loss, MSE, RMSE, MAE, MAPE: 30, 0.00267, 0.00267, 0.05165, 0.03097, 7.14%
Time spent: 41.87s
- Epoch 032, ExpID 49999
Train - Loss (one batch): 0.00185
Val - Loss, MSE, RMSE, MAE, MAPE: 0.00277, 0.00277, 0.05259, 0.03120, 8.18%
Test - Best epoch, Loss, MSE, RMSE, MAE, MAPE: 30, 0.00267, 0.00267, 0.05165, 0.03097, 7.14%
Time spent: 42.76s
- Epoch 033, ExpID 49999
Train - Loss (one batch): 0.00342
Val - Loss, MSE, RMSE, MAE, MAPE: 0.00276, 0.00276, 0.05253, 0.03117, 8.17%
Test - Best epoch, Loss, MSE, RMSE, MAE, MAPE: 30, 0.00267, 0.00267, 0.05165, 0.03097, 7.14%
Time spent: 41.50s
- Epoch 034, ExpID 49999
Train - Loss (one batch): 0.00280
Val - Loss, MSE, RMSE, MAE, MAPE: 0.00276, 0.00276, 0.05252, 0.03102, 8.03%
Test - Best epoch, Loss, MSE, RMSE, MAE, MAPE: 30, 0.00267, 0.00267, 0.05165, 0.03097, 7.14%
Time spent: 41.71s
- Epoch 035, ExpID 49999
Train - Loss (one batch): 0.00227
Val - Loss, MSE, RMSE, MAE, MAPE: 0.00276, 0.00276, 0.05257, 0.03127, 8.20%
Test - Best epoch, Loss, MSE, RMSE, MAE, MAPE: 30, 0.00267, 0.00267, 0.05165, 0.03097, 7.14%
Time spent: 42.24s
- Epoch 036, ExpID 49999
Train - Loss (one batch): 0.00299
Val - Loss, MSE, RMSE, MAE, MAPE: 0.00276, 0.00276, 0.05252, 0.03100, 8.03%
Test - Best epoch, Loss, MSE, RMSE, MAE, MAPE: 30, 0.00267, 0.00267, 0.05165, 0.03097, 7.14%
Time spent: 41.53s
- Epoch 037, ExpID 49999
Train - Loss (one batch): 0.00247
Val - Loss, MSE, RMSE, MAE, MAPE: 0.00277, 0.00277, 0.05265, 0.03119, 8.17%
Test - Best epoch, Loss, MSE, RMSE, MAE, MAPE: 30, 0.00267, 0.00267, 0.05165, 0.03097, 7.14%
Time spent: 43.02s
- Epoch 038, ExpID 49999
Train - Loss (one batch): 0.00170
Val - Loss, MSE, RMSE, MAE, MAPE: 0.00282, 0.00282, 0.05309, 0.03230, 8.16%
Test - Best epoch, Loss, MSE, RMSE, MAE, MAPE: 30, 0.00267, 0.00267, 0.05165, 0.03097, 7.14%
Time spent: 41.72s
- Epoch 039, ExpID 49999
Train - Loss (one batch): 0.00213
Val - Loss, MSE, RMSE, MAE, MAPE: 0.00275, 0.00275, 0.05247, 0.03096, 8.08%
Test - Best epoch, Loss, MSE, RMSE, MAE, MAPE: 39, 0.00266, 0.00266, 0.05158, 0.03083, 7.12%
Time spent: 46.10s
- Epoch 040, ExpID 49999
Train - Loss (one batch): 0.00242
Val - Loss, MSE, RMSE, MAE, MAPE: 0.00276, 0.00276, 0.05250, 0.03106, 8.14%
Test - Best epoch, Loss, MSE, RMSE, MAE, MAPE: 39, 0.00266, 0.00266, 0.05158, 0.03083, 7.12%
Time spent: 42.97s
- Epoch 041, ExpID 49999
Train - Loss (one batch): 0.00161
Val - Loss, MSE, RMSE, MAE, MAPE: 0.00279, 0.00279, 0.05280, 0.03166, 8.36%
Test - Best epoch, Loss, MSE, RMSE, MAE, MAPE: 39, 0.00266, 0.00266, 0.05158, 0.03083, 7.12%
Time spent: 42.28s
- Epoch 042, ExpID 49999
Train - Loss (one batch): 0.00173
Val - Loss, MSE, RMSE, MAE, MAPE: 0.00277, 0.00277, 0.05263, 0.03142, 8.09%
Test - Best epoch, Loss, MSE, RMSE, MAE, MAPE: 39, 0.00266, 0.00266, 0.05158, 0.03083, 7.12%
Time spent: 41.63s
- Epoch 043, ExpID 49999
Train - Loss (one batch): 0.00274
Val - Loss, MSE, RMSE, MAE, MAPE: 0.00278, 0.00278, 0.05268, 0.03149, 8.30%
Test - Best epoch, Loss, MSE, RMSE, MAE, MAPE: 39, 0.00266, 0.00266, 0.05158, 0.03083, 7.12%
Time spent: 41.23s
- Epoch 044, ExpID 49999
Train - Loss (one batch): 0.00264
Val - Loss, MSE, RMSE, MAE, MAPE: 0.00275, 0.00275, 0.05248, 0.03100, 8.12%
Test - Best epoch, Loss, MSE, RMSE, MAE, MAPE: 39, 0.00266, 0.00266, 0.05158, 0.03083, 7.12%
Time spent: 42.80s
- Epoch 045, ExpID 49999
Train - Loss (one batch): 0.00243
Val - Loss, MSE, RMSE, MAE, MAPE: 0.00278, 0.00278, 0.05275, 0.03146, 8.24%
Test - Best epoch, Loss, MSE, RMSE, MAE, MAPE: 39, 0.00266, 0.00266, 0.05158, 0.03083, 7.12%
Time spent: 42.84s
- Epoch 046, ExpID 49999
Train - Loss (one batch): 0.00263
Val - Loss, MSE, RMSE, MAE, MAPE: 0.00277, 0.00277, 0.05259, 0.03136, 8.09%
Test - Best epoch, Loss, MSE, RMSE, MAE, MAPE: 39, 0.00266, 0.00266, 0.05158, 0.03083, 7.12%
Time spent: 42.28s
- Epoch 047, ExpID 49999
Train - Loss (one batch): 0.00294
Val - Loss, MSE, RMSE, MAE, MAPE: 0.00277, 0.00277, 0.05259, 0.03137, 8.27%
Test - Best epoch, Loss, MSE, RMSE, MAE, MAPE: 39, 0.00266, 0.00266, 0.05158, 0.03083, 7.12%
Time spent: 42.11s
- Epoch 048, ExpID 49999
Train - Loss (one batch): 0.00223
Val - Loss, MSE, RMSE, MAE, MAPE: 0.00276, 0.00276, 0.05255, 0.03126, 8.25%
Test - Best epoch, Loss, MSE, RMSE, MAE, MAPE: 39, 0.00266, 0.00266, 0.05158, 0.03083, 7.12%
Time spent: 42.36s
- Epoch 049, ExpID 49999
Train - Loss (one batch): 0.00246
Val - Loss, MSE, RMSE, MAE, MAPE: 0.00276, 0.00276, 0.05254, 0.03134, 8.28%
Test - Best epoch, Loss, MSE, RMSE, MAE, MAPE: 39, 0.00266, 0.00266, 0.05158, 0.03083, 7.12%
Time spent: 41.66s
- Epoch 050, ExpID 49999
Train - Loss (one batch): 0.00213
Val - Loss, MSE, RMSE, MAE, MAPE: 0.00276, 0.00276, 0.05251, 0.03112, 8.05%
Test - Best epoch, Loss, MSE, RMSE, MAE, MAPE: 39, 0.00266, 0.00266, 0.05158, 0.03083, 7.12%
Time spent: 43.96s
- Epoch 051, ExpID 49999
Train - Loss (one batch): 0.00200
Val - Loss, MSE, RMSE, MAE, MAPE: 0.00276, 0.00276, 0.05257, 0.03121, 8.20%
Test - Best epoch, Loss, MSE, RMSE, MAE, MAPE: 39, 0.00266, 0.00266, 0.05158, 0.03083, 7.12%
Time spent: 42.20s
- Epoch 052, ExpID 49999
Train - Loss (one batch): 0.00244
Val - Loss, MSE, RMSE, MAE, MAPE: 0.00278, 0.00278, 0.05271, 0.03152, 8.30%
Test - Best epoch, Loss, MSE, RMSE, MAE, MAPE: 39, 0.00266, 0.00266, 0.05158, 0.03083, 7.12%
Time spent: 43.08s
- Epoch 053, ExpID 49999
Train - Loss (one batch): 0.00246
Val - Loss, MSE, RMSE, MAE, MAPE: 0.00276, 0.00276, 0.05257, 0.03112, 8.02%
Test - Best epoch, Loss, MSE, RMSE, MAE, MAPE: 39, 0.00266, 0.00266, 0.05158, 0.03083, 7.12%
Time spent: 42.24s
- Epoch 054, ExpID 49999
Train - Loss (one batch): 0.00271
Val - Loss, MSE, RMSE, MAE, MAPE: 0.00275, 0.00275, 0.05241, 0.03107, 8.09%
Test - Best epoch, Loss, MSE, RMSE, MAE, MAPE: 54, 0.00266, 0.00266, 0.05156, 0.03100, 7.12%
Time spent: 46.56s
- Epoch 055, ExpID 49999
Train - Loss (one batch): 0.00326
Val - Loss, MSE, RMSE, MAE, MAPE: 0.00278, 0.00278, 0.05269, 0.03136, 8.17%
Test - Best epoch, Loss, MSE, RMSE, MAE, MAPE: 54, 0.00266, 0.00266, 0.05156, 0.03100, 7.12%
Time spent: 42.46s
- Epoch 056, ExpID 49999
Train - Loss (one batch): 0.00267
Val - Loss, MSE, RMSE, MAE, MAPE: 0.00276, 0.00276, 0.05253, 0.03116, 8.18%
Test - Best epoch, Loss, MSE, RMSE, MAE, MAPE: 54, 0.00266, 0.00266, 0.05156, 0.03100, 7.12%
Time spent: 42.50s
- Epoch 057, ExpID 49999
Train - Loss (one batch): 0.00204
Val - Loss, MSE, RMSE, MAE, MAPE: 0.00274, 0.00274, 0.05237, 0.03085, 8.01%
Test - Best epoch, Loss, MSE, RMSE, MAE, MAPE: 57, 0.00265, 0.00265, 0.05150, 0.03078, 7.07%
Time spent: 45.23s
- Epoch 058, ExpID 49999
Train - Loss (one batch): 0.00252
Val - Loss, MSE, RMSE, MAE, MAPE: 0.00277, 0.00277, 0.05264, 0.03125, 8.17%
Test - Best epoch, Loss, MSE, RMSE, MAE, MAPE: 57, 0.00265, 0.00265, 0.05150, 0.03078, 7.07%
Time spent: 42.57s
- Epoch 059, ExpID 49999
Train - Loss (one batch): 0.00171
Val - Loss, MSE, RMSE, MAE, MAPE: 0.00275, 0.00275, 0.05241, 0.03091, 8.04%
Test - Best epoch, Loss, MSE, RMSE, MAE, MAPE: 57, 0.00265, 0.00265, 0.05150, 0.03078, 7.07%
Time spent: 42.83s
- Epoch 060, ExpID 49999
Train - Loss (one batch): 0.00278
Val - Loss, MSE, RMSE, MAE, MAPE: 0.00276, 0.00276, 0.05251, 0.03112, 8.16%
Test - Best epoch, Loss, MSE, RMSE, MAE, MAPE: 57, 0.00265, 0.00265, 0.05150, 0.03078, 7.07%
Time spent: 42.23s
- Epoch 061, ExpID 49999
Train - Loss (one batch): 0.00258
Val - Loss, MSE, RMSE, MAE, MAPE: 0.00275, 0.00275, 0.05240, 0.03083, 8.05%
Test - Best epoch, Loss, MSE, RMSE, MAE, MAPE: 57, 0.00265, 0.00265, 0.05150, 0.03078, 7.07%
Time spent: 42.40s
- Epoch 062, ExpID 49999
Train - Loss (one batch): 0.00174
Val - Loss, MSE, RMSE, MAE, MAPE: 0.00275, 0.00275, 0.05247, 0.03103, 8.12%
Test - Best epoch, Loss, MSE, RMSE, MAE, MAPE: 57, 0.00265, 0.00265, 0.05150, 0.03078, 7.07%
Time spent: 42.79s
- Epoch 063, ExpID 49999
Train - Loss (one batch): 0.00295
Val - Loss, MSE, RMSE, MAE, MAPE: 0.00274, 0.00274, 0.05236, 0.03081, 8.04%
Test - Best epoch, Loss, MSE, RMSE, MAE, MAPE: 63, 0.00265, 0.00265, 0.05144, 0.03069, 7.08%
Time spent: 45.27s
- Epoch 064, ExpID 49999
Train - Loss (one batch): 0.00295
Val - Loss, MSE, RMSE, MAE, MAPE: 0.00274, 0.00274, 0.05239, 0.03105, 8.03%
Test - Best epoch, Loss, MSE, RMSE, MAE, MAPE: 63, 0.00265, 0.00265, 0.05144, 0.03069, 7.08%
Time spent: 42.25s
- Epoch 065, ExpID 49999
Train - Loss (one batch): 0.00213
Val - Loss, MSE, RMSE, MAE, MAPE: 0.00276, 0.00276, 0.05251, 0.03117, 8.03%
Test - Best epoch, Loss, MSE, RMSE, MAE, MAPE: 63, 0.00265, 0.00265, 0.05144, 0.03069, 7.08%
Time spent: 42.05s
- Epoch 066, ExpID 49999
Train - Loss (one batch): 0.00226
Val - Loss, MSE, RMSE, MAE, MAPE: 0.00275, 0.00275, 0.05245, 0.03110, 8.06%
Test - Best epoch, Loss, MSE, RMSE, MAE, MAPE: 63, 0.00265, 0.00265, 0.05144, 0.03069, 7.08%
Time spent: 42.22s
- Epoch 067, ExpID 49999
Train - Loss (one batch): 0.00290
Val - Loss, MSE, RMSE, MAE, MAPE: 0.00275, 0.00275, 0.05243, 0.03088, 7.96%
Test - Best epoch, Loss, MSE, RMSE, MAE, MAPE: 63, 0.00265, 0.00265, 0.05144, 0.03069, 7.08%
Time spent: 41.94s
- Epoch 068, ExpID 49999
Train - Loss (one batch): 0.00302
Val - Loss, MSE, RMSE, MAE, MAPE: 0.00274, 0.00274, 0.05233, 0.03092, 8.10%
Test - Best epoch, Loss, MSE, RMSE, MAE, MAPE: 68, 0.00264, 0.00264, 0.05142, 0.03081, 7.13%
Time spent: 46.27s
- Epoch 069, ExpID 49999
Train - Loss (one batch): 0.00188
Val - Loss, MSE, RMSE, MAE, MAPE: 0.00276, 0.00276, 0.05258, 0.03126, 8.24%
Test - Best epoch, Loss, MSE, RMSE, MAE, MAPE: 68, 0.00264, 0.00264, 0.05142, 0.03081, 7.13%
Time spent: 43.10s
- Epoch 070, ExpID 49999
Train - Loss (one batch): 0.00309
Val - Loss, MSE, RMSE, MAE, MAPE: 0.00276, 0.00276, 0.05249, 0.03125, 8.28%
Test - Best epoch, Loss, MSE, RMSE, MAE, MAPE: 68, 0.00264, 0.00264, 0.05142, 0.03081, 7.13%
Time spent: 42.59s
- Epoch 071, ExpID 49999
Train - Loss (one batch): 0.00270
Val - Loss, MSE, RMSE, MAE, MAPE: 0.00277, 0.00277, 0.05265, 0.03135, 8.02%
Test - Best epoch, Loss, MSE, RMSE, MAE, MAPE: 68, 0.00264, 0.00264, 0.05142, 0.03081, 7.13%
Time spent: 42.81s
- Epoch 072, ExpID 49999
Train - Loss (one batch): 0.00238
Val - Loss, MSE, RMSE, MAE, MAPE: 0.00275, 0.00275, 0.05243, 0.03099, 8.14%
Test - Best epoch, Loss, MSE, RMSE, MAE, MAPE: 68, 0.00264, 0.00264, 0.05142, 0.03081, 7.13%
Time spent: 42.19s
- Epoch 073, ExpID 49999
Train - Loss (one batch): 0.00211
Val - Loss, MSE, RMSE, MAE, MAPE: 0.00275, 0.00275, 0.05240, 0.03084, 7.96%
Test - Best epoch, Loss, MSE, RMSE, MAE, MAPE: 68, 0.00264, 0.00264, 0.05142, 0.03081, 7.13%
Time spent: 42.34s
- Epoch 074, ExpID 49999
Train - Loss (one batch): 0.00271
Val - Loss, MSE, RMSE, MAE, MAPE: 0.00275, 0.00275, 0.05244, 0.03089, 7.98%
Test - Best epoch, Loss, MSE, RMSE, MAE, MAPE: 68, 0.00264, 0.00264, 0.05142, 0.03081, 7.13%
Time spent: 42.74s
- Epoch 075, ExpID 49999
Train - Loss (one batch): 0.00231
Val - Loss, MSE, RMSE, MAE, MAPE: 0.00277, 0.00277, 0.05265, 0.03143, 8.20%
Test - Best epoch, Loss, MSE, RMSE, MAE, MAPE: 68, 0.00264, 0.00264, 0.05142, 0.03081, 7.13%
Time spent: 42.41s
- Epoch 076, ExpID 49999
Train - Loss (one batch): 0.00236
Val - Loss, MSE, RMSE, MAE, MAPE: 0.00275, 0.00275, 0.05240, 0.03074, 7.98%
Test - Best epoch, Loss, MSE, RMSE, MAE, MAPE: 68, 0.00264, 0.00264, 0.05142, 0.03081, 7.13%
Time spent: 42.57s
- Epoch 077, ExpID 49999
Train - Loss (one batch): 0.00205
Val - Loss, MSE, RMSE, MAE, MAPE: 0.00275, 0.00275, 0.05241, 0.03099, 8.16%
Test - Best epoch, Loss, MSE, RMSE, MAE, MAPE: 68, 0.00264, 0.00264, 0.05142, 0.03081, 7.13%
Time spent: 42.42s
- Epoch 078, ExpID 49999
Train - Loss (one batch): 0.00194
Val - Loss, MSE, RMSE, MAE, MAPE: 0.00279, 0.00279, 0.05284, 0.03172, 8.34%
Test - Best epoch, Loss, MSE, RMSE, MAE, MAPE: 68, 0.00264, 0.00264, 0.05142, 0.03081, 7.13%
Time spent: 43.08s
- Epoch 079, ExpID 49999
Train - Loss (one batch): 0.00209
Val - Loss, MSE, RMSE, MAE, MAPE: 0.00274, 0.00274, 0.05235, 0.03077, 7.98%
Test - Best epoch, Loss, MSE, RMSE, MAE, MAPE: 68, 0.00264, 0.00264, 0.05142, 0.03081, 7.13%
Time spent: 43.09s
- Epoch 080, ExpID 49999
Train - Loss (one batch): 0.00218
Val - Loss, MSE, RMSE, MAE, MAPE: 0.00277, 0.00277, 0.05267, 0.03169, 8.10%
Test - Best epoch, Loss, MSE, RMSE, MAE, MAPE: 68, 0.00264, 0.00264, 0.05142, 0.03081, 7.13%
Time spent: 42.29s
- Epoch 081, ExpID 49999
Train - Loss (one batch): 0.00240
Val - Loss, MSE, RMSE, MAE, MAPE: 0.00276, 0.00276, 0.05255, 0.03131, 8.25%
Test - Best epoch, Loss, MSE, RMSE, MAE, MAPE: 68, 0.00264, 0.00264, 0.05142, 0.03081, 7.13%
Time spent: 42.23s
- Epoch 082, ExpID 49999
Train - Loss (one batch): 0.00225
Val - Loss, MSE, RMSE, MAE, MAPE: 0.00278, 0.00278, 0.05275, 0.03174, 8.10%
Test - Best epoch, Loss, MSE, RMSE, MAE, MAPE: 68, 0.00264, 0.00264, 0.05142, 0.03081, 7.13%
Time spent: 43.56s
- Epoch 083, ExpID 49999
Train - Loss (one batch): 0.00290
Val - Loss, MSE, RMSE, MAE, MAPE: 0.00275, 0.00275, 0.05243, 0.03094, 8.11%
Test - Best epoch, Loss, MSE, RMSE, MAE, MAPE: 68, 0.00264, 0.00264, 0.05142, 0.03081, 7.13%
Time spent: 42.56s
