/data/hzy/lvm4-ts/IMTS/run_models.py
2025-01-20 08:09:35
run_models.py --model VisionTS-B --dataset activity --state def --history 3000 --patience 15 --batch_size 64 --lr 1e-4 --patch_size 300 --stride 300 --nhead 1 --tf_layer 1 --nlayer 2 --te_dim 5 --node_dim 5 --hid_dim 64 --mask_ratio 0.7 --train_mode fine-tune --pretrain_weights_dir /data/hzy/lvm4-ts/IMTS/logs/activity/Hyper_mask_ratio_pretrain/pretrain_weights/Exp51126_VisionTS-B_hid_dim64_te_dim5_node_dim5_mask_ratio0.7_stride300.0_patchsize300.0_seed1_nlayer2_best.pth --seed 2 --gpu 0 --finetune_type norm --log_dir Ablation_ln_finetune
Namespace(state='def', n=100000000, hop=1, nhead=1, tf_layer=1, nlayer=2, epoch=1000, patience=15, history=3000, patch_size=300.0, stride=300.0, logmode='a', lr=0.0001, w_decay=0.0, batch_size=64, load=None, seed=2, dataset='activity', log_dir='Ablation_ln_finetune', pretrain_weights_dir='/data/hzy/lvm4-ts/IMTS/logs/activity/Hyper_mask_ratio_pretrain/pretrain_weights/Exp51126_VisionTS-B_hid_dim64_te_dim5_node_dim5_mask_ratio0.7_stride300.0_patchsize300.0_seed1_nlayer2_best.pth', quantization=0.0, model='VisionTS-B', mask_flag=False, hid_dim=64, te_dim=5, node_dim=5, gpu='0', log_suffix='', periodicity=None, mask_ratio=0.7, train_mode='fine-tune', TTT=False, ttt_iter=None, ttt_lr=None, apply_lora=False, lora_r=8, lora_alpha=1, lora_dropout=0.0, merge_weights=False, finetune_type='norm', encoder_only=False, npatch=10, world_size=1, device=device(type='cuda'), ft_type='full', arch='mae_base', vm_pretrained=True, vm_ckpt='./ckpt/', interpolation='bilinear', norm_const=0.4, align_const=0.4, grid_method='linear', if_patch=True, pred_window=1000, npred_patch=4, ndim=12)
- Epoch 000, ExpID 97116
Train - Loss (one batch): 0.00231
Val - Loss, MSE, RMSE, MAE, MAPE: 0.00282, 0.00282, 0.05309, 0.03137, 8.11%
Test - Best epoch, Loss, MSE, RMSE, MAE, MAPE: 0, 0.00272, 0.00272, 0.05218, 0.03120, 7.15%
Time spent: 47.52s
- Epoch 001, ExpID 97116
Train - Loss (one batch): 0.00274
Val - Loss, MSE, RMSE, MAE, MAPE: 0.00280, 0.00280, 0.05295, 0.03148, 8.25%
Test - Best epoch, Loss, MSE, RMSE, MAE, MAPE: 1, 0.00271, 0.00271, 0.05204, 0.03131, 7.27%
Time spent: 46.15s
- Epoch 002, ExpID 97116
Train - Loss (one batch): 0.00183
Val - Loss, MSE, RMSE, MAE, MAPE: 0.00279, 0.00279, 0.05286, 0.03135, 8.19%
Test - Best epoch, Loss, MSE, RMSE, MAE, MAPE: 2, 0.00270, 0.00270, 0.05195, 0.03119, 7.22%
Time spent: 50.66s
- Epoch 003, ExpID 97116
Train - Loss (one batch): 0.00213
Val - Loss, MSE, RMSE, MAE, MAPE: 0.00279, 0.00279, 0.05280, 0.03138, 8.22%
Test - Best epoch, Loss, MSE, RMSE, MAE, MAPE: 3, 0.00270, 0.00270, 0.05191, 0.03124, 7.24%
Time spent: 50.32s
- Epoch 004, ExpID 97116
Train - Loss (one batch): 0.00242
Val - Loss, MSE, RMSE, MAE, MAPE: 0.00279, 0.00279, 0.05284, 0.03140, 8.10%
Test - Best epoch, Loss, MSE, RMSE, MAE, MAPE: 3, 0.00270, 0.00270, 0.05191, 0.03124, 7.24%
Time spent: 46.90s
- Epoch 005, ExpID 97116
Train - Loss (one batch): 0.00267
Val - Loss, MSE, RMSE, MAE, MAPE: 0.00279, 0.00279, 0.05279, 0.03120, 8.12%
Test - Best epoch, Loss, MSE, RMSE, MAE, MAPE: 5, 0.00269, 0.00269, 0.05190, 0.03104, 7.15%
Time spent: 50.84s
- Epoch 006, ExpID 97116
Train - Loss (one batch): 0.00224
Val - Loss, MSE, RMSE, MAE, MAPE: 0.00278, 0.00278, 0.05269, 0.03130, 8.14%
Test - Best epoch, Loss, MSE, RMSE, MAE, MAPE: 6, 0.00269, 0.00269, 0.05185, 0.03121, 7.18%
Time spent: 51.46s
- Epoch 007, ExpID 97116
Train - Loss (one batch): 0.00231
Val - Loss, MSE, RMSE, MAE, MAPE: 0.00278, 0.00278, 0.05270, 0.03147, 8.17%
Test - Best epoch, Loss, MSE, RMSE, MAE, MAPE: 6, 0.00269, 0.00269, 0.05185, 0.03121, 7.18%
Time spent: 47.20s
- Epoch 008, ExpID 97116
Train - Loss (one batch): 0.00286
Val - Loss, MSE, RMSE, MAE, MAPE: 0.00278, 0.00278, 0.05275, 0.03133, 8.12%
Test - Best epoch, Loss, MSE, RMSE, MAE, MAPE: 6, 0.00269, 0.00269, 0.05185, 0.03121, 7.18%
Time spent: 47.64s
- Epoch 009, ExpID 97116
Train - Loss (one batch): 0.00183
Val - Loss, MSE, RMSE, MAE, MAPE: 0.00280, 0.00280, 0.05287, 0.03171, 8.37%
Test - Best epoch, Loss, MSE, RMSE, MAE, MAPE: 6, 0.00269, 0.00269, 0.05185, 0.03121, 7.18%
Time spent: 46.45s
- Epoch 010, ExpID 97116
Train - Loss (one batch): 0.00268
Val - Loss, MSE, RMSE, MAE, MAPE: 0.00278, 0.00278, 0.05272, 0.03118, 8.11%
Test - Best epoch, Loss, MSE, RMSE, MAE, MAPE: 6, 0.00269, 0.00269, 0.05185, 0.03121, 7.18%
Time spent: 47.14s
- Epoch 011, ExpID 97116
Train - Loss (one batch): 0.00248
Val - Loss, MSE, RMSE, MAE, MAPE: 0.00281, 0.00281, 0.05298, 0.03196, 8.44%
Test - Best epoch, Loss, MSE, RMSE, MAE, MAPE: 6, 0.00269, 0.00269, 0.05185, 0.03121, 7.18%
Time spent: 47.13s
- Epoch 012, ExpID 97116
Train - Loss (one batch): 0.00288
Val - Loss, MSE, RMSE, MAE, MAPE: 0.00277, 0.00277, 0.05266, 0.03130, 8.22%
Test - Best epoch, Loss, MSE, RMSE, MAE, MAPE: 12, 0.00268, 0.00268, 0.05180, 0.03117, 7.24%
Time spent: 50.76s
- Epoch 013, ExpID 97116
Train - Loss (one batch): 0.00225
Val - Loss, MSE, RMSE, MAE, MAPE: 0.00277, 0.00277, 0.05266, 0.03128, 8.10%
Test - Best epoch, Loss, MSE, RMSE, MAE, MAPE: 13, 0.00269, 0.00269, 0.05185, 0.03121, 7.15%
Time spent: 50.90s
- Epoch 014, ExpID 97116
Train - Loss (one batch): 0.00240
Val - Loss, MSE, RMSE, MAE, MAPE: 0.00280, 0.00280, 0.05288, 0.03169, 8.32%
Test - Best epoch, Loss, MSE, RMSE, MAE, MAPE: 13, 0.00269, 0.00269, 0.05185, 0.03121, 7.15%
Time spent: 47.18s
- Epoch 015, ExpID 97116
Train - Loss (one batch): 0.00257
Val - Loss, MSE, RMSE, MAE, MAPE: 0.00277, 0.00277, 0.05265, 0.03119, 8.17%
Test - Best epoch, Loss, MSE, RMSE, MAE, MAPE: 15, 0.00268, 0.00268, 0.05179, 0.03106, 7.20%
Time spent: 51.02s
- Epoch 016, ExpID 97116
Train - Loss (one batch): 0.00264
Val - Loss, MSE, RMSE, MAE, MAPE: 0.00277, 0.00277, 0.05263, 0.03108, 8.09%
Test - Best epoch, Loss, MSE, RMSE, MAE, MAPE: 16, 0.00268, 0.00268, 0.05178, 0.03096, 7.13%
Time spent: 51.35s
- Epoch 017, ExpID 97116
Train - Loss (one batch): 0.00267
Val - Loss, MSE, RMSE, MAE, MAPE: 0.00277, 0.00277, 0.05260, 0.03128, 8.15%
Test - Best epoch, Loss, MSE, RMSE, MAE, MAPE: 17, 0.00268, 0.00268, 0.05179, 0.03121, 7.18%
Time spent: 50.61s
- Epoch 018, ExpID 97116
Train - Loss (one batch): 0.00292
Val - Loss, MSE, RMSE, MAE, MAPE: 0.00276, 0.00276, 0.05257, 0.03106, 8.08%
Test - Best epoch, Loss, MSE, RMSE, MAE, MAPE: 18, 0.00268, 0.00268, 0.05174, 0.03096, 7.13%
Time spent: 50.72s
- Epoch 019, ExpID 97116
Train - Loss (one batch): 0.00311
Val - Loss, MSE, RMSE, MAE, MAPE: 0.00288, 0.00288, 0.05371, 0.03332, 8.77%
Test - Best epoch, Loss, MSE, RMSE, MAE, MAPE: 18, 0.00268, 0.00268, 0.05174, 0.03096, 7.13%
Time spent: 47.50s
- Epoch 020, ExpID 97116
Train - Loss (one batch): 0.00254
Val - Loss, MSE, RMSE, MAE, MAPE: 0.00277, 0.00277, 0.05261, 0.03100, 8.05%
Test - Best epoch, Loss, MSE, RMSE, MAE, MAPE: 18, 0.00268, 0.00268, 0.05174, 0.03096, 7.13%
Time spent: 47.05s
- Epoch 021, ExpID 97116
Train - Loss (one batch): 0.00303
Val - Loss, MSE, RMSE, MAE, MAPE: 0.00285, 0.00285, 0.05334, 0.03275, 8.22%
Test - Best epoch, Loss, MSE, RMSE, MAE, MAPE: 18, 0.00268, 0.00268, 0.05174, 0.03096, 7.13%
Time spent: 47.49s
- Epoch 022, ExpID 97116
Train - Loss (one batch): 0.00240
Val - Loss, MSE, RMSE, MAE, MAPE: 0.00276, 0.00276, 0.05258, 0.03101, 8.08%
Test - Best epoch, Loss, MSE, RMSE, MAE, MAPE: 18, 0.00268, 0.00268, 0.05174, 0.03096, 7.13%
Time spent: 46.98s
- Epoch 023, ExpID 97116
Train - Loss (one batch): 0.00192
Val - Loss, MSE, RMSE, MAE, MAPE: 0.00281, 0.00281, 0.05296, 0.03192, 8.39%
Test - Best epoch, Loss, MSE, RMSE, MAE, MAPE: 18, 0.00268, 0.00268, 0.05174, 0.03096, 7.13%
Time spent: 46.63s
- Epoch 024, ExpID 97116
Train - Loss (one batch): 0.00234
Val - Loss, MSE, RMSE, MAE, MAPE: 0.00276, 0.00276, 0.05257, 0.03112, 8.11%
Test - Best epoch, Loss, MSE, RMSE, MAE, MAPE: 18, 0.00268, 0.00268, 0.05174, 0.03096, 7.13%
Time spent: 46.66s
- Epoch 025, ExpID 97116
Train - Loss (one batch): 0.00239
Val - Loss, MSE, RMSE, MAE, MAPE: 0.00277, 0.00277, 0.05261, 0.03117, 8.16%
Test - Best epoch, Loss, MSE, RMSE, MAE, MAPE: 18, 0.00268, 0.00268, 0.05174, 0.03096, 7.13%
Time spent: 47.07s
- Epoch 026, ExpID 97116
Train - Loss (one batch): 0.00244
Val - Loss, MSE, RMSE, MAE, MAPE: 0.00277, 0.00277, 0.05267, 0.03125, 8.17%
Test - Best epoch, Loss, MSE, RMSE, MAE, MAPE: 18, 0.00268, 0.00268, 0.05174, 0.03096, 7.13%
Time spent: 46.25s
- Epoch 027, ExpID 97116
Train - Loss (one batch): 0.00266
Val - Loss, MSE, RMSE, MAE, MAPE: 0.00276, 0.00276, 0.05254, 0.03104, 8.09%
Test - Best epoch, Loss, MSE, RMSE, MAE, MAPE: 27, 0.00267, 0.00267, 0.05169, 0.03096, 7.13%
Time spent: 51.12s
- Epoch 028, ExpID 97116
Train - Loss (one batch): 0.00302
Val - Loss, MSE, RMSE, MAE, MAPE: 0.00279, 0.00279, 0.05280, 0.03162, 8.09%
Test - Best epoch, Loss, MSE, RMSE, MAE, MAPE: 27, 0.00267, 0.00267, 0.05169, 0.03096, 7.13%
Time spent: 47.06s
- Epoch 029, ExpID 97116
Train - Loss (one batch): 0.00288
Val - Loss, MSE, RMSE, MAE, MAPE: 0.00277, 0.00277, 0.05262, 0.03107, 8.11%
Test - Best epoch, Loss, MSE, RMSE, MAE, MAPE: 27, 0.00267, 0.00267, 0.05169, 0.03096, 7.13%
Time spent: 47.04s
- Epoch 030, ExpID 97116
Train - Loss (one batch): 0.00206
Val - Loss, MSE, RMSE, MAE, MAPE: 0.00276, 0.00276, 0.05252, 0.03109, 8.15%
Test - Best epoch, Loss, MSE, RMSE, MAE, MAPE: 30, 0.00267, 0.00267, 0.05167, 0.03098, 7.17%
Time spent: 50.36s
- Epoch 031, ExpID 97116
Train - Loss (one batch): 0.00174
Val - Loss, MSE, RMSE, MAE, MAPE: 0.00279, 0.00279, 0.05279, 0.03183, 8.16%
Test - Best epoch, Loss, MSE, RMSE, MAE, MAPE: 30, 0.00267, 0.00267, 0.05167, 0.03098, 7.17%
Time spent: 46.25s
- Epoch 032, ExpID 97116
Train - Loss (one batch): 0.00245
Val - Loss, MSE, RMSE, MAE, MAPE: 0.00276, 0.00276, 0.05257, 0.03118, 8.05%
Test - Best epoch, Loss, MSE, RMSE, MAE, MAPE: 30, 0.00267, 0.00267, 0.05167, 0.03098, 7.17%
Time spent: 46.79s
- Epoch 033, ExpID 97116
Train - Loss (one batch): 0.00218
Val - Loss, MSE, RMSE, MAE, MAPE: 0.00277, 0.00277, 0.05258, 0.03123, 8.07%
Test - Best epoch, Loss, MSE, RMSE, MAE, MAPE: 30, 0.00267, 0.00267, 0.05167, 0.03098, 7.17%
Time spent: 46.67s
- Epoch 034, ExpID 97116
Train - Loss (one batch): 0.00308
Val - Loss, MSE, RMSE, MAE, MAPE: 0.00276, 0.00276, 0.05250, 0.03117, 8.06%
Test - Best epoch, Loss, MSE, RMSE, MAE, MAPE: 34, 0.00267, 0.00267, 0.05172, 0.03112, 7.11%
Time spent: 50.90s
- Epoch 035, ExpID 97116
Train - Loss (one batch): 0.00213
Val - Loss, MSE, RMSE, MAE, MAPE: 0.00277, 0.00277, 0.05260, 0.03119, 8.17%
Test - Best epoch, Loss, MSE, RMSE, MAE, MAPE: 34, 0.00267, 0.00267, 0.05172, 0.03112, 7.11%
Time spent: 46.84s
- Epoch 036, ExpID 97116
Train - Loss (one batch): 0.00334
Val - Loss, MSE, RMSE, MAE, MAPE: 0.00276, 0.00276, 0.05251, 0.03097, 8.06%
Test - Best epoch, Loss, MSE, RMSE, MAE, MAPE: 34, 0.00267, 0.00267, 0.05172, 0.03112, 7.11%
Time spent: 46.79s
- Epoch 037, ExpID 97116
Train - Loss (one batch): 0.00291
Val - Loss, MSE, RMSE, MAE, MAPE: 0.00275, 0.00275, 0.05247, 0.03114, 8.14%
Test - Best epoch, Loss, MSE, RMSE, MAE, MAPE: 37, 0.00267, 0.00267, 0.05165, 0.03107, 7.17%
Time spent: 50.58s
- Epoch 038, ExpID 97116
Train - Loss (one batch): 0.00244
Val - Loss, MSE, RMSE, MAE, MAPE: 0.00276, 0.00276, 0.05249, 0.03101, 8.12%
Test - Best epoch, Loss, MSE, RMSE, MAE, MAPE: 37, 0.00267, 0.00267, 0.05165, 0.03107, 7.17%
Time spent: 46.89s
- Epoch 039, ExpID 97116
Train - Loss (one batch): 0.00305
Val - Loss, MSE, RMSE, MAE, MAPE: 0.00275, 0.00275, 0.05246, 0.03111, 8.10%
Test - Best epoch, Loss, MSE, RMSE, MAE, MAPE: 39, 0.00267, 0.00267, 0.05165, 0.03107, 7.14%
Time spent: 49.94s
- Epoch 040, ExpID 97116
Train - Loss (one batch): 0.00305
Val - Loss, MSE, RMSE, MAE, MAPE: 0.00275, 0.00275, 0.05242, 0.03096, 8.07%
Test - Best epoch, Loss, MSE, RMSE, MAE, MAPE: 40, 0.00266, 0.00266, 0.05158, 0.03088, 7.11%
Time spent: 51.10s
- Epoch 041, ExpID 97116
Train - Loss (one batch): 0.00252
Val - Loss, MSE, RMSE, MAE, MAPE: 0.00277, 0.00277, 0.05259, 0.03125, 8.05%
Test - Best epoch, Loss, MSE, RMSE, MAE, MAPE: 40, 0.00266, 0.00266, 0.05158, 0.03088, 7.11%
Time spent: 47.24s
- Epoch 042, ExpID 97116
Train - Loss (one batch): 0.00232
Val - Loss, MSE, RMSE, MAE, MAPE: 0.00279, 0.00279, 0.05282, 0.03158, 8.31%
Test - Best epoch, Loss, MSE, RMSE, MAE, MAPE: 40, 0.00266, 0.00266, 0.05158, 0.03088, 7.11%
Time spent: 46.19s
- Epoch 043, ExpID 97116
Train - Loss (one batch): 0.00292
Val - Loss, MSE, RMSE, MAE, MAPE: 0.00276, 0.00276, 0.05251, 0.03114, 8.04%
Test - Best epoch, Loss, MSE, RMSE, MAE, MAPE: 40, 0.00266, 0.00266, 0.05158, 0.03088, 7.11%
Time spent: 46.88s
- Epoch 044, ExpID 97116
Train - Loss (one batch): 0.00231
Val - Loss, MSE, RMSE, MAE, MAPE: 0.00276, 0.00276, 0.05254, 0.03121, 8.20%
Test - Best epoch, Loss, MSE, RMSE, MAE, MAPE: 40, 0.00266, 0.00266, 0.05158, 0.03088, 7.11%
Time spent: 46.67s
- Epoch 045, ExpID 97116
Train - Loss (one batch): 0.00243
Val - Loss, MSE, RMSE, MAE, MAPE: 0.00275, 0.00275, 0.05247, 0.03112, 8.09%
Test - Best epoch, Loss, MSE, RMSE, MAE, MAPE: 40, 0.00266, 0.00266, 0.05158, 0.03088, 7.11%
Time spent: 47.62s
- Epoch 046, ExpID 97116
Train - Loss (one batch): 0.00196
Val - Loss, MSE, RMSE, MAE, MAPE: 0.00275, 0.00275, 0.05248, 0.03086, 8.02%
Test - Best epoch, Loss, MSE, RMSE, MAE, MAPE: 40, 0.00266, 0.00266, 0.05158, 0.03088, 7.11%
Time spent: 46.95s
- Epoch 047, ExpID 97116
Train - Loss (one batch): 0.00279
Val - Loss, MSE, RMSE, MAE, MAPE: 0.00275, 0.00275, 0.05246, 0.03132, 8.25%
Test - Best epoch, Loss, MSE, RMSE, MAE, MAPE: 40, 0.00266, 0.00266, 0.05158, 0.03088, 7.11%
Time spent: 47.05s
- Epoch 048, ExpID 97116
Train - Loss (one batch): 0.00296
Val - Loss, MSE, RMSE, MAE, MAPE: 0.00275, 0.00275, 0.05243, 0.03089, 8.04%
Test - Best epoch, Loss, MSE, RMSE, MAE, MAPE: 40, 0.00266, 0.00266, 0.05158, 0.03088, 7.11%
Time spent: 46.52s
- Epoch 049, ExpID 97116
Train - Loss (one batch): 0.00221
Val - Loss, MSE, RMSE, MAE, MAPE: 0.00276, 0.00276, 0.05250, 0.03087, 8.03%
Test - Best epoch, Loss, MSE, RMSE, MAE, MAPE: 40, 0.00266, 0.00266, 0.05158, 0.03088, 7.11%
Time spent: 46.57s
- Epoch 050, ExpID 97116
Train - Loss (one batch): 0.00237
Val - Loss, MSE, RMSE, MAE, MAPE: 0.00275, 0.00275, 0.05244, 0.03102, 8.12%
Test - Best epoch, Loss, MSE, RMSE, MAE, MAPE: 40, 0.00266, 0.00266, 0.05158, 0.03088, 7.11%
Time spent: 46.61s
- Epoch 051, ExpID 97116
Train - Loss (one batch): 0.00191
Val - Loss, MSE, RMSE, MAE, MAPE: 0.00276, 0.00276, 0.05249, 0.03110, 8.17%
Test - Best epoch, Loss, MSE, RMSE, MAE, MAPE: 40, 0.00266, 0.00266, 0.05158, 0.03088, 7.11%
Time spent: 46.88s
- Epoch 052, ExpID 97116
Train - Loss (one batch): 0.00203
Val - Loss, MSE, RMSE, MAE, MAPE: 0.00275, 0.00275, 0.05243, 0.03104, 8.12%
Test - Best epoch, Loss, MSE, RMSE, MAE, MAPE: 40, 0.00266, 0.00266, 0.05158, 0.03088, 7.11%
Time spent: 46.78s
- Epoch 053, ExpID 97116
Train - Loss (one batch): 0.00201
Val - Loss, MSE, RMSE, MAE, MAPE: 0.00275, 0.00275, 0.05247, 0.03115, 8.21%
Test - Best epoch, Loss, MSE, RMSE, MAE, MAPE: 40, 0.00266, 0.00266, 0.05158, 0.03088, 7.11%
Time spent: 46.17s
- Epoch 054, ExpID 97116
Train - Loss (one batch): 0.00262
Val - Loss, MSE, RMSE, MAE, MAPE: 0.00274, 0.00274, 0.05234, 0.03093, 8.05%
Test - Best epoch, Loss, MSE, RMSE, MAE, MAPE: 54, 0.00265, 0.00265, 0.05151, 0.03088, 7.10%
Time spent: 50.98s
- Epoch 055, ExpID 97116
Train - Loss (one batch): 0.00278
Val - Loss, MSE, RMSE, MAE, MAPE: 0.00281, 0.00281, 0.05305, 0.03229, 8.15%
Test - Best epoch, Loss, MSE, RMSE, MAE, MAPE: 54, 0.00265, 0.00265, 0.05151, 0.03088, 7.10%
Time spent: 45.55s
- Epoch 056, ExpID 97116
Train - Loss (one batch): 0.00268
Val - Loss, MSE, RMSE, MAE, MAPE: 0.00275, 0.00275, 0.05243, 0.03100, 8.14%
Test - Best epoch, Loss, MSE, RMSE, MAE, MAPE: 54, 0.00265, 0.00265, 0.05151, 0.03088, 7.10%
Time spent: 47.00s
- Epoch 057, ExpID 97116
Train - Loss (one batch): 0.00147
Val - Loss, MSE, RMSE, MAE, MAPE: 0.00277, 0.00277, 0.05262, 0.03145, 8.12%
Test - Best epoch, Loss, MSE, RMSE, MAE, MAPE: 54, 0.00265, 0.00265, 0.05151, 0.03088, 7.10%
Time spent: 46.80s
- Epoch 058, ExpID 97116
Train - Loss (one batch): 0.00197
Val - Loss, MSE, RMSE, MAE, MAPE: 0.00274, 0.00274, 0.05236, 0.03099, 8.10%
Test - Best epoch, Loss, MSE, RMSE, MAE, MAPE: 54, 0.00265, 0.00265, 0.05151, 0.03088, 7.10%
Time spent: 46.86s
- Epoch 059, ExpID 97116
Train - Loss (one batch): 0.00226
Val - Loss, MSE, RMSE, MAE, MAPE: 0.00275, 0.00275, 0.05243, 0.03104, 8.16%
Test - Best epoch, Loss, MSE, RMSE, MAE, MAPE: 54, 0.00265, 0.00265, 0.05151, 0.03088, 7.10%
Time spent: 37.23s
- Epoch 060, ExpID 97116
Train - Loss (one batch): 0.00190
Val - Loss, MSE, RMSE, MAE, MAPE: 0.00275, 0.00275, 0.05244, 0.03100, 8.11%
Test - Best epoch, Loss, MSE, RMSE, MAE, MAPE: 54, 0.00265, 0.00265, 0.05151, 0.03088, 7.10%
Time spent: 26.86s
- Epoch 061, ExpID 97116
Train - Loss (one batch): 0.00290
Val - Loss, MSE, RMSE, MAE, MAPE: 0.00275, 0.00275, 0.05246, 0.03105, 8.16%
Test - Best epoch, Loss, MSE, RMSE, MAE, MAPE: 54, 0.00265, 0.00265, 0.05151, 0.03088, 7.10%
Time spent: 26.86s
- Epoch 062, ExpID 97116
Train - Loss (one batch): 0.00208
Val - Loss, MSE, RMSE, MAE, MAPE: 0.00274, 0.00274, 0.05238, 0.03088, 8.08%
Test - Best epoch, Loss, MSE, RMSE, MAE, MAPE: 54, 0.00265, 0.00265, 0.05151, 0.03088, 7.10%
Time spent: 27.37s
- Epoch 063, ExpID 97116
Train - Loss (one batch): 0.00253
Val - Loss, MSE, RMSE, MAE, MAPE: 0.00275, 0.00275, 0.05249, 0.03111, 7.99%
Test - Best epoch, Loss, MSE, RMSE, MAE, MAPE: 54, 0.00265, 0.00265, 0.05151, 0.03088, 7.10%
Time spent: 27.26s
- Epoch 064, ExpID 97116
Train - Loss (one batch): 0.00267
Val - Loss, MSE, RMSE, MAE, MAPE: 0.00276, 0.00276, 0.05250, 0.03094, 7.94%
Test - Best epoch, Loss, MSE, RMSE, MAE, MAPE: 54, 0.00265, 0.00265, 0.05151, 0.03088, 7.10%
Time spent: 27.96s
- Epoch 065, ExpID 97116
Train - Loss (one batch): 0.00219
Val - Loss, MSE, RMSE, MAE, MAPE: 0.00276, 0.00276, 0.05251, 0.03106, 8.19%
Test - Best epoch, Loss, MSE, RMSE, MAE, MAPE: 54, 0.00265, 0.00265, 0.05151, 0.03088, 7.10%
Time spent: 27.47s
- Epoch 066, ExpID 97116
Train - Loss (one batch): 0.00276
Val - Loss, MSE, RMSE, MAE, MAPE: 0.00275, 0.00275, 0.05243, 0.03106, 8.05%
Test - Best epoch, Loss, MSE, RMSE, MAE, MAPE: 54, 0.00265, 0.00265, 0.05151, 0.03088, 7.10%
Time spent: 27.72s
- Epoch 067, ExpID 97116
Train - Loss (one batch): 0.00231
Val - Loss, MSE, RMSE, MAE, MAPE: 0.00274, 0.00274, 0.05237, 0.03077, 8.00%
Test - Best epoch, Loss, MSE, RMSE, MAE, MAPE: 54, 0.00265, 0.00265, 0.05151, 0.03088, 7.10%
Time spent: 27.10s
- Epoch 068, ExpID 97116
Train - Loss (one batch): 0.00246
Val - Loss, MSE, RMSE, MAE, MAPE: 0.00276, 0.00276, 0.05254, 0.03137, 8.03%
Test - Best epoch, Loss, MSE, RMSE, MAE, MAPE: 54, 0.00265, 0.00265, 0.05151, 0.03088, 7.10%
Time spent: 27.54s
- Epoch 069, ExpID 97116
Train - Loss (one batch): 0.00280
Val - Loss, MSE, RMSE, MAE, MAPE: 0.00281, 0.00281, 0.05303, 0.03200, 8.34%
Test - Best epoch, Loss, MSE, RMSE, MAE, MAPE: 54, 0.00265, 0.00265, 0.05151, 0.03088, 7.10%
Time spent: 27.14s
