/data/hzy/lvm4-ts/IMTS/run_models.py
2025-01-20 08:42:11
run_models.py --model VisionTS-B --dataset activity --state def --history 3000 --patience 15 --batch_size 64 --lr 1e-4 --patch_size 300 --stride 300 --nhead 1 --tf_layer 1 --nlayer 2 --te_dim 5 --node_dim 5 --hid_dim 64 --mask_ratio 0.7 --train_mode fine-tune --pretrain_weights_dir /data/hzy/lvm4-ts/IMTS/logs/activity/Hyper_mask_ratio_pretrain/pretrain_weights/Exp51126_VisionTS-B_hid_dim64_te_dim5_node_dim5_mask_ratio0.7_stride300.0_patchsize300.0_seed1_nlayer2_best.pth --seed 5 --gpu 7 --finetune_type norm --log_dir Ablation_ln_finetune
Namespace(state='def', n=100000000, hop=1, nhead=1, tf_layer=1, nlayer=2, epoch=1000, patience=15, history=3000, patch_size=300.0, stride=300.0, logmode='a', lr=0.0001, w_decay=0.0, batch_size=64, load=None, seed=5, dataset='activity', log_dir='Ablation_ln_finetune', pretrain_weights_dir='/data/hzy/lvm4-ts/IMTS/logs/activity/Hyper_mask_ratio_pretrain/pretrain_weights/Exp51126_VisionTS-B_hid_dim64_te_dim5_node_dim5_mask_ratio0.7_stride300.0_patchsize300.0_seed1_nlayer2_best.pth', quantization=0.0, model='VisionTS-B', mask_flag=False, hid_dim=64, te_dim=5, node_dim=5, gpu='7', log_suffix='', periodicity=None, mask_ratio=0.7, train_mode='fine-tune', TTT=False, ttt_iter=None, ttt_lr=None, apply_lora=False, lora_r=8, lora_alpha=1, lora_dropout=0.0, merge_weights=False, finetune_type='norm', encoder_only=False, npatch=10, world_size=1, device=device(type='cuda'), ft_type='full', arch='mae_base', vm_pretrained=True, vm_ckpt='./ckpt/', interpolation='bilinear', norm_const=0.4, align_const=0.4, grid_method='linear', if_patch=True, pred_window=1000, npred_patch=4, ndim=12)
- Epoch 000, ExpID 96294
Train - Loss (one batch): 0.00270
Val - Loss, MSE, RMSE, MAE, MAPE: 0.00283, 0.00283, 0.05319, 0.03180, 8.17%
Test - Best epoch, Loss, MSE, RMSE, MAE, MAPE: 0, 0.00274, 0.00274, 0.05235, 0.03169, 7.22%
Time spent: 27.29s
- Epoch 001, ExpID 96294
Train - Loss (one batch): 0.00325
Val - Loss, MSE, RMSE, MAE, MAPE: 0.00280, 0.00280, 0.05289, 0.03136, 8.16%
Test - Best epoch, Loss, MSE, RMSE, MAE, MAPE: 1, 0.00271, 0.00271, 0.05201, 0.03124, 7.20%
Time spent: 25.58s
- Epoch 002, ExpID 96294
Train - Loss (one batch): 0.00280
Val - Loss, MSE, RMSE, MAE, MAPE: 0.00279, 0.00279, 0.05285, 0.03138, 8.19%
Test - Best epoch, Loss, MSE, RMSE, MAE, MAPE: 2, 0.00270, 0.00270, 0.05197, 0.03125, 7.21%
Time spent: 25.87s
- Epoch 003, ExpID 96294
Train - Loss (one batch): 0.00161
Val - Loss, MSE, RMSE, MAE, MAPE: 0.00279, 0.00279, 0.05280, 0.03143, 8.18%
Test - Best epoch, Loss, MSE, RMSE, MAE, MAPE: 3, 0.00270, 0.00270, 0.05194, 0.03131, 7.21%
Time spent: 25.77s
- Epoch 004, ExpID 96294
Train - Loss (one batch): 0.00215
Val - Loss, MSE, RMSE, MAE, MAPE: 0.00279, 0.00279, 0.05283, 0.03143, 8.14%
Test - Best epoch, Loss, MSE, RMSE, MAE, MAPE: 3, 0.00270, 0.00270, 0.05194, 0.03131, 7.21%
Time spent: 23.53s
- Epoch 005, ExpID 96294
Train - Loss (one batch): 0.00267
Val - Loss, MSE, RMSE, MAE, MAPE: 0.00282, 0.00282, 0.05312, 0.03192, 8.35%
Test - Best epoch, Loss, MSE, RMSE, MAE, MAPE: 3, 0.00270, 0.00270, 0.05194, 0.03131, 7.21%
Time spent: 23.71s
- Epoch 006, ExpID 96294
Train - Loss (one batch): 0.00186
Val - Loss, MSE, RMSE, MAE, MAPE: 0.00278, 0.00278, 0.05271, 0.03125, 8.15%
Test - Best epoch, Loss, MSE, RMSE, MAE, MAPE: 6, 0.00269, 0.00269, 0.05186, 0.03112, 7.18%
Time spent: 25.54s
- Epoch 007, ExpID 96294
Train - Loss (one batch): 0.00233
Val - Loss, MSE, RMSE, MAE, MAPE: 0.00278, 0.00278, 0.05271, 0.03122, 8.17%
Test - Best epoch, Loss, MSE, RMSE, MAE, MAPE: 6, 0.00269, 0.00269, 0.05186, 0.03112, 7.18%
Time spent: 22.75s
- Epoch 008, ExpID 96294
Train - Loss (one batch): 0.00227
Val - Loss, MSE, RMSE, MAE, MAPE: 0.00280, 0.00280, 0.05295, 0.03162, 8.24%
Test - Best epoch, Loss, MSE, RMSE, MAE, MAPE: 6, 0.00269, 0.00269, 0.05186, 0.03112, 7.18%
Time spent: 24.19s
- Epoch 009, ExpID 96294
Train - Loss (one batch): 0.00269
Val - Loss, MSE, RMSE, MAE, MAPE: 0.00278, 0.00278, 0.05275, 0.03124, 8.16%
Test - Best epoch, Loss, MSE, RMSE, MAE, MAPE: 6, 0.00269, 0.00269, 0.05186, 0.03112, 7.18%
Time spent: 23.81s
- Epoch 010, ExpID 96294
Train - Loss (one batch): 0.00271
Val - Loss, MSE, RMSE, MAE, MAPE: 0.00277, 0.00277, 0.05266, 0.03115, 8.10%
Test - Best epoch, Loss, MSE, RMSE, MAE, MAPE: 10, 0.00269, 0.00269, 0.05182, 0.03105, 7.14%
Time spent: 26.70s
- Epoch 011, ExpID 96294
Train - Loss (one batch): 0.00221
Val - Loss, MSE, RMSE, MAE, MAPE: 0.00278, 0.00278, 0.05272, 0.03117, 8.14%
Test - Best epoch, Loss, MSE, RMSE, MAE, MAPE: 10, 0.00269, 0.00269, 0.05182, 0.03105, 7.14%
Time spent: 22.85s
- Epoch 012, ExpID 96294
Train - Loss (one batch): 0.00242
Val - Loss, MSE, RMSE, MAE, MAPE: 0.00277, 0.00277, 0.05264, 0.03137, 8.20%
Test - Best epoch, Loss, MSE, RMSE, MAE, MAPE: 12, 0.00268, 0.00268, 0.05181, 0.03129, 7.23%
Time spent: 27.64s
- Epoch 013, ExpID 96294
Train - Loss (one batch): 0.00240
Val - Loss, MSE, RMSE, MAE, MAPE: 0.00278, 0.00278, 0.05273, 0.03149, 8.09%
Test - Best epoch, Loss, MSE, RMSE, MAE, MAPE: 12, 0.00268, 0.00268, 0.05181, 0.03129, 7.23%
Time spent: 23.26s
- Epoch 014, ExpID 96294
Train - Loss (one batch): 0.00271
Val - Loss, MSE, RMSE, MAE, MAPE: 0.00279, 0.00279, 0.05283, 0.03126, 8.03%
Test - Best epoch, Loss, MSE, RMSE, MAE, MAPE: 12, 0.00268, 0.00268, 0.05181, 0.03129, 7.23%
Time spent: 23.53s
- Epoch 015, ExpID 96294
Train - Loss (one batch): 0.00255
Val - Loss, MSE, RMSE, MAE, MAPE: 0.00276, 0.00276, 0.05258, 0.03117, 8.09%
Test - Best epoch, Loss, MSE, RMSE, MAE, MAPE: 15, 0.00268, 0.00268, 0.05178, 0.03111, 7.14%
Time spent: 27.04s
- Epoch 016, ExpID 96294
Train - Loss (one batch): 0.00218
Val - Loss, MSE, RMSE, MAE, MAPE: 0.00277, 0.00277, 0.05262, 0.03118, 8.16%
Test - Best epoch, Loss, MSE, RMSE, MAE, MAPE: 15, 0.00268, 0.00268, 0.05178, 0.03111, 7.14%
Time spent: 25.01s
- Epoch 017, ExpID 96294
Train - Loss (one batch): 0.00295
Val - Loss, MSE, RMSE, MAE, MAPE: 0.00280, 0.00280, 0.05293, 0.03177, 8.35%
Test - Best epoch, Loss, MSE, RMSE, MAE, MAPE: 15, 0.00268, 0.00268, 0.05178, 0.03111, 7.14%
Time spent: 23.78s
- Epoch 018, ExpID 96294
Train - Loss (one batch): 0.00294
Val - Loss, MSE, RMSE, MAE, MAPE: 0.00277, 0.00277, 0.05268, 0.03128, 8.08%
Test - Best epoch, Loss, MSE, RMSE, MAE, MAPE: 15, 0.00268, 0.00268, 0.05178, 0.03111, 7.14%
Time spent: 22.85s
- Epoch 019, ExpID 96294
Train - Loss (one batch): 0.00289
Val - Loss, MSE, RMSE, MAE, MAPE: 0.00280, 0.00280, 0.05289, 0.03165, 8.09%
Test - Best epoch, Loss, MSE, RMSE, MAE, MAPE: 15, 0.00268, 0.00268, 0.05178, 0.03111, 7.14%
Time spent: 23.02s
- Epoch 020, ExpID 96294
Train - Loss (one batch): 0.00195
Val - Loss, MSE, RMSE, MAE, MAPE: 0.00276, 0.00276, 0.05256, 0.03113, 8.09%
Test - Best epoch, Loss, MSE, RMSE, MAE, MAPE: 20, 0.00268, 0.00268, 0.05175, 0.03107, 7.13%
Time spent: 25.67s
- Epoch 021, ExpID 96294
Train - Loss (one batch): 0.00274
Val - Loss, MSE, RMSE, MAE, MAPE: 0.00277, 0.00277, 0.05266, 0.03108, 8.01%
Test - Best epoch, Loss, MSE, RMSE, MAE, MAPE: 20, 0.00268, 0.00268, 0.05175, 0.03107, 7.13%
Time spent: 23.39s
- Epoch 022, ExpID 96294
Train - Loss (one batch): 0.00212
Val - Loss, MSE, RMSE, MAE, MAPE: 0.00277, 0.00277, 0.05259, 0.03123, 8.22%
Test - Best epoch, Loss, MSE, RMSE, MAE, MAPE: 20, 0.00268, 0.00268, 0.05175, 0.03107, 7.13%
Time spent: 23.55s
- Epoch 023, ExpID 96294
Train - Loss (one batch): 0.00267
Val - Loss, MSE, RMSE, MAE, MAPE: 0.00277, 0.00277, 0.05267, 0.03155, 8.11%
Test - Best epoch, Loss, MSE, RMSE, MAE, MAPE: 20, 0.00268, 0.00268, 0.05175, 0.03107, 7.13%
Time spent: 24.03s
- Epoch 024, ExpID 96294
Train - Loss (one batch): 0.00226
Val - Loss, MSE, RMSE, MAE, MAPE: 0.00276, 0.00276, 0.05255, 0.03107, 8.06%
Test - Best epoch, Loss, MSE, RMSE, MAE, MAPE: 24, 0.00268, 0.00268, 0.05173, 0.03098, 7.10%
Time spent: 25.79s
- Epoch 025, ExpID 96294
Train - Loss (one batch): 0.00214
Val - Loss, MSE, RMSE, MAE, MAPE: 0.00276, 0.00276, 0.05258, 0.03121, 8.19%
Test - Best epoch, Loss, MSE, RMSE, MAE, MAPE: 24, 0.00268, 0.00268, 0.05173, 0.03098, 7.10%
Time spent: 23.89s
- Epoch 026, ExpID 96294
Train - Loss (one batch): 0.00161
Val - Loss, MSE, RMSE, MAE, MAPE: 0.00276, 0.00276, 0.05251, 0.03100, 8.06%
Test - Best epoch, Loss, MSE, RMSE, MAE, MAPE: 26, 0.00267, 0.00267, 0.05170, 0.03093, 7.10%
Time spent: 25.09s
- Epoch 027, ExpID 96294
Train - Loss (one batch): 0.00264
Val - Loss, MSE, RMSE, MAE, MAPE: 0.00276, 0.00276, 0.05253, 0.03107, 8.13%
Test - Best epoch, Loss, MSE, RMSE, MAE, MAPE: 26, 0.00267, 0.00267, 0.05170, 0.03093, 7.10%
Time spent: 23.31s
- Epoch 028, ExpID 96294
Train - Loss (one batch): 0.00195
Val - Loss, MSE, RMSE, MAE, MAPE: 0.00276, 0.00276, 0.05256, 0.03099, 8.09%
Test - Best epoch, Loss, MSE, RMSE, MAE, MAPE: 26, 0.00267, 0.00267, 0.05170, 0.03093, 7.10%
Time spent: 23.02s
- Epoch 029, ExpID 96294
Train - Loss (one batch): 0.00249
Val - Loss, MSE, RMSE, MAE, MAPE: 0.00277, 0.00277, 0.05267, 0.03125, 8.19%
Test - Best epoch, Loss, MSE, RMSE, MAE, MAPE: 26, 0.00267, 0.00267, 0.05170, 0.03093, 7.10%
Time spent: 22.85s
- Epoch 030, ExpID 96294
Train - Loss (one batch): 0.00247
Val - Loss, MSE, RMSE, MAE, MAPE: 0.00276, 0.00276, 0.05256, 0.03123, 8.05%
Test - Best epoch, Loss, MSE, RMSE, MAE, MAPE: 26, 0.00267, 0.00267, 0.05170, 0.03093, 7.10%
Time spent: 23.94s
- Epoch 031, ExpID 96294
Train - Loss (one batch): 0.00203
Val - Loss, MSE, RMSE, MAE, MAPE: 0.00276, 0.00276, 0.05257, 0.03110, 8.03%
Test - Best epoch, Loss, MSE, RMSE, MAE, MAPE: 26, 0.00267, 0.00267, 0.05170, 0.03093, 7.10%
Time spent: 23.64s
- Epoch 032, ExpID 96294
Train - Loss (one batch): 0.00227
Val - Loss, MSE, RMSE, MAE, MAPE: 0.00278, 0.00278, 0.05276, 0.03156, 8.04%
Test - Best epoch, Loss, MSE, RMSE, MAE, MAPE: 26, 0.00267, 0.00267, 0.05170, 0.03093, 7.10%
Time spent: 23.03s
- Epoch 033, ExpID 96294
Train - Loss (one batch): 0.00262
Val - Loss, MSE, RMSE, MAE, MAPE: 0.00275, 0.00275, 0.05247, 0.03104, 8.10%
Test - Best epoch, Loss, MSE, RMSE, MAE, MAPE: 33, 0.00267, 0.00267, 0.05163, 0.03096, 7.14%
Time spent: 26.16s
- Epoch 034, ExpID 96294
Train - Loss (one batch): 0.00210
Val - Loss, MSE, RMSE, MAE, MAPE: 0.00276, 0.00276, 0.05254, 0.03096, 8.09%
Test - Best epoch, Loss, MSE, RMSE, MAE, MAPE: 33, 0.00267, 0.00267, 0.05163, 0.03096, 7.14%
Time spent: 23.70s
- Epoch 035, ExpID 96294
Train - Loss (one batch): 0.00252
Val - Loss, MSE, RMSE, MAE, MAPE: 0.00275, 0.00275, 0.05245, 0.03097, 8.06%
Test - Best epoch, Loss, MSE, RMSE, MAE, MAPE: 35, 0.00266, 0.00266, 0.05162, 0.03091, 7.10%
Time spent: 25.21s
- Epoch 036, ExpID 96294
Train - Loss (one batch): 0.00226
Val - Loss, MSE, RMSE, MAE, MAPE: 0.00282, 0.00282, 0.05310, 0.03218, 8.49%
Test - Best epoch, Loss, MSE, RMSE, MAE, MAPE: 35, 0.00266, 0.00266, 0.05162, 0.03091, 7.10%
Time spent: 24.12s
- Epoch 037, ExpID 96294
Train - Loss (one batch): 0.00284
Val - Loss, MSE, RMSE, MAE, MAPE: 0.00276, 0.00276, 0.05251, 0.03098, 8.09%
Test - Best epoch, Loss, MSE, RMSE, MAE, MAPE: 35, 0.00266, 0.00266, 0.05162, 0.03091, 7.10%
Time spent: 24.09s
- Epoch 038, ExpID 96294
Train - Loss (one batch): 0.00212
Val - Loss, MSE, RMSE, MAE, MAPE: 0.00275, 0.00275, 0.05244, 0.03095, 8.07%
Test - Best epoch, Loss, MSE, RMSE, MAE, MAPE: 38, 0.00266, 0.00266, 0.05158, 0.03086, 7.11%
Time spent: 26.50s
- Epoch 039, ExpID 96294
Train - Loss (one batch): 0.00210
Val - Loss, MSE, RMSE, MAE, MAPE: 0.00275, 0.00275, 0.05245, 0.03101, 8.12%
Test - Best epoch, Loss, MSE, RMSE, MAE, MAPE: 38, 0.00266, 0.00266, 0.05158, 0.03086, 7.11%
Time spent: 24.04s
- Epoch 040, ExpID 96294
Train - Loss (one batch): 0.00194
Val - Loss, MSE, RMSE, MAE, MAPE: 0.00279, 0.00279, 0.05281, 0.03164, 8.30%
Test - Best epoch, Loss, MSE, RMSE, MAE, MAPE: 38, 0.00266, 0.00266, 0.05158, 0.03086, 7.11%
Time spent: 24.50s
- Epoch 041, ExpID 96294
Train - Loss (one batch): 0.00224
Val - Loss, MSE, RMSE, MAE, MAPE: 0.00276, 0.00276, 0.05256, 0.03127, 8.09%
Test - Best epoch, Loss, MSE, RMSE, MAE, MAPE: 38, 0.00266, 0.00266, 0.05158, 0.03086, 7.11%
Time spent: 24.05s
- Epoch 042, ExpID 96294
Train - Loss (one batch): 0.00220
Val - Loss, MSE, RMSE, MAE, MAPE: 0.00275, 0.00275, 0.05248, 0.03096, 8.05%
Test - Best epoch, Loss, MSE, RMSE, MAE, MAPE: 38, 0.00266, 0.00266, 0.05158, 0.03086, 7.11%
Time spent: 25.39s
- Epoch 043, ExpID 96294
Train - Loss (one batch): 0.00218
Val - Loss, MSE, RMSE, MAE, MAPE: 0.00276, 0.00276, 0.05251, 0.03104, 8.15%
Test - Best epoch, Loss, MSE, RMSE, MAE, MAPE: 38, 0.00266, 0.00266, 0.05158, 0.03086, 7.11%
Time spent: 24.88s
- Epoch 044, ExpID 96294
Train - Loss (one batch): 0.00203
Val - Loss, MSE, RMSE, MAE, MAPE: 0.00275, 0.00275, 0.05242, 0.03098, 8.05%
Test - Best epoch, Loss, MSE, RMSE, MAE, MAPE: 44, 0.00266, 0.00266, 0.05160, 0.03094, 7.09%
Time spent: 27.54s
- Epoch 045, ExpID 96294
Train - Loss (one batch): 0.00259
Val - Loss, MSE, RMSE, MAE, MAPE: 0.00276, 0.00276, 0.05257, 0.03127, 8.07%
Test - Best epoch, Loss, MSE, RMSE, MAE, MAPE: 44, 0.00266, 0.00266, 0.05160, 0.03094, 7.09%
Time spent: 23.97s
- Epoch 046, ExpID 96294
Train - Loss (one batch): 0.00246
Val - Loss, MSE, RMSE, MAE, MAPE: 0.00275, 0.00275, 0.05242, 0.03092, 8.04%
Test - Best epoch, Loss, MSE, RMSE, MAE, MAPE: 44, 0.00266, 0.00266, 0.05160, 0.03094, 7.09%
Time spent: 25.59s
- Epoch 047, ExpID 96294
Train - Loss (one batch): 0.00164
Val - Loss, MSE, RMSE, MAE, MAPE: 0.00276, 0.00276, 0.05253, 0.03102, 8.08%
Test - Best epoch, Loss, MSE, RMSE, MAE, MAPE: 44, 0.00266, 0.00266, 0.05160, 0.03094, 7.09%
Time spent: 25.00s
- Epoch 048, ExpID 96294
Train - Loss (one batch): 0.00213
Val - Loss, MSE, RMSE, MAE, MAPE: 0.00276, 0.00276, 0.05252, 0.03099, 7.99%
Test - Best epoch, Loss, MSE, RMSE, MAE, MAPE: 44, 0.00266, 0.00266, 0.05160, 0.03094, 7.09%
Time spent: 23.56s
- Epoch 049, ExpID 96294
Train - Loss (one batch): 0.00282
Val - Loss, MSE, RMSE, MAE, MAPE: 0.00276, 0.00276, 0.05251, 0.03109, 8.19%
Test - Best epoch, Loss, MSE, RMSE, MAE, MAPE: 44, 0.00266, 0.00266, 0.05160, 0.03094, 7.09%
Time spent: 24.26s
- Epoch 050, ExpID 96294
Train - Loss (one batch): 0.00211
Val - Loss, MSE, RMSE, MAE, MAPE: 0.00275, 0.00275, 0.05249, 0.03085, 7.98%
Test - Best epoch, Loss, MSE, RMSE, MAE, MAPE: 44, 0.00266, 0.00266, 0.05160, 0.03094, 7.09%
Time spent: 24.66s
- Epoch 051, ExpID 96294
Train - Loss (one batch): 0.00248
Val - Loss, MSE, RMSE, MAE, MAPE: 0.00274, 0.00274, 0.05239, 0.03091, 8.00%
Test - Best epoch, Loss, MSE, RMSE, MAE, MAPE: 51, 0.00266, 0.00266, 0.05156, 0.03084, 7.06%
Time spent: 27.65s
- Epoch 052, ExpID 96294
Train - Loss (one batch): 0.00242
Val - Loss, MSE, RMSE, MAE, MAPE: 0.00275, 0.00275, 0.05242, 0.03093, 8.04%
Test - Best epoch, Loss, MSE, RMSE, MAE, MAPE: 51, 0.00266, 0.00266, 0.05156, 0.03084, 7.06%
Time spent: 24.13s
- Epoch 053, ExpID 96294
Train - Loss (one batch): 0.00186
Val - Loss, MSE, RMSE, MAE, MAPE: 0.00276, 0.00276, 0.05256, 0.03102, 8.12%
Test - Best epoch, Loss, MSE, RMSE, MAE, MAPE: 51, 0.00266, 0.00266, 0.05156, 0.03084, 7.06%
Time spent: 23.91s
- Epoch 054, ExpID 96294
Train - Loss (one batch): 0.00271
Val - Loss, MSE, RMSE, MAE, MAPE: 0.00275, 0.00275, 0.05247, 0.03099, 8.01%
Test - Best epoch, Loss, MSE, RMSE, MAE, MAPE: 51, 0.00266, 0.00266, 0.05156, 0.03084, 7.06%
Time spent: 23.98s
- Epoch 055, ExpID 96294
Train - Loss (one batch): 0.00199
Val - Loss, MSE, RMSE, MAE, MAPE: 0.00278, 0.00278, 0.05269, 0.03160, 8.07%
Test - Best epoch, Loss, MSE, RMSE, MAE, MAPE: 51, 0.00266, 0.00266, 0.05156, 0.03084, 7.06%
Time spent: 24.98s
- Epoch 056, ExpID 96294
Train - Loss (one batch): 0.00219
Val - Loss, MSE, RMSE, MAE, MAPE: 0.00275, 0.00275, 0.05244, 0.03103, 8.15%
Test - Best epoch, Loss, MSE, RMSE, MAE, MAPE: 51, 0.00266, 0.00266, 0.05156, 0.03084, 7.06%
Time spent: 24.65s
- Epoch 057, ExpID 96294
Train - Loss (one batch): 0.00273
Val - Loss, MSE, RMSE, MAE, MAPE: 0.00275, 0.00275, 0.05243, 0.03097, 8.14%
Test - Best epoch, Loss, MSE, RMSE, MAE, MAPE: 51, 0.00266, 0.00266, 0.05156, 0.03084, 7.06%
Time spent: 24.87s
- Epoch 058, ExpID 96294
Train - Loss (one batch): 0.00291
Val - Loss, MSE, RMSE, MAE, MAPE: 0.00274, 0.00274, 0.05239, 0.03084, 8.01%
Test - Best epoch, Loss, MSE, RMSE, MAE, MAPE: 58, 0.00265, 0.00265, 0.05151, 0.03077, 7.06%
Time spent: 26.39s
- Epoch 059, ExpID 96294
Train - Loss (one batch): 0.00246
Val - Loss, MSE, RMSE, MAE, MAPE: 0.00274, 0.00274, 0.05237, 0.03094, 8.07%
Test - Best epoch, Loss, MSE, RMSE, MAE, MAPE: 59, 0.00265, 0.00265, 0.05150, 0.03087, 7.11%
Time spent: 27.52s
- Epoch 060, ExpID 96294
Train - Loss (one batch): 0.00212
Val - Loss, MSE, RMSE, MAE, MAPE: 0.00275, 0.00275, 0.05247, 0.03102, 8.14%
Test - Best epoch, Loss, MSE, RMSE, MAE, MAPE: 59, 0.00265, 0.00265, 0.05150, 0.03087, 7.11%
Time spent: 24.41s
- Epoch 061, ExpID 96294
Train - Loss (one batch): 0.00210
Val - Loss, MSE, RMSE, MAE, MAPE: 0.00275, 0.00275, 0.05248, 0.03089, 8.06%
Test - Best epoch, Loss, MSE, RMSE, MAE, MAPE: 59, 0.00265, 0.00265, 0.05150, 0.03087, 7.11%
Time spent: 24.16s
- Epoch 062, ExpID 96294
Train - Loss (one batch): 0.00242
Val - Loss, MSE, RMSE, MAE, MAPE: 0.00275, 0.00275, 0.05241, 0.03084, 8.00%
Test - Best epoch, Loss, MSE, RMSE, MAE, MAPE: 59, 0.00265, 0.00265, 0.05150, 0.03087, 7.11%
Time spent: 24.62s
- Epoch 063, ExpID 96294
Train - Loss (one batch): 0.00263
Val - Loss, MSE, RMSE, MAE, MAPE: 0.00274, 0.00274, 0.05239, 0.03093, 8.06%
Test - Best epoch, Loss, MSE, RMSE, MAE, MAPE: 59, 0.00265, 0.00265, 0.05150, 0.03087, 7.11%
Time spent: 24.00s
- Epoch 064, ExpID 96294
Train - Loss (one batch): 0.00272
Val - Loss, MSE, RMSE, MAE, MAPE: 0.00276, 0.00276, 0.05251, 0.03114, 8.17%
Test - Best epoch, Loss, MSE, RMSE, MAE, MAPE: 59, 0.00265, 0.00265, 0.05150, 0.03087, 7.11%
Time spent: 28.09s
- Epoch 065, ExpID 96294
Train - Loss (one batch): 0.00282
Val - Loss, MSE, RMSE, MAE, MAPE: 0.00277, 0.00277, 0.05261, 0.03167, 8.11%
Test - Best epoch, Loss, MSE, RMSE, MAE, MAPE: 59, 0.00265, 0.00265, 0.05150, 0.03087, 7.11%
Time spent: 43.94s
- Epoch 066, ExpID 96294
Train - Loss (one batch): 0.00196
Val - Loss, MSE, RMSE, MAE, MAPE: 0.00274, 0.00274, 0.05236, 0.03088, 8.04%
Test - Best epoch, Loss, MSE, RMSE, MAE, MAPE: 66, 0.00265, 0.00265, 0.05145, 0.03075, 7.07%
Time spent: 47.31s
- Epoch 067, ExpID 96294
Train - Loss (one batch): 0.00279
Val - Loss, MSE, RMSE, MAE, MAPE: 0.00275, 0.00275, 0.05247, 0.03125, 8.08%
Test - Best epoch, Loss, MSE, RMSE, MAE, MAPE: 66, 0.00265, 0.00265, 0.05145, 0.03075, 7.07%
Time spent: 43.13s
- Epoch 068, ExpID 96294
Train - Loss (one batch): 0.00168
Val - Loss, MSE, RMSE, MAE, MAPE: 0.00275, 0.00275, 0.05243, 0.03080, 7.99%
Test - Best epoch, Loss, MSE, RMSE, MAE, MAPE: 66, 0.00265, 0.00265, 0.05145, 0.03075, 7.07%
Time spent: 43.28s
- Epoch 069, ExpID 96294
Train - Loss (one batch): 0.00293
Val - Loss, MSE, RMSE, MAE, MAPE: 0.00276, 0.00276, 0.05254, 0.03134, 8.31%
Test - Best epoch, Loss, MSE, RMSE, MAE, MAPE: 66, 0.00265, 0.00265, 0.05145, 0.03075, 7.07%
Time spent: 43.99s
- Epoch 070, ExpID 96294
Train - Loss (one batch): 0.00148
Val - Loss, MSE, RMSE, MAE, MAPE: 0.00278, 0.00278, 0.05273, 0.03152, 8.22%
Test - Best epoch, Loss, MSE, RMSE, MAE, MAPE: 66, 0.00265, 0.00265, 0.05145, 0.03075, 7.07%
Time spent: 42.94s
- Epoch 071, ExpID 96294
Train - Loss (one batch): 0.00292
Val - Loss, MSE, RMSE, MAE, MAPE: 0.00274, 0.00274, 0.05235, 0.03088, 8.11%
Test - Best epoch, Loss, MSE, RMSE, MAE, MAPE: 71, 0.00265, 0.00265, 0.05145, 0.03078, 7.13%
Time spent: 46.09s
- Epoch 072, ExpID 96294
Train - Loss (one batch): 0.00233
Val - Loss, MSE, RMSE, MAE, MAPE: 0.00274, 0.00274, 0.05236, 0.03083, 8.06%
Test - Best epoch, Loss, MSE, RMSE, MAE, MAPE: 71, 0.00265, 0.00265, 0.05145, 0.03078, 7.13%
Time spent: 43.38s
- Epoch 073, ExpID 96294
Train - Loss (one batch): 0.00278
Val - Loss, MSE, RMSE, MAE, MAPE: 0.00274, 0.00274, 0.05232, 0.03100, 8.11%
Test - Best epoch, Loss, MSE, RMSE, MAE, MAPE: 73, 0.00265, 0.00265, 0.05146, 0.03092, 7.15%
Time spent: 47.26s
- Epoch 074, ExpID 96294
Train - Loss (one batch): 0.00233
Val - Loss, MSE, RMSE, MAE, MAPE: 0.00276, 0.00276, 0.05250, 0.03114, 8.20%
Test - Best epoch, Loss, MSE, RMSE, MAE, MAPE: 73, 0.00265, 0.00265, 0.05146, 0.03092, 7.15%
Time spent: 43.07s
- Epoch 075, ExpID 96294
Train - Loss (one batch): 0.00209
Val - Loss, MSE, RMSE, MAE, MAPE: 0.00275, 0.00275, 0.05239, 0.03101, 8.14%
Test - Best epoch, Loss, MSE, RMSE, MAE, MAPE: 73, 0.00265, 0.00265, 0.05146, 0.03092, 7.15%
Time spent: 43.56s
- Epoch 076, ExpID 96294
Train - Loss (one batch): 0.00263
Val - Loss, MSE, RMSE, MAE, MAPE: 0.00274, 0.00274, 0.05237, 0.03091, 8.09%
Test - Best epoch, Loss, MSE, RMSE, MAE, MAPE: 73, 0.00265, 0.00265, 0.05146, 0.03092, 7.15%
Time spent: 42.87s
- Epoch 077, ExpID 96294
Train - Loss (one batch): 0.00268
Val - Loss, MSE, RMSE, MAE, MAPE: 0.00274, 0.00274, 0.05237, 0.03082, 8.01%
Test - Best epoch, Loss, MSE, RMSE, MAE, MAPE: 73, 0.00265, 0.00265, 0.05146, 0.03092, 7.15%
Time spent: 44.09s
- Epoch 078, ExpID 96294
Train - Loss (one batch): 0.00220
Val - Loss, MSE, RMSE, MAE, MAPE: 0.00274, 0.00274, 0.05232, 0.03078, 8.00%
Test - Best epoch, Loss, MSE, RMSE, MAE, MAPE: 78, 0.00265, 0.00265, 0.05143, 0.03070, 7.05%
Time spent: 46.39s
- Epoch 079, ExpID 96294
Train - Loss (one batch): 0.00239
Val - Loss, MSE, RMSE, MAE, MAPE: 0.00274, 0.00274, 0.05233, 0.03104, 8.13%
Test - Best epoch, Loss, MSE, RMSE, MAE, MAPE: 78, 0.00265, 0.00265, 0.05143, 0.03070, 7.05%
Time spent: 41.97s
- Epoch 080, ExpID 96294
Train - Loss (one batch): 0.00244
Val - Loss, MSE, RMSE, MAE, MAPE: 0.00274, 0.00274, 0.05234, 0.03086, 8.06%
Test - Best epoch, Loss, MSE, RMSE, MAE, MAPE: 78, 0.00265, 0.00265, 0.05143, 0.03070, 7.05%
Time spent: 41.72s
- Epoch 081, ExpID 96294
Train - Loss (one batch): 0.00227
Val - Loss, MSE, RMSE, MAE, MAPE: 0.00275, 0.00275, 0.05246, 0.03103, 8.04%
Test - Best epoch, Loss, MSE, RMSE, MAE, MAPE: 78, 0.00265, 0.00265, 0.05143, 0.03070, 7.05%
Time spent: 42.92s
- Epoch 082, ExpID 96294
Train - Loss (one batch): 0.00184
Val - Loss, MSE, RMSE, MAE, MAPE: 0.00274, 0.00274, 0.05235, 0.03074, 8.02%
Test - Best epoch, Loss, MSE, RMSE, MAE, MAPE: 78, 0.00265, 0.00265, 0.05143, 0.03070, 7.05%
Time spent: 42.87s
- Epoch 083, ExpID 96294
Train - Loss (one batch): 0.00249
Val - Loss, MSE, RMSE, MAE, MAPE: 0.00274, 0.00274, 0.05233, 0.03089, 8.03%
Test - Best epoch, Loss, MSE, RMSE, MAE, MAPE: 78, 0.00265, 0.00265, 0.05143, 0.03070, 7.05%
Time spent: 37.86s
- Epoch 084, ExpID 96294
Train - Loss (one batch): 0.00264
Val - Loss, MSE, RMSE, MAE, MAPE: 0.00273, 0.00273, 0.05229, 0.03090, 8.02%
Test - Best epoch, Loss, MSE, RMSE, MAE, MAPE: 84, 0.00265, 0.00265, 0.05147, 0.03087, 7.08%
Time spent: 24.84s
- Epoch 085, ExpID 96294
Train - Loss (one batch): 0.00265
Val - Loss, MSE, RMSE, MAE, MAPE: 0.00274, 0.00274, 0.05232, 0.03086, 8.06%
Test - Best epoch, Loss, MSE, RMSE, MAE, MAPE: 84, 0.00265, 0.00265, 0.05147, 0.03087, 7.08%
Time spent: 22.48s
- Epoch 086, ExpID 96294
Train - Loss (one batch): 0.00236
Val - Loss, MSE, RMSE, MAE, MAPE: 0.00275, 0.00275, 0.05240, 0.03102, 8.16%
Test - Best epoch, Loss, MSE, RMSE, MAE, MAPE: 84, 0.00265, 0.00265, 0.05147, 0.03087, 7.08%
Time spent: 22.52s
- Epoch 087, ExpID 96294
Train - Loss (one batch): 0.00188
Val - Loss, MSE, RMSE, MAE, MAPE: 0.00274, 0.00274, 0.05235, 0.03089, 7.99%
Test - Best epoch, Loss, MSE, RMSE, MAE, MAPE: 84, 0.00265, 0.00265, 0.05147, 0.03087, 7.08%
Time spent: 22.76s
- Epoch 088, ExpID 96294
Train - Loss (one batch): 0.00200
Val - Loss, MSE, RMSE, MAE, MAPE: 0.00274, 0.00274, 0.05232, 0.03072, 8.01%
Test - Best epoch, Loss, MSE, RMSE, MAE, MAPE: 84, 0.00265, 0.00265, 0.05147, 0.03087, 7.08%
Time spent: 22.40s
- Epoch 089, ExpID 96294
Train - Loss (one batch): 0.00264
Val - Loss, MSE, RMSE, MAE, MAPE: 0.00276, 0.00276, 0.05255, 0.03108, 8.14%
Test - Best epoch, Loss, MSE, RMSE, MAE, MAPE: 84, 0.00265, 0.00265, 0.05147, 0.03087, 7.08%
Time spent: 22.76s
- Epoch 090, ExpID 96294
Train - Loss (one batch): 0.00221
Val - Loss, MSE, RMSE, MAE, MAPE: 0.00273, 0.00273, 0.05229, 0.03097, 8.06%
Test - Best epoch, Loss, MSE, RMSE, MAE, MAPE: 84, 0.00265, 0.00265, 0.05147, 0.03087, 7.08%
Time spent: 22.56s
- Epoch 091, ExpID 96294
Train - Loss (one batch): 0.00195
Val - Loss, MSE, RMSE, MAE, MAPE: 0.00275, 0.00275, 0.05244, 0.03097, 8.09%
Test - Best epoch, Loss, MSE, RMSE, MAE, MAPE: 84, 0.00265, 0.00265, 0.05147, 0.03087, 7.08%
Time spent: 22.75s
- Epoch 092, ExpID 96294
Train - Loss (one batch): 0.00223
Val - Loss, MSE, RMSE, MAE, MAPE: 0.00274, 0.00274, 0.05239, 0.03080, 8.00%
Test - Best epoch, Loss, MSE, RMSE, MAE, MAPE: 84, 0.00265, 0.00265, 0.05147, 0.03087, 7.08%
Time spent: 22.50s
- Epoch 093, ExpID 96294
Train - Loss (one batch): 0.00311
Val - Loss, MSE, RMSE, MAE, MAPE: 0.00274, 0.00274, 0.05234, 0.03078, 8.07%
Test - Best epoch, Loss, MSE, RMSE, MAE, MAPE: 84, 0.00265, 0.00265, 0.05147, 0.03087, 7.08%
Time spent: 22.63s
- Epoch 094, ExpID 96294
Train - Loss (one batch): 0.00208
Val - Loss, MSE, RMSE, MAE, MAPE: 0.00275, 0.00275, 0.05241, 0.03105, 8.19%
Test - Best epoch, Loss, MSE, RMSE, MAE, MAPE: 84, 0.00265, 0.00265, 0.05147, 0.03087, 7.08%
Time spent: 22.57s
- Epoch 095, ExpID 96294
Train - Loss (one batch): 0.00346
Val - Loss, MSE, RMSE, MAE, MAPE: 0.00275, 0.00275, 0.05241, 0.03131, 8.20%
Test - Best epoch, Loss, MSE, RMSE, MAE, MAPE: 84, 0.00265, 0.00265, 0.05147, 0.03087, 7.08%
Time spent: 22.44s
- Epoch 096, ExpID 96294
Train - Loss (one batch): 0.00211
Val - Loss, MSE, RMSE, MAE, MAPE: 0.00273, 0.00273, 0.05229, 0.03076, 7.96%
Test - Best epoch, Loss, MSE, RMSE, MAE, MAPE: 96, 0.00265, 0.00265, 0.05145, 0.03069, 7.03%
Time spent: 24.80s
- Epoch 097, ExpID 96294
Train - Loss (one batch): 0.00228
Val - Loss, MSE, RMSE, MAE, MAPE: 0.00274, 0.00274, 0.05235, 0.03086, 8.01%
Test - Best epoch, Loss, MSE, RMSE, MAE, MAPE: 96, 0.00265, 0.00265, 0.05145, 0.03069, 7.03%
Time spent: 22.49s
- Epoch 098, ExpID 96294
Train - Loss (one batch): 0.00248
Val - Loss, MSE, RMSE, MAE, MAPE: 0.00274, 0.00274, 0.05232, 0.03074, 7.97%
Test - Best epoch, Loss, MSE, RMSE, MAE, MAPE: 96, 0.00265, 0.00265, 0.05145, 0.03069, 7.03%
Time spent: 22.17s
- Epoch 099, ExpID 96294
Train - Loss (one batch): 0.00220
Val - Loss, MSE, RMSE, MAE, MAPE: 0.00275, 0.00275, 0.05242, 0.03102, 7.98%
Test - Best epoch, Loss, MSE, RMSE, MAE, MAPE: 96, 0.00265, 0.00265, 0.05145, 0.03069, 7.03%
Time spent: 22.15s
- Epoch 100, ExpID 96294
Train - Loss (one batch): 0.00277
Val - Loss, MSE, RMSE, MAE, MAPE: 0.00273, 0.00273, 0.05230, 0.03085, 8.09%
Test - Best epoch, Loss, MSE, RMSE, MAE, MAPE: 96, 0.00265, 0.00265, 0.05145, 0.03069, 7.03%
Time spent: 22.52s
- Epoch 101, ExpID 96294
Train - Loss (one batch): 0.00258
Val - Loss, MSE, RMSE, MAE, MAPE: 0.00275, 0.00275, 0.05242, 0.03105, 7.99%
Test - Best epoch, Loss, MSE, RMSE, MAE, MAPE: 96, 0.00265, 0.00265, 0.05145, 0.03069, 7.03%
Time spent: 23.06s
- Epoch 102, ExpID 96294
Train - Loss (one batch): 0.00231
Val - Loss, MSE, RMSE, MAE, MAPE: 0.00275, 0.00275, 0.05243, 0.03110, 8.18%
Test - Best epoch, Loss, MSE, RMSE, MAE, MAPE: 96, 0.00265, 0.00265, 0.05145, 0.03069, 7.03%
Time spent: 22.54s
- Epoch 103, ExpID 96294
Train - Loss (one batch): 0.00248
Val - Loss, MSE, RMSE, MAE, MAPE: 0.00273, 0.00273, 0.05229, 0.03082, 8.06%
Test - Best epoch, Loss, MSE, RMSE, MAE, MAPE: 96, 0.00265, 0.00265, 0.05145, 0.03069, 7.03%
Time spent: 22.29s
- Epoch 104, ExpID 96294
Train - Loss (one batch): 0.00236
Val - Loss, MSE, RMSE, MAE, MAPE: 0.00275, 0.00275, 0.05243, 0.03083, 8.05%
Test - Best epoch, Loss, MSE, RMSE, MAE, MAPE: 96, 0.00265, 0.00265, 0.05145, 0.03069, 7.03%
Time spent: 22.16s
- Epoch 105, ExpID 96294
Train - Loss (one batch): 0.00224
Val - Loss, MSE, RMSE, MAE, MAPE: 0.00274, 0.00274, 0.05230, 0.03083, 8.06%
Test - Best epoch, Loss, MSE, RMSE, MAE, MAPE: 96, 0.00265, 0.00265, 0.05145, 0.03069, 7.03%
Time spent: 22.55s
- Epoch 106, ExpID 96294
Train - Loss (one batch): 0.00267
Val - Loss, MSE, RMSE, MAE, MAPE: 0.00274, 0.00274, 0.05233, 0.03082, 8.00%
Test - Best epoch, Loss, MSE, RMSE, MAE, MAPE: 96, 0.00265, 0.00265, 0.05145, 0.03069, 7.03%
Time spent: 22.26s
- Epoch 107, ExpID 96294
Train - Loss (one batch): 0.00298
Val - Loss, MSE, RMSE, MAE, MAPE: 0.00273, 0.00273, 0.05229, 0.03086, 8.09%
Test - Best epoch, Loss, MSE, RMSE, MAE, MAPE: 96, 0.00265, 0.00265, 0.05145, 0.03069, 7.03%
Time spent: 22.72s
- Epoch 108, ExpID 96294
Train - Loss (one batch): 0.00165
Val - Loss, MSE, RMSE, MAE, MAPE: 0.00274, 0.00274, 0.05235, 0.03081, 8.05%
Test - Best epoch, Loss, MSE, RMSE, MAE, MAPE: 96, 0.00265, 0.00265, 0.05145, 0.03069, 7.03%
Time spent: 22.54s
- Epoch 109, ExpID 96294
Train - Loss (one batch): 0.00214
Val - Loss, MSE, RMSE, MAE, MAPE: 0.00275, 0.00275, 0.05248, 0.03109, 7.94%
Test - Best epoch, Loss, MSE, RMSE, MAE, MAPE: 96, 0.00265, 0.00265, 0.05145, 0.03069, 7.03%
Time spent: 22.73s
- Epoch 110, ExpID 96294
Train - Loss (one batch): 0.00224
Val - Loss, MSE, RMSE, MAE, MAPE: 0.00274, 0.00274, 0.05233, 0.03088, 8.03%
Test - Best epoch, Loss, MSE, RMSE, MAE, MAPE: 96, 0.00265, 0.00265, 0.05145, 0.03069, 7.03%
Time spent: 22.31s
- Epoch 111, ExpID 96294
Train - Loss (one batch): 0.00232
Val - Loss, MSE, RMSE, MAE, MAPE: 0.00273, 0.00273, 0.05227, 0.03077, 8.03%
Test - Best epoch, Loss, MSE, RMSE, MAE, MAPE: 111, 0.00264, 0.00264, 0.05140, 0.03067, 7.09%
Time spent: 24.36s
- Epoch 112, ExpID 96294
Train - Loss (one batch): 0.00260
Val - Loss, MSE, RMSE, MAE, MAPE: 0.00275, 0.00275, 0.05245, 0.03108, 8.00%
Test - Best epoch, Loss, MSE, RMSE, MAE, MAPE: 111, 0.00264, 0.00264, 0.05140, 0.03067, 7.09%
Time spent: 22.40s
- Epoch 113, ExpID 96294
Train - Loss (one batch): 0.00236
Val - Loss, MSE, RMSE, MAE, MAPE: 0.00274, 0.00274, 0.05233, 0.03082, 8.00%
Test - Best epoch, Loss, MSE, RMSE, MAE, MAPE: 111, 0.00264, 0.00264, 0.05140, 0.03067, 7.09%
Time spent: 22.44s
- Epoch 114, ExpID 96294
Train - Loss (one batch): 0.00236
Val - Loss, MSE, RMSE, MAE, MAPE: 0.00278, 0.00278, 0.05275, 0.03169, 8.06%
Test - Best epoch, Loss, MSE, RMSE, MAE, MAPE: 111, 0.00264, 0.00264, 0.05140, 0.03067, 7.09%
Time spent: 22.76s
- Epoch 115, ExpID 96294
Train - Loss (one batch): 0.00209
Val - Loss, MSE, RMSE, MAE, MAPE: 0.00274, 0.00274, 0.05236, 0.03084, 7.96%
Test - Best epoch, Loss, MSE, RMSE, MAE, MAPE: 111, 0.00264, 0.00264, 0.05140, 0.03067, 7.09%
Time spent: 22.21s
- Epoch 116, ExpID 96294
Train - Loss (one batch): 0.00217
Val - Loss, MSE, RMSE, MAE, MAPE: 0.00273, 0.00273, 0.05230, 0.03071, 8.00%
Test - Best epoch, Loss, MSE, RMSE, MAE, MAPE: 111, 0.00264, 0.00264, 0.05140, 0.03067, 7.09%
Time spent: 22.19s
- Epoch 117, ExpID 96294
Train - Loss (one batch): 0.00248
Val - Loss, MSE, RMSE, MAE, MAPE: 0.00274, 0.00274, 0.05231, 0.03084, 7.96%
Test - Best epoch, Loss, MSE, RMSE, MAE, MAPE: 111, 0.00264, 0.00264, 0.05140, 0.03067, 7.09%
Time spent: 22.34s
- Epoch 118, ExpID 96294
Train - Loss (one batch): 0.00291
Val - Loss, MSE, RMSE, MAE, MAPE: 0.00274, 0.00274, 0.05234, 0.03082, 8.03%
Test - Best epoch, Loss, MSE, RMSE, MAE, MAPE: 111, 0.00264, 0.00264, 0.05140, 0.03067, 7.09%
Time spent: 22.38s
- Epoch 119, ExpID 96294
Train - Loss (one batch): 0.00305
Val - Loss, MSE, RMSE, MAE, MAPE: 0.00273, 0.00273, 0.05229, 0.03071, 8.03%
Test - Best epoch, Loss, MSE, RMSE, MAE, MAPE: 111, 0.00264, 0.00264, 0.05140, 0.03067, 7.09%
Time spent: 22.74s
- Epoch 120, ExpID 96294
Train - Loss (one batch): 0.00222
Val - Loss, MSE, RMSE, MAE, MAPE: 0.00274, 0.00274, 0.05234, 0.03083, 8.07%
Test - Best epoch, Loss, MSE, RMSE, MAE, MAPE: 111, 0.00264, 0.00264, 0.05140, 0.03067, 7.09%
Time spent: 22.08s
- Epoch 121, ExpID 96294
Train - Loss (one batch): 0.00229
Val - Loss, MSE, RMSE, MAE, MAPE: 0.00274, 0.00274, 0.05235, 0.03088, 8.15%
Test - Best epoch, Loss, MSE, RMSE, MAE, MAPE: 111, 0.00264, 0.00264, 0.05140, 0.03067, 7.09%
Time spent: 22.73s
- Epoch 122, ExpID 96294
Train - Loss (one batch): 0.00200
Val - Loss, MSE, RMSE, MAE, MAPE: 0.00273, 0.00273, 0.05225, 0.03076, 8.01%
Test - Best epoch, Loss, MSE, RMSE, MAE, MAPE: 122, 0.00265, 0.00265, 0.05143, 0.03071, 7.08%
Time spent: 24.36s
- Epoch 123, ExpID 96294
Train - Loss (one batch): 0.00298
Val - Loss, MSE, RMSE, MAE, MAPE: 0.00276, 0.00276, 0.05251, 0.03103, 8.16%
Test - Best epoch, Loss, MSE, RMSE, MAE, MAPE: 122, 0.00265, 0.00265, 0.05143, 0.03071, 7.08%
Time spent: 22.15s
- Epoch 124, ExpID 96294
Train - Loss (one batch): 0.00239
Val - Loss, MSE, RMSE, MAE, MAPE: 0.00274, 0.00274, 0.05230, 0.03072, 8.02%
Test - Best epoch, Loss, MSE, RMSE, MAE, MAPE: 122, 0.00265, 0.00265, 0.05143, 0.03071, 7.08%
Time spent: 22.14s
- Epoch 125, ExpID 96294
Train - Loss (one batch): 0.00266
Val - Loss, MSE, RMSE, MAE, MAPE: 0.00274, 0.00274, 0.05236, 0.03073, 8.02%
Test - Best epoch, Loss, MSE, RMSE, MAE, MAPE: 122, 0.00265, 0.00265, 0.05143, 0.03071, 7.08%
Time spent: 22.19s
- Epoch 126, ExpID 96294
Train - Loss (one batch): 0.00206
Val - Loss, MSE, RMSE, MAE, MAPE: 0.00276, 0.00276, 0.05251, 0.03104, 8.10%
Test - Best epoch, Loss, MSE, RMSE, MAE, MAPE: 122, 0.00265, 0.00265, 0.05143, 0.03071, 7.08%
Time spent: 22.27s
- Epoch 127, ExpID 96294
Train - Loss (one batch): 0.00187
Val - Loss, MSE, RMSE, MAE, MAPE: 0.00274, 0.00274, 0.05238, 0.03100, 8.12%
Test - Best epoch, Loss, MSE, RMSE, MAE, MAPE: 122, 0.00265, 0.00265, 0.05143, 0.03071, 7.08%
Time spent: 22.25s
- Epoch 128, ExpID 96294
Train - Loss (one batch): 0.00253
Val - Loss, MSE, RMSE, MAE, MAPE: 0.00275, 0.00275, 0.05246, 0.03108, 7.95%
Test - Best epoch, Loss, MSE, RMSE, MAE, MAPE: 122, 0.00265, 0.00265, 0.05143, 0.03071, 7.08%
Time spent: 22.13s
- Epoch 129, ExpID 96294
Train - Loss (one batch): 0.00240
Val - Loss, MSE, RMSE, MAE, MAPE: 0.00279, 0.00279, 0.05279, 0.03173, 8.45%
Test - Best epoch, Loss, MSE, RMSE, MAE, MAPE: 122, 0.00265, 0.00265, 0.05143, 0.03071, 7.08%
Time spent: 22.10s
- Epoch 130, ExpID 96294
Train - Loss (one batch): 0.00247
Val - Loss, MSE, RMSE, MAE, MAPE: 0.00274, 0.00274, 0.05233, 0.03079, 8.04%
Test - Best epoch, Loss, MSE, RMSE, MAE, MAPE: 122, 0.00265, 0.00265, 0.05143, 0.03071, 7.08%
Time spent: 22.12s
- Epoch 131, ExpID 96294
Train - Loss (one batch): 0.00256
Val - Loss, MSE, RMSE, MAE, MAPE: 0.00277, 0.00277, 0.05262, 0.03128, 8.21%
Test - Best epoch, Loss, MSE, RMSE, MAE, MAPE: 122, 0.00265, 0.00265, 0.05143, 0.03071, 7.08%
Time spent: 22.25s
- Epoch 132, ExpID 96294
Train - Loss (one batch): 0.00216
Val - Loss, MSE, RMSE, MAE, MAPE: 0.00274, 0.00274, 0.05234, 0.03065, 7.91%
Test - Best epoch, Loss, MSE, RMSE, MAE, MAPE: 122, 0.00265, 0.00265, 0.05143, 0.03071, 7.08%
Time spent: 22.34s
- Epoch 133, ExpID 96294
Train - Loss (one batch): 0.00296
Val - Loss, MSE, RMSE, MAE, MAPE: 0.00274, 0.00274, 0.05233, 0.03076, 7.99%
Test - Best epoch, Loss, MSE, RMSE, MAE, MAPE: 122, 0.00265, 0.00265, 0.05143, 0.03071, 7.08%
Time spent: 22.25s
- Epoch 134, ExpID 96294
Train - Loss (one batch): 0.00205
Val - Loss, MSE, RMSE, MAE, MAPE: 0.00275, 0.00275, 0.05240, 0.03113, 8.24%
Test - Best epoch, Loss, MSE, RMSE, MAE, MAPE: 122, 0.00265, 0.00265, 0.05143, 0.03071, 7.08%
Time spent: 22.41s
- Epoch 135, ExpID 96294
Train - Loss (one batch): 0.00237
Val - Loss, MSE, RMSE, MAE, MAPE: 0.00274, 0.00274, 0.05235, 0.03074, 8.03%
Test - Best epoch, Loss, MSE, RMSE, MAE, MAPE: 122, 0.00265, 0.00265, 0.05143, 0.03071, 7.08%
Time spent: 22.12s
- Epoch 136, ExpID 96294
Train - Loss (one batch): 0.00281
Val - Loss, MSE, RMSE, MAE, MAPE: 0.00280, 0.00280, 0.05296, 0.03187, 8.37%
Test - Best epoch, Loss, MSE, RMSE, MAE, MAPE: 122, 0.00265, 0.00265, 0.05143, 0.03071, 7.08%
Time spent: 22.16s
- Epoch 137, ExpID 96294
Train - Loss (one batch): 0.00251
Val - Loss, MSE, RMSE, MAE, MAPE: 0.00275, 0.00275, 0.05242, 0.03087, 7.99%
Test - Best epoch, Loss, MSE, RMSE, MAE, MAPE: 122, 0.00265, 0.00265, 0.05143, 0.03071, 7.08%
Time spent: 22.28s
