/data/hzy/lvm4-ts/IMTS/run_models.py
2025-01-20 18:19:08
run_models.py --model VisionTS-B --dataset activity --state def --history 3000 --patience 15 --batch_size 64 --lr 1e-4 --patch_size 300 --stride 300 --nhead 1 --tf_layer 1 --nlayer 2 --te_dim 5 --node_dim 5 --hid_dim 64 --mask_ratio 0.7 --few_shot_ratio 0.2 --train_mode fine-tune --seed 3 --gpu 3 --finetune_type norm --log_dir few_shot_0.2_finetune --pretrain_weights_dir /data/hzy/lvm4-ts/IMTS/logs/activity/few_shot_0.2/pretrain_weights/Exp84419_VisionTS-B_hid_dim64_te_dim5_node_dim5_mask_ratio0.7_stride300.0_patchsize300.0_seed1_nlayer2_best.pth
Namespace(state='def', n=100000000, hop=1, nhead=1, tf_layer=1, nlayer=2, epoch=1000, patience=15, history=3000, patch_size=300.0, stride=300.0, logmode='a', lr=0.0001, w_decay=0.0, batch_size=64, load=None, seed=3, dataset='activity', log_dir='few_shot_0.2_finetune', pretrain_weights_dir='/data/hzy/lvm4-ts/IMTS/logs/activity/few_shot_0.2/pretrain_weights/Exp84419_VisionTS-B_hid_dim64_te_dim5_node_dim5_mask_ratio0.7_stride300.0_patchsize300.0_seed1_nlayer2_best.pth', quantization=0.0, model='VisionTS-B', mask_flag=False, hid_dim=64, te_dim=5, node_dim=5, gpu='3', log_suffix='', periodicity=None, mask_ratio=0.7, train_mode='fine-tune', TTT=False, ttt_iter=None, ttt_lr=None, apply_lora=False, lora_r=8, lora_alpha=1, lora_dropout=0.0, merge_weights=False, finetune_type='norm', encoder_only=False, few_shot_ratio=0.2, npatch=10, world_size=1, device=device(type='cuda'), ft_type='full', arch='mae_base', vm_pretrained=True, vm_ckpt='./ckpt/', interpolation='bilinear', norm_const=0.4, align_const=0.4, grid_method='linear', if_patch=True, pred_window=1000, npred_patch=4, ndim=12)
- Epoch 000, ExpID 619
Train - Loss (one batch): 0.00341
Val - Loss, MSE, RMSE, MAE, MAPE: 0.00348, 0.00348, 0.05898, 0.03806, 9.18%
Test - Best epoch, Loss, MSE, RMSE, MAE, MAPE: 0, 0.00332, 0.00332, 0.05759, 0.03736, 8.16%
Time spent: 15.51s
- Epoch 001, ExpID 619
Train - Loss (one batch): 0.00215
Val - Loss, MSE, RMSE, MAE, MAPE: 0.00318, 0.00318, 0.05640, 0.03471, 8.60%
Test - Best epoch, Loss, MSE, RMSE, MAE, MAPE: 1, 0.00305, 0.00305, 0.05519, 0.03437, 7.62%
Time spent: 14.58s
- Epoch 002, ExpID 619
Train - Loss (one batch): 0.00386
Val - Loss, MSE, RMSE, MAE, MAPE: 0.00309, 0.00309, 0.05562, 0.03396, 8.57%
Test - Best epoch, Loss, MSE, RMSE, MAE, MAPE: 2, 0.00297, 0.00297, 0.05446, 0.03371, 7.58%
Time spent: 13.91s
- Epoch 003, ExpID 619
Train - Loss (one batch): 0.00436
Val - Loss, MSE, RMSE, MAE, MAPE: 0.00301, 0.00301, 0.05485, 0.03267, 8.37%
Test - Best epoch, Loss, MSE, RMSE, MAE, MAPE: 3, 0.00288, 0.00288, 0.05366, 0.03235, 7.39%
Time spent: 14.57s
- Epoch 004, ExpID 619
Train - Loss (one batch): 0.00336
Val - Loss, MSE, RMSE, MAE, MAPE: 0.00306, 0.00306, 0.05528, 0.03377, 8.47%
Test - Best epoch, Loss, MSE, RMSE, MAE, MAPE: 3, 0.00288, 0.00288, 0.05366, 0.03235, 7.39%
Time spent: 10.21s
- Epoch 005, ExpID 619
Train - Loss (one batch): 0.00228
Val - Loss, MSE, RMSE, MAE, MAPE: 0.00296, 0.00296, 0.05445, 0.03254, 8.42%
Test - Best epoch, Loss, MSE, RMSE, MAE, MAPE: 5, 0.00284, 0.00284, 0.05333, 0.03225, 7.43%
Time spent: 13.93s
- Epoch 006, ExpID 619
Train - Loss (one batch): 0.00288
Val - Loss, MSE, RMSE, MAE, MAPE: 0.00297, 0.00297, 0.05453, 0.03288, 8.60%
Test - Best epoch, Loss, MSE, RMSE, MAE, MAPE: 5, 0.00284, 0.00284, 0.05333, 0.03225, 7.43%
Time spent: 10.95s
- Epoch 007, ExpID 619
Train - Loss (one batch): 0.00466
Val - Loss, MSE, RMSE, MAE, MAPE: 0.00295, 0.00295, 0.05430, 0.03246, 8.37%
Test - Best epoch, Loss, MSE, RMSE, MAE, MAPE: 7, 0.00283, 0.00283, 0.05321, 0.03216, 7.38%
Time spent: 14.30s
- Epoch 008, ExpID 619
Train - Loss (one batch): 0.00399
Val - Loss, MSE, RMSE, MAE, MAPE: 0.00305, 0.00305, 0.05527, 0.03414, 8.49%
Test - Best epoch, Loss, MSE, RMSE, MAE, MAPE: 7, 0.00283, 0.00283, 0.05321, 0.03216, 7.38%
Time spent: 10.74s
- Epoch 009, ExpID 619
Train - Loss (one batch): 0.00507
Val - Loss, MSE, RMSE, MAE, MAPE: 0.00298, 0.00298, 0.05455, 0.03302, 8.38%
Test - Best epoch, Loss, MSE, RMSE, MAE, MAPE: 7, 0.00283, 0.00283, 0.05321, 0.03216, 7.38%
Time spent: 10.76s
- Epoch 010, ExpID 619
Train - Loss (one batch): 0.00266
Val - Loss, MSE, RMSE, MAE, MAPE: 0.00293, 0.00293, 0.05416, 0.03238, 8.43%
Test - Best epoch, Loss, MSE, RMSE, MAE, MAPE: 10, 0.00282, 0.00282, 0.05309, 0.03206, 7.44%
Time spent: 14.02s
- Epoch 011, ExpID 619
Train - Loss (one batch): 0.00332
Val - Loss, MSE, RMSE, MAE, MAPE: 0.00296, 0.00296, 0.05439, 0.03292, 8.60%
Test - Best epoch, Loss, MSE, RMSE, MAE, MAPE: 10, 0.00282, 0.00282, 0.05309, 0.03206, 7.44%
Time spent: 10.19s
- Epoch 012, ExpID 619
Train - Loss (one batch): 0.00234
Val - Loss, MSE, RMSE, MAE, MAPE: 0.00294, 0.00294, 0.05421, 0.03255, 8.31%
Test - Best epoch, Loss, MSE, RMSE, MAE, MAPE: 10, 0.00282, 0.00282, 0.05309, 0.03206, 7.44%
Time spent: 10.42s
- Epoch 013, ExpID 619
Train - Loss (one batch): 0.00228
Val - Loss, MSE, RMSE, MAE, MAPE: 0.00292, 0.00292, 0.05402, 0.03221, 8.34%
Test - Best epoch, Loss, MSE, RMSE, MAE, MAPE: 13, 0.00281, 0.00281, 0.05298, 0.03191, 7.36%
Time spent: 14.07s
- Epoch 014, ExpID 619
Train - Loss (one batch): 0.00270
Val - Loss, MSE, RMSE, MAE, MAPE: 0.00291, 0.00291, 0.05397, 0.03228, 8.40%
Test - Best epoch, Loss, MSE, RMSE, MAE, MAPE: 14, 0.00280, 0.00280, 0.05294, 0.03201, 7.40%
Time spent: 13.92s
- Epoch 015, ExpID 619
Train - Loss (one batch): 0.00307
Val - Loss, MSE, RMSE, MAE, MAPE: 0.00291, 0.00291, 0.05396, 0.03218, 8.34%
Test - Best epoch, Loss, MSE, RMSE, MAE, MAPE: 15, 0.00280, 0.00280, 0.05293, 0.03191, 7.36%
Time spent: 13.88s
- Epoch 016, ExpID 619
Train - Loss (one batch): 0.00254
Val - Loss, MSE, RMSE, MAE, MAPE: 0.00291, 0.00291, 0.05394, 0.03224, 8.39%
Test - Best epoch, Loss, MSE, RMSE, MAE, MAPE: 16, 0.00280, 0.00280, 0.05291, 0.03196, 7.40%
Time spent: 14.16s
- Epoch 017, ExpID 619
Train - Loss (one batch): 0.00205
Val - Loss, MSE, RMSE, MAE, MAPE: 0.00291, 0.00291, 0.05390, 0.03212, 8.33%
Test - Best epoch, Loss, MSE, RMSE, MAE, MAPE: 17, 0.00280, 0.00280, 0.05288, 0.03185, 7.34%
Time spent: 14.16s
- Epoch 018, ExpID 619
Train - Loss (one batch): 0.00285
Val - Loss, MSE, RMSE, MAE, MAPE: 0.00290, 0.00290, 0.05390, 0.03223, 8.39%
Test - Best epoch, Loss, MSE, RMSE, MAE, MAPE: 18, 0.00280, 0.00280, 0.05289, 0.03195, 7.40%
Time spent: 14.18s
- Epoch 019, ExpID 619
Train - Loss (one batch): 0.00239
Val - Loss, MSE, RMSE, MAE, MAPE: 0.00292, 0.00292, 0.05406, 0.03247, 8.28%
Test - Best epoch, Loss, MSE, RMSE, MAE, MAPE: 18, 0.00280, 0.00280, 0.05289, 0.03195, 7.40%
Time spent: 10.29s
- Epoch 020, ExpID 619
Train - Loss (one batch): 0.00111
Val - Loss, MSE, RMSE, MAE, MAPE: 0.00292, 0.00292, 0.05408, 0.03260, 8.51%
Test - Best epoch, Loss, MSE, RMSE, MAE, MAPE: 18, 0.00280, 0.00280, 0.05289, 0.03195, 7.40%
Time spent: 10.30s
- Epoch 021, ExpID 619
Train - Loss (one batch): 0.00330
Val - Loss, MSE, RMSE, MAE, MAPE: 0.00290, 0.00290, 0.05384, 0.03219, 8.31%
Test - Best epoch, Loss, MSE, RMSE, MAE, MAPE: 21, 0.00279, 0.00279, 0.05284, 0.03195, 7.33%
Time spent: 14.43s
- Epoch 022, ExpID 619
Train - Loss (one batch): 0.00262
Val - Loss, MSE, RMSE, MAE, MAPE: 0.00290, 0.00290, 0.05390, 0.03226, 8.40%
Test - Best epoch, Loss, MSE, RMSE, MAE, MAPE: 21, 0.00279, 0.00279, 0.05284, 0.03195, 7.33%
Time spent: 10.22s
- Epoch 023, ExpID 619
Train - Loss (one batch): 0.00413
Val - Loss, MSE, RMSE, MAE, MAPE: 0.00295, 0.00295, 0.05432, 0.03305, 8.33%
Test - Best epoch, Loss, MSE, RMSE, MAE, MAPE: 21, 0.00279, 0.00279, 0.05284, 0.03195, 7.33%
Time spent: 10.83s
- Epoch 024, ExpID 619
Train - Loss (one batch): 0.00309
Val - Loss, MSE, RMSE, MAE, MAPE: 0.00291, 0.00291, 0.05390, 0.03242, 8.49%
Test - Best epoch, Loss, MSE, RMSE, MAE, MAPE: 21, 0.00279, 0.00279, 0.05284, 0.03195, 7.33%
Time spent: 10.96s
- Epoch 025, ExpID 619
Train - Loss (one batch): 0.00150
Val - Loss, MSE, RMSE, MAE, MAPE: 0.00289, 0.00289, 0.05378, 0.03202, 8.29%
Test - Best epoch, Loss, MSE, RMSE, MAE, MAPE: 25, 0.00279, 0.00279, 0.05278, 0.03176, 7.31%
Time spent: 14.64s
- Epoch 026, ExpID 619
Train - Loss (one batch): 0.00132
Val - Loss, MSE, RMSE, MAE, MAPE: 0.00292, 0.00292, 0.05400, 0.03253, 8.29%
Test - Best epoch, Loss, MSE, RMSE, MAE, MAPE: 25, 0.00279, 0.00279, 0.05278, 0.03176, 7.31%
Time spent: 10.46s
- Epoch 027, ExpID 619
Train - Loss (one batch): 0.00308
Val - Loss, MSE, RMSE, MAE, MAPE: 0.00292, 0.00292, 0.05408, 0.03274, 8.55%
Test - Best epoch, Loss, MSE, RMSE, MAE, MAPE: 25, 0.00279, 0.00279, 0.05278, 0.03176, 7.31%
Time spent: 10.17s
- Epoch 028, ExpID 619
Train - Loss (one batch): 0.00195
Val - Loss, MSE, RMSE, MAE, MAPE: 0.00295, 0.00295, 0.05430, 0.03309, 8.36%
Test - Best epoch, Loss, MSE, RMSE, MAE, MAPE: 25, 0.00279, 0.00279, 0.05278, 0.03176, 7.31%
Time spent: 10.57s
- Epoch 029, ExpID 619
Train - Loss (one batch): 0.00182
Val - Loss, MSE, RMSE, MAE, MAPE: 0.00288, 0.00288, 0.05371, 0.03203, 8.31%
Test - Best epoch, Loss, MSE, RMSE, MAE, MAPE: 29, 0.00278, 0.00278, 0.05272, 0.03179, 7.32%
Time spent: 14.24s
- Epoch 030, ExpID 619
Train - Loss (one batch): 0.00157
Val - Loss, MSE, RMSE, MAE, MAPE: 0.00289, 0.00289, 0.05379, 0.03219, 8.28%
Test - Best epoch, Loss, MSE, RMSE, MAE, MAPE: 29, 0.00278, 0.00278, 0.05272, 0.03179, 7.32%
Time spent: 10.40s
- Epoch 031, ExpID 619
Train - Loss (one batch): 0.00232
Val - Loss, MSE, RMSE, MAE, MAPE: 0.00291, 0.00291, 0.05399, 0.03273, 8.59%
Test - Best epoch, Loss, MSE, RMSE, MAE, MAPE: 29, 0.00278, 0.00278, 0.05272, 0.03179, 7.32%
Time spent: 10.23s
- Epoch 032, ExpID 619
Train - Loss (one batch): 0.00145
Val - Loss, MSE, RMSE, MAE, MAPE: 0.00290, 0.00290, 0.05389, 0.03227, 8.24%
Test - Best epoch, Loss, MSE, RMSE, MAE, MAPE: 29, 0.00278, 0.00278, 0.05272, 0.03179, 7.32%
Time spent: 10.62s
- Epoch 033, ExpID 619
Train - Loss (one batch): 0.00084
Val - Loss, MSE, RMSE, MAE, MAPE: 0.00290, 0.00290, 0.05383, 0.03233, 8.29%
Test - Best epoch, Loss, MSE, RMSE, MAE, MAPE: 29, 0.00278, 0.00278, 0.05272, 0.03179, 7.32%
Time spent: 10.27s
- Epoch 034, ExpID 619
Train - Loss (one batch): 0.00209
Val - Loss, MSE, RMSE, MAE, MAPE: 0.00290, 0.00290, 0.05384, 0.03237, 8.45%
Test - Best epoch, Loss, MSE, RMSE, MAE, MAPE: 29, 0.00278, 0.00278, 0.05272, 0.03179, 7.32%
Time spent: 10.20s
- Epoch 035, ExpID 619
Train - Loss (one batch): 0.00270
Val - Loss, MSE, RMSE, MAE, MAPE: 0.00289, 0.00289, 0.05373, 0.03210, 8.25%
Test - Best epoch, Loss, MSE, RMSE, MAE, MAPE: 29, 0.00278, 0.00278, 0.05272, 0.03179, 7.32%
Time spent: 10.51s
- Epoch 036, ExpID 619
Train - Loss (one batch): 0.00240
Val - Loss, MSE, RMSE, MAE, MAPE: 0.00288, 0.00288, 0.05370, 0.03205, 8.23%
Test - Best epoch, Loss, MSE, RMSE, MAE, MAPE: 36, 0.00278, 0.00278, 0.05274, 0.03185, 7.27%
Time spent: 14.20s
- Epoch 037, ExpID 619
Train - Loss (one batch): 0.00170
Val - Loss, MSE, RMSE, MAE, MAPE: 0.00290, 0.00290, 0.05387, 0.03261, 8.57%
Test - Best epoch, Loss, MSE, RMSE, MAE, MAPE: 36, 0.00278, 0.00278, 0.05274, 0.03185, 7.27%
Time spent: 10.43s
- Epoch 038, ExpID 619
Train - Loss (one batch): 0.00408
Val - Loss, MSE, RMSE, MAE, MAPE: 0.00289, 0.00289, 0.05376, 0.03218, 8.24%
Test - Best epoch, Loss, MSE, RMSE, MAE, MAPE: 36, 0.00278, 0.00278, 0.05274, 0.03185, 7.27%
Time spent: 10.47s
- Epoch 039, ExpID 619
Train - Loss (one batch): 0.00504
Val - Loss, MSE, RMSE, MAE, MAPE: 0.00290, 0.00290, 0.05381, 0.03249, 8.53%
Test - Best epoch, Loss, MSE, RMSE, MAE, MAPE: 36, 0.00278, 0.00278, 0.05274, 0.03185, 7.27%
Time spent: 10.28s
- Epoch 040, ExpID 619
Train - Loss (one batch): 0.00452
Val - Loss, MSE, RMSE, MAE, MAPE: 0.00291, 0.00291, 0.05392, 0.03262, 8.28%
Test - Best epoch, Loss, MSE, RMSE, MAE, MAPE: 36, 0.00278, 0.00278, 0.05274, 0.03185, 7.27%
Time spent: 10.12s
- Epoch 041, ExpID 619
Train - Loss (one batch): 0.00225
Val - Loss, MSE, RMSE, MAE, MAPE: 0.00287, 0.00287, 0.05358, 0.03198, 8.28%
Test - Best epoch, Loss, MSE, RMSE, MAE, MAPE: 41, 0.00277, 0.00277, 0.05261, 0.03174, 7.30%
Time spent: 14.09s
- Epoch 042, ExpID 619
Train - Loss (one batch): 0.00478
Val - Loss, MSE, RMSE, MAE, MAPE: 0.00289, 0.00289, 0.05379, 0.03238, 8.28%
Test - Best epoch, Loss, MSE, RMSE, MAE, MAPE: 41, 0.00277, 0.00277, 0.05261, 0.03174, 7.30%
Time spent: 10.60s
- Epoch 043, ExpID 619
Train - Loss (one batch): 0.00291
Val - Loss, MSE, RMSE, MAE, MAPE: 0.00287, 0.00287, 0.05361, 0.03208, 8.25%
Test - Best epoch, Loss, MSE, RMSE, MAE, MAPE: 41, 0.00277, 0.00277, 0.05261, 0.03174, 7.30%
Time spent: 10.07s
- Epoch 044, ExpID 619
Train - Loss (one batch): 0.00277
Val - Loss, MSE, RMSE, MAE, MAPE: 0.00290, 0.00290, 0.05385, 0.03261, 8.55%
Test - Best epoch, Loss, MSE, RMSE, MAE, MAPE: 41, 0.00277, 0.00277, 0.05261, 0.03174, 7.30%
Time spent: 10.65s
- Epoch 045, ExpID 619
Train - Loss (one batch): 0.00245
Val - Loss, MSE, RMSE, MAE, MAPE: 0.00287, 0.00287, 0.05353, 0.03189, 8.24%
Test - Best epoch, Loss, MSE, RMSE, MAE, MAPE: 45, 0.00277, 0.00277, 0.05260, 0.03172, 7.27%
Time spent: 14.42s
- Epoch 046, ExpID 619
Train - Loss (one batch): 0.00092
Val - Loss, MSE, RMSE, MAE, MAPE: 0.00286, 0.00286, 0.05352, 0.03186, 8.26%
Test - Best epoch, Loss, MSE, RMSE, MAE, MAPE: 46, 0.00276, 0.00276, 0.05258, 0.03166, 7.29%
Time spent: 14.13s
- Epoch 047, ExpID 619
Train - Loss (one batch): 0.00316
Val - Loss, MSE, RMSE, MAE, MAPE: 0.00287, 0.00287, 0.05353, 0.03207, 8.28%
Test - Best epoch, Loss, MSE, RMSE, MAE, MAPE: 46, 0.00276, 0.00276, 0.05258, 0.03166, 7.29%
Time spent: 10.08s
- Epoch 048, ExpID 619
Train - Loss (one batch): 0.00247
Val - Loss, MSE, RMSE, MAE, MAPE: 0.00291, 0.00291, 0.05395, 0.03282, 8.58%
Test - Best epoch, Loss, MSE, RMSE, MAE, MAPE: 46, 0.00276, 0.00276, 0.05258, 0.03166, 7.29%
Time spent: 10.52s
- Epoch 049, ExpID 619
Train - Loss (one batch): 0.00431
Val - Loss, MSE, RMSE, MAE, MAPE: 0.00290, 0.00290, 0.05387, 0.03279, 8.62%
Test - Best epoch, Loss, MSE, RMSE, MAE, MAPE: 46, 0.00276, 0.00276, 0.05258, 0.03166, 7.29%
Time spent: 10.40s
- Epoch 050, ExpID 619
Train - Loss (one batch): 0.00192
Val - Loss, MSE, RMSE, MAE, MAPE: 0.00294, 0.00294, 0.05424, 0.03322, 8.35%
Test - Best epoch, Loss, MSE, RMSE, MAE, MAPE: 46, 0.00276, 0.00276, 0.05258, 0.03166, 7.29%
Time spent: 10.40s
- Epoch 051, ExpID 619
Train - Loss (one batch): 0.00299
Val - Loss, MSE, RMSE, MAE, MAPE: 0.00288, 0.00288, 0.05367, 0.03241, 8.52%
Test - Best epoch, Loss, MSE, RMSE, MAE, MAPE: 46, 0.00276, 0.00276, 0.05258, 0.03166, 7.29%
Time spent: 10.23s
- Epoch 052, ExpID 619
Train - Loss (one batch): 0.00225
Val - Loss, MSE, RMSE, MAE, MAPE: 0.00288, 0.00288, 0.05364, 0.03225, 8.27%
Test - Best epoch, Loss, MSE, RMSE, MAE, MAPE: 46, 0.00276, 0.00276, 0.05258, 0.03166, 7.29%
Time spent: 10.54s
- Epoch 053, ExpID 619
Train - Loss (one batch): 0.00202
Val - Loss, MSE, RMSE, MAE, MAPE: 0.00289, 0.00289, 0.05380, 0.03246, 8.25%
Test - Best epoch, Loss, MSE, RMSE, MAE, MAPE: 46, 0.00276, 0.00276, 0.05258, 0.03166, 7.29%
Time spent: 10.68s
- Epoch 054, ExpID 619
Train - Loss (one batch): 0.00331
Val - Loss, MSE, RMSE, MAE, MAPE: 0.00286, 0.00286, 0.05348, 0.03193, 8.24%
Test - Best epoch, Loss, MSE, RMSE, MAE, MAPE: 54, 0.00276, 0.00276, 0.05255, 0.03174, 7.26%
Time spent: 13.94s
- Epoch 055, ExpID 619
Train - Loss (one batch): 0.00291
Val - Loss, MSE, RMSE, MAE, MAPE: 0.00287, 0.00287, 0.05357, 0.03228, 8.31%
Test - Best epoch, Loss, MSE, RMSE, MAE, MAPE: 54, 0.00276, 0.00276, 0.05255, 0.03174, 7.26%
Time spent: 10.33s
- Epoch 056, ExpID 619
Train - Loss (one batch): 0.00368
Val - Loss, MSE, RMSE, MAE, MAPE: 0.00285, 0.00285, 0.05343, 0.03183, 8.26%
Test - Best epoch, Loss, MSE, RMSE, MAE, MAPE: 56, 0.00276, 0.00276, 0.05249, 0.03162, 7.28%
Time spent: 14.40s
- Epoch 057, ExpID 619
Train - Loss (one batch): 0.00200
Val - Loss, MSE, RMSE, MAE, MAPE: 0.00286, 0.00286, 0.05346, 0.03195, 8.34%
Test - Best epoch, Loss, MSE, RMSE, MAE, MAPE: 56, 0.00276, 0.00276, 0.05249, 0.03162, 7.28%
Time spent: 10.46s
- Epoch 058, ExpID 619
Train - Loss (one batch): 0.00185
Val - Loss, MSE, RMSE, MAE, MAPE: 0.00295, 0.00295, 0.05434, 0.03351, 8.39%
Test - Best epoch, Loss, MSE, RMSE, MAE, MAPE: 56, 0.00276, 0.00276, 0.05249, 0.03162, 7.28%
Time spent: 10.37s
- Epoch 059, ExpID 619
Train - Loss (one batch): 0.00217
Val - Loss, MSE, RMSE, MAE, MAPE: 0.00288, 0.00288, 0.05365, 0.03239, 8.47%
Test - Best epoch, Loss, MSE, RMSE, MAE, MAPE: 56, 0.00276, 0.00276, 0.05249, 0.03162, 7.28%
Time spent: 10.63s
- Epoch 060, ExpID 619
Train - Loss (one batch): 0.00071
Val - Loss, MSE, RMSE, MAE, MAPE: 0.00287, 0.00287, 0.05357, 0.03224, 8.26%
Test - Best epoch, Loss, MSE, RMSE, MAE, MAPE: 56, 0.00276, 0.00276, 0.05249, 0.03162, 7.28%
Time spent: 10.28s
- Epoch 061, ExpID 619
Train - Loss (one batch): 0.00139
Val - Loss, MSE, RMSE, MAE, MAPE: 0.00293, 0.00293, 0.05413, 0.03338, 8.76%
Test - Best epoch, Loss, MSE, RMSE, MAE, MAPE: 56, 0.00276, 0.00276, 0.05249, 0.03162, 7.28%
Time spent: 10.44s
- Epoch 062, ExpID 619
Train - Loss (one batch): 0.00131
Val - Loss, MSE, RMSE, MAE, MAPE: 0.00289, 0.00289, 0.05373, 0.03243, 8.24%
Test - Best epoch, Loss, MSE, RMSE, MAE, MAPE: 56, 0.00276, 0.00276, 0.05249, 0.03162, 7.28%
Time spent: 10.73s
- Epoch 063, ExpID 619
Train - Loss (one batch): 0.00129
Val - Loss, MSE, RMSE, MAE, MAPE: 0.00285, 0.00285, 0.05335, 0.03183, 8.28%
Test - Best epoch, Loss, MSE, RMSE, MAE, MAPE: 63, 0.00275, 0.00275, 0.05242, 0.03162, 7.29%
Time spent: 14.33s
- Epoch 064, ExpID 619
Train - Loss (one batch): 0.00272
Val - Loss, MSE, RMSE, MAE, MAPE: 0.00287, 0.00287, 0.05359, 0.03236, 8.49%
Test - Best epoch, Loss, MSE, RMSE, MAE, MAPE: 63, 0.00275, 0.00275, 0.05242, 0.03162, 7.29%
Time spent: 10.66s
- Epoch 065, ExpID 619
Train - Loss (one batch): 0.00232
Val - Loss, MSE, RMSE, MAE, MAPE: 0.00285, 0.00285, 0.05338, 0.03183, 8.30%
Test - Best epoch, Loss, MSE, RMSE, MAE, MAPE: 63, 0.00275, 0.00275, 0.05242, 0.03162, 7.29%
Time spent: 10.49s
- Epoch 066, ExpID 619
Train - Loss (one batch): 0.00373
Val - Loss, MSE, RMSE, MAE, MAPE: 0.00287, 0.00287, 0.05359, 0.03232, 8.26%
Test - Best epoch, Loss, MSE, RMSE, MAE, MAPE: 63, 0.00275, 0.00275, 0.05242, 0.03162, 7.29%
Time spent: 10.22s
- Epoch 067, ExpID 619
Train - Loss (one batch): 0.00539
Val - Loss, MSE, RMSE, MAE, MAPE: 0.00286, 0.00286, 0.05344, 0.03208, 8.40%
Test - Best epoch, Loss, MSE, RMSE, MAE, MAPE: 63, 0.00275, 0.00275, 0.05242, 0.03162, 7.29%
Time spent: 10.63s
- Epoch 068, ExpID 619
Train - Loss (one batch): 0.00260
Val - Loss, MSE, RMSE, MAE, MAPE: 0.00285, 0.00285, 0.05337, 0.03186, 8.23%
Test - Best epoch, Loss, MSE, RMSE, MAE, MAPE: 63, 0.00275, 0.00275, 0.05242, 0.03162, 7.29%
Time spent: 10.13s
- Epoch 069, ExpID 619
Train - Loss (one batch): 0.00144
Val - Loss, MSE, RMSE, MAE, MAPE: 0.00285, 0.00285, 0.05341, 0.03193, 8.24%
Test - Best epoch, Loss, MSE, RMSE, MAE, MAPE: 63, 0.00275, 0.00275, 0.05242, 0.03162, 7.29%
Time spent: 10.65s
- Epoch 070, ExpID 619
Train - Loss (one batch): 0.00168
Val - Loss, MSE, RMSE, MAE, MAPE: 0.00285, 0.00285, 0.05337, 0.03183, 8.30%
Test - Best epoch, Loss, MSE, RMSE, MAE, MAPE: 63, 0.00275, 0.00275, 0.05242, 0.03162, 7.29%
Time spent: 10.35s
- Epoch 071, ExpID 619
Train - Loss (one batch): 0.00303
Val - Loss, MSE, RMSE, MAE, MAPE: 0.00289, 0.00289, 0.05372, 0.03270, 8.33%
Test - Best epoch, Loss, MSE, RMSE, MAE, MAPE: 63, 0.00275, 0.00275, 0.05242, 0.03162, 7.29%
Time spent: 10.35s
- Epoch 072, ExpID 619
Train - Loss (one batch): 0.00189
Val - Loss, MSE, RMSE, MAE, MAPE: 0.00285, 0.00285, 0.05335, 0.03178, 8.24%
Test - Best epoch, Loss, MSE, RMSE, MAE, MAPE: 72, 0.00275, 0.00275, 0.05243, 0.03158, 7.26%
Time spent: 13.52s
- Epoch 073, ExpID 619
Train - Loss (one batch): 0.00285
Val - Loss, MSE, RMSE, MAE, MAPE: 0.00284, 0.00284, 0.05331, 0.03207, 8.42%
Test - Best epoch, Loss, MSE, RMSE, MAE, MAPE: 73, 0.00275, 0.00275, 0.05241, 0.03188, 7.41%
Time spent: 10.34s
- Epoch 074, ExpID 619
Train - Loss (one batch): 0.00196
Val - Loss, MSE, RMSE, MAE, MAPE: 0.00295, 0.00295, 0.05432, 0.03356, 8.37%
Test - Best epoch, Loss, MSE, RMSE, MAE, MAPE: 73, 0.00275, 0.00275, 0.05241, 0.03188, 7.41%
Time spent: 5.68s
- Epoch 075, ExpID 619
Train - Loss (one batch): 0.00085
Val - Loss, MSE, RMSE, MAE, MAPE: 0.00288, 0.00288, 0.05369, 0.03281, 8.68%
Test - Best epoch, Loss, MSE, RMSE, MAE, MAPE: 73, 0.00275, 0.00275, 0.05241, 0.03188, 7.41%
Time spent: 5.72s
- Epoch 076, ExpID 619
Train - Loss (one batch): 0.00210
Val - Loss, MSE, RMSE, MAE, MAPE: 0.00284, 0.00284, 0.05330, 0.03166, 8.18%
Test - Best epoch, Loss, MSE, RMSE, MAE, MAPE: 76, 0.00275, 0.00275, 0.05241, 0.03146, 7.21%
Time spent: 7.71s
- Epoch 077, ExpID 619
Train - Loss (one batch): 0.00257
Val - Loss, MSE, RMSE, MAE, MAPE: 0.00284, 0.00284, 0.05327, 0.03195, 8.37%
Test - Best epoch, Loss, MSE, RMSE, MAE, MAPE: 77, 0.00274, 0.00274, 0.05235, 0.03175, 7.37%
Time spent: 7.82s
- Epoch 078, ExpID 619
Train - Loss (one batch): 0.00190
Val - Loss, MSE, RMSE, MAE, MAPE: 0.00284, 0.00284, 0.05328, 0.03181, 8.29%
Test - Best epoch, Loss, MSE, RMSE, MAE, MAPE: 77, 0.00274, 0.00274, 0.05235, 0.03175, 7.37%
Time spent: 5.65s
- Epoch 079, ExpID 619
Train - Loss (one batch): 0.00348
Val - Loss, MSE, RMSE, MAE, MAPE: 0.00283, 0.00283, 0.05324, 0.03170, 8.22%
Test - Best epoch, Loss, MSE, RMSE, MAE, MAPE: 79, 0.00274, 0.00274, 0.05234, 0.03152, 7.23%
Time spent: 7.94s
- Epoch 080, ExpID 619
Train - Loss (one batch): 0.00199
Val - Loss, MSE, RMSE, MAE, MAPE: 0.00285, 0.00285, 0.05340, 0.03217, 8.44%
Test - Best epoch, Loss, MSE, RMSE, MAE, MAPE: 79, 0.00274, 0.00274, 0.05234, 0.03152, 7.23%
Time spent: 6.13s
- Epoch 081, ExpID 619
Train - Loss (one batch): 0.00424
Val - Loss, MSE, RMSE, MAE, MAPE: 0.00284, 0.00284, 0.05325, 0.03171, 8.19%
Test - Best epoch, Loss, MSE, RMSE, MAE, MAPE: 79, 0.00274, 0.00274, 0.05234, 0.03152, 7.23%
Time spent: 5.81s
- Epoch 082, ExpID 619
Train - Loss (one batch): 0.00150
Val - Loss, MSE, RMSE, MAE, MAPE: 0.00284, 0.00284, 0.05329, 0.03199, 8.27%
Test - Best epoch, Loss, MSE, RMSE, MAE, MAPE: 79, 0.00274, 0.00274, 0.05234, 0.03152, 7.23%
Time spent: 5.88s
- Epoch 083, ExpID 619
Train - Loss (one batch): 0.00239
Val - Loss, MSE, RMSE, MAE, MAPE: 0.00283, 0.00283, 0.05322, 0.03164, 8.22%
Test - Best epoch, Loss, MSE, RMSE, MAE, MAPE: 83, 0.00274, 0.00274, 0.05232, 0.03144, 7.23%
Time spent: 7.72s
- Epoch 084, ExpID 619
Train - Loss (one batch): 0.00335
Val - Loss, MSE, RMSE, MAE, MAPE: 0.00283, 0.00283, 0.05320, 0.03184, 8.28%
Test - Best epoch, Loss, MSE, RMSE, MAE, MAPE: 84, 0.00274, 0.00274, 0.05233, 0.03171, 7.29%
Time spent: 8.05s
- Epoch 085, ExpID 619
Train - Loss (one batch): 0.00142
Val - Loss, MSE, RMSE, MAE, MAPE: 0.00289, 0.00289, 0.05373, 0.03283, 8.61%
Test - Best epoch, Loss, MSE, RMSE, MAE, MAPE: 84, 0.00274, 0.00274, 0.05233, 0.03171, 7.29%
Time spent: 5.80s
- Epoch 086, ExpID 619
Train - Loss (one batch): 0.00132
Val - Loss, MSE, RMSE, MAE, MAPE: 0.00286, 0.00286, 0.05345, 0.03230, 8.27%
Test - Best epoch, Loss, MSE, RMSE, MAE, MAPE: 84, 0.00274, 0.00274, 0.05233, 0.03171, 7.29%
Time spent: 5.61s
- Epoch 087, ExpID 619
Train - Loss (one batch): 0.00326
Val - Loss, MSE, RMSE, MAE, MAPE: 0.00285, 0.00285, 0.05342, 0.03228, 8.49%
Test - Best epoch, Loss, MSE, RMSE, MAE, MAPE: 84, 0.00274, 0.00274, 0.05233, 0.03171, 7.29%
Time spent: 5.75s
- Epoch 088, ExpID 619
Train - Loss (one batch): 0.00417
Val - Loss, MSE, RMSE, MAE, MAPE: 0.00288, 0.00288, 0.05365, 0.03272, 8.60%
Test - Best epoch, Loss, MSE, RMSE, MAE, MAPE: 84, 0.00274, 0.00274, 0.05233, 0.03171, 7.29%
Time spent: 5.84s
- Epoch 089, ExpID 619
Train - Loss (one batch): 0.00083
Val - Loss, MSE, RMSE, MAE, MAPE: 0.00286, 0.00286, 0.05346, 0.03222, 8.22%
Test - Best epoch, Loss, MSE, RMSE, MAE, MAPE: 84, 0.00274, 0.00274, 0.05233, 0.03171, 7.29%
Time spent: 5.74s
- Epoch 090, ExpID 619
Train - Loss (one batch): 0.00231
Val - Loss, MSE, RMSE, MAE, MAPE: 0.00283, 0.00283, 0.05317, 0.03174, 8.23%
Test - Best epoch, Loss, MSE, RMSE, MAE, MAPE: 90, 0.00274, 0.00274, 0.05232, 0.03161, 7.25%
Time spent: 7.63s
- Epoch 091, ExpID 619
Train - Loss (one batch): 0.00274
Val - Loss, MSE, RMSE, MAE, MAPE: 0.00287, 0.00287, 0.05361, 0.03266, 8.57%
Test - Best epoch, Loss, MSE, RMSE, MAE, MAPE: 90, 0.00274, 0.00274, 0.05232, 0.03161, 7.25%
Time spent: 5.80s
- Epoch 092, ExpID 619
Train - Loss (one batch): 0.00248
Val - Loss, MSE, RMSE, MAE, MAPE: 0.00286, 0.00286, 0.05344, 0.03226, 8.26%
Test - Best epoch, Loss, MSE, RMSE, MAE, MAPE: 90, 0.00274, 0.00274, 0.05232, 0.03161, 7.25%
Time spent: 5.66s
- Epoch 093, ExpID 619
Train - Loss (one batch): 0.00265
Val - Loss, MSE, RMSE, MAE, MAPE: 0.00283, 0.00283, 0.05317, 0.03163, 8.17%
Test - Best epoch, Loss, MSE, RMSE, MAE, MAPE: 90, 0.00274, 0.00274, 0.05232, 0.03161, 7.25%
Time spent: 5.70s
- Epoch 094, ExpID 619
Train - Loss (one batch): 0.00316
Val - Loss, MSE, RMSE, MAE, MAPE: 0.00287, 0.00287, 0.05358, 0.03253, 8.49%
Test - Best epoch, Loss, MSE, RMSE, MAE, MAPE: 90, 0.00274, 0.00274, 0.05232, 0.03161, 7.25%
Time spent: 5.87s
- Epoch 095, ExpID 619
Train - Loss (one batch): 0.00185
Val - Loss, MSE, RMSE, MAE, MAPE: 0.00283, 0.00283, 0.05316, 0.03188, 8.26%
Test - Best epoch, Loss, MSE, RMSE, MAE, MAPE: 95, 0.00274, 0.00274, 0.05234, 0.03179, 7.28%
Time spent: 7.80s
- Epoch 096, ExpID 619
Train - Loss (one batch): 0.00233
Val - Loss, MSE, RMSE, MAE, MAPE: 0.00283, 0.00283, 0.05317, 0.03155, 8.19%
Test - Best epoch, Loss, MSE, RMSE, MAE, MAPE: 95, 0.00274, 0.00274, 0.05234, 0.03179, 7.28%
Time spent: 5.72s
- Epoch 097, ExpID 619
Train - Loss (one batch): 0.00299
Val - Loss, MSE, RMSE, MAE, MAPE: 0.00282, 0.00282, 0.05312, 0.03175, 8.32%
Test - Best epoch, Loss, MSE, RMSE, MAE, MAPE: 97, 0.00273, 0.00273, 0.05226, 0.03159, 7.31%
Time spent: 7.97s
- Epoch 098, ExpID 619
Train - Loss (one batch): 0.00267
Val - Loss, MSE, RMSE, MAE, MAPE: 0.00282, 0.00282, 0.05312, 0.03165, 8.23%
Test - Best epoch, Loss, MSE, RMSE, MAE, MAPE: 98, 0.00273, 0.00273, 0.05226, 0.03149, 7.25%
Time spent: 7.82s
- Epoch 099, ExpID 619
Train - Loss (one batch): 0.00278
Val - Loss, MSE, RMSE, MAE, MAPE: 0.00282, 0.00282, 0.05312, 0.03153, 8.18%
Test - Best epoch, Loss, MSE, RMSE, MAE, MAPE: 99, 0.00273, 0.00273, 0.05225, 0.03136, 7.20%
Time spent: 7.72s
- Epoch 100, ExpID 619
Train - Loss (one batch): 0.00290
Val - Loss, MSE, RMSE, MAE, MAPE: 0.00286, 0.00286, 0.05344, 0.03242, 8.32%
Test - Best epoch, Loss, MSE, RMSE, MAE, MAPE: 99, 0.00273, 0.00273, 0.05225, 0.03136, 7.20%
Time spent: 5.66s
- Epoch 101, ExpID 619
Train - Loss (one batch): 0.00568
Val - Loss, MSE, RMSE, MAE, MAPE: 0.00285, 0.00285, 0.05339, 0.03209, 8.33%
Test - Best epoch, Loss, MSE, RMSE, MAE, MAPE: 99, 0.00273, 0.00273, 0.05225, 0.03136, 7.20%
Time spent: 5.65s
- Epoch 102, ExpID 619
Train - Loss (one batch): 0.00101
Val - Loss, MSE, RMSE, MAE, MAPE: 0.00282, 0.00282, 0.05314, 0.03178, 8.32%
Test - Best epoch, Loss, MSE, RMSE, MAE, MAPE: 99, 0.00273, 0.00273, 0.05225, 0.03136, 7.20%
Time spent: 5.73s
- Epoch 103, ExpID 619
Train - Loss (one batch): 0.00239
Val - Loss, MSE, RMSE, MAE, MAPE: 0.00282, 0.00282, 0.05309, 0.03155, 8.21%
Test - Best epoch, Loss, MSE, RMSE, MAE, MAPE: 103, 0.00273, 0.00273, 0.05224, 0.03141, 7.23%
Time spent: 7.54s
- Epoch 104, ExpID 619
Train - Loss (one batch): 0.00196
Val - Loss, MSE, RMSE, MAE, MAPE: 0.00283, 0.00283, 0.05317, 0.03186, 8.34%
Test - Best epoch, Loss, MSE, RMSE, MAE, MAPE: 103, 0.00273, 0.00273, 0.05224, 0.03141, 7.23%
Time spent: 5.59s
- Epoch 105, ExpID 619
Train - Loss (one batch): 0.00139
Val - Loss, MSE, RMSE, MAE, MAPE: 0.00282, 0.00282, 0.05312, 0.03152, 8.16%
Test - Best epoch, Loss, MSE, RMSE, MAE, MAPE: 103, 0.00273, 0.00273, 0.05224, 0.03141, 7.23%
Time spent: 5.68s
- Epoch 106, ExpID 619
Train - Loss (one batch): 0.00166
Val - Loss, MSE, RMSE, MAE, MAPE: 0.00282, 0.00282, 0.05311, 0.03158, 8.17%
Test - Best epoch, Loss, MSE, RMSE, MAE, MAPE: 103, 0.00273, 0.00273, 0.05224, 0.03141, 7.23%
Time spent: 5.69s
- Epoch 107, ExpID 619
Train - Loss (one batch): 0.00452
Val - Loss, MSE, RMSE, MAE, MAPE: 0.00282, 0.00282, 0.05308, 0.03170, 8.29%
Test - Best epoch, Loss, MSE, RMSE, MAE, MAPE: 107, 0.00273, 0.00273, 0.05223, 0.03156, 7.29%
Time spent: 7.76s
- Epoch 108, ExpID 619
Train - Loss (one batch): 0.00139
Val - Loss, MSE, RMSE, MAE, MAPE: 0.00286, 0.00286, 0.05348, 0.03231, 8.37%
Test - Best epoch, Loss, MSE, RMSE, MAE, MAPE: 107, 0.00273, 0.00273, 0.05223, 0.03156, 7.29%
Time spent: 5.54s
- Epoch 109, ExpID 619
Train - Loss (one batch): 0.00166
Val - Loss, MSE, RMSE, MAE, MAPE: 0.00282, 0.00282, 0.05311, 0.03180, 8.36%
Test - Best epoch, Loss, MSE, RMSE, MAE, MAPE: 107, 0.00273, 0.00273, 0.05223, 0.03156, 7.29%
Time spent: 5.56s
- Epoch 110, ExpID 619
Train - Loss (one batch): 0.00316
Val - Loss, MSE, RMSE, MAE, MAPE: 0.00285, 0.00285, 0.05334, 0.03202, 8.18%
Test - Best epoch, Loss, MSE, RMSE, MAE, MAPE: 107, 0.00273, 0.00273, 0.05223, 0.03156, 7.29%
Time spent: 5.72s
- Epoch 111, ExpID 619
Train - Loss (one batch): 0.00238
Val - Loss, MSE, RMSE, MAE, MAPE: 0.00282, 0.00282, 0.05314, 0.03170, 8.18%
Test - Best epoch, Loss, MSE, RMSE, MAE, MAPE: 107, 0.00273, 0.00273, 0.05223, 0.03156, 7.29%
Time spent: 5.66s
- Epoch 112, ExpID 619
Train - Loss (one batch): 0.00155
Val - Loss, MSE, RMSE, MAE, MAPE: 0.00282, 0.00282, 0.05308, 0.03163, 8.19%
Test - Best epoch, Loss, MSE, RMSE, MAE, MAPE: 107, 0.00273, 0.00273, 0.05223, 0.03156, 7.29%
Time spent: 5.71s
- Epoch 113, ExpID 619
Train - Loss (one batch): 0.00109
Val - Loss, MSE, RMSE, MAE, MAPE: 0.00282, 0.00282, 0.05307, 0.03159, 8.24%
Test - Best epoch, Loss, MSE, RMSE, MAE, MAPE: 113, 0.00273, 0.00273, 0.05222, 0.03143, 7.24%
Time spent: 7.68s
- Epoch 114, ExpID 619
Train - Loss (one batch): 0.00221
Val - Loss, MSE, RMSE, MAE, MAPE: 0.00284, 0.00284, 0.05326, 0.03199, 8.19%
Test - Best epoch, Loss, MSE, RMSE, MAE, MAPE: 113, 0.00273, 0.00273, 0.05222, 0.03143, 7.24%
Time spent: 5.61s
- Epoch 115, ExpID 619
Train - Loss (one batch): 0.00356
Val - Loss, MSE, RMSE, MAE, MAPE: 0.00281, 0.00281, 0.05304, 0.03152, 8.18%
Test - Best epoch, Loss, MSE, RMSE, MAE, MAPE: 115, 0.00273, 0.00273, 0.05222, 0.03141, 7.21%
Time spent: 7.71s
- Epoch 116, ExpID 619
Train - Loss (one batch): 0.00312
Val - Loss, MSE, RMSE, MAE, MAPE: 0.00289, 0.00289, 0.05372, 0.03270, 8.27%
Test - Best epoch, Loss, MSE, RMSE, MAE, MAPE: 115, 0.00273, 0.00273, 0.05222, 0.03141, 7.21%
Time spent: 5.64s
- Epoch 117, ExpID 619
Train - Loss (one batch): 0.00250
Val - Loss, MSE, RMSE, MAE, MAPE: 0.00291, 0.00291, 0.05398, 0.03347, 8.75%
Test - Best epoch, Loss, MSE, RMSE, MAE, MAPE: 115, 0.00273, 0.00273, 0.05222, 0.03141, 7.21%
Time spent: 5.80s
- Epoch 118, ExpID 619
Train - Loss (one batch): 0.00318
Val - Loss, MSE, RMSE, MAE, MAPE: 0.00282, 0.00282, 0.05306, 0.03173, 8.32%
Test - Best epoch, Loss, MSE, RMSE, MAE, MAPE: 115, 0.00273, 0.00273, 0.05222, 0.03141, 7.21%
Time spent: 6.05s
- Epoch 119, ExpID 619
Train - Loss (one batch): 0.00210
Val - Loss, MSE, RMSE, MAE, MAPE: 0.00281, 0.00281, 0.05305, 0.03154, 8.20%
Test - Best epoch, Loss, MSE, RMSE, MAE, MAPE: 115, 0.00273, 0.00273, 0.05222, 0.03141, 7.21%
Time spent: 5.79s
- Epoch 120, ExpID 619
Train - Loss (one batch): 0.00159
Val - Loss, MSE, RMSE, MAE, MAPE: 0.00285, 0.00285, 0.05342, 0.03249, 8.58%
Test - Best epoch, Loss, MSE, RMSE, MAE, MAPE: 115, 0.00273, 0.00273, 0.05222, 0.03141, 7.21%
Time spent: 5.68s
- Epoch 121, ExpID 619
Train - Loss (one batch): 0.00154
Val - Loss, MSE, RMSE, MAE, MAPE: 0.00289, 0.00289, 0.05372, 0.03271, 8.25%
Test - Best epoch, Loss, MSE, RMSE, MAE, MAPE: 115, 0.00273, 0.00273, 0.05222, 0.03141, 7.21%
Time spent: 5.61s
- Epoch 122, ExpID 619
Train - Loss (one batch): 0.00279
Val - Loss, MSE, RMSE, MAE, MAPE: 0.00283, 0.00283, 0.05318, 0.03191, 8.37%
Test - Best epoch, Loss, MSE, RMSE, MAE, MAPE: 115, 0.00273, 0.00273, 0.05222, 0.03141, 7.21%
Time spent: 5.63s
- Epoch 123, ExpID 619
Train - Loss (one batch): 0.00274
Val - Loss, MSE, RMSE, MAE, MAPE: 0.00283, 0.00283, 0.05319, 0.03180, 8.16%
Test - Best epoch, Loss, MSE, RMSE, MAE, MAPE: 115, 0.00273, 0.00273, 0.05222, 0.03141, 7.21%
Time spent: 5.61s
- Epoch 124, ExpID 619
Train - Loss (one batch): 0.00337
Val - Loss, MSE, RMSE, MAE, MAPE: 0.00289, 0.00289, 0.05374, 0.03273, 8.25%
Test - Best epoch, Loss, MSE, RMSE, MAE, MAPE: 115, 0.00273, 0.00273, 0.05222, 0.03141, 7.21%
Time spent: 5.49s
- Epoch 125, ExpID 619
Train - Loss (one batch): 0.00327
Val - Loss, MSE, RMSE, MAE, MAPE: 0.00284, 0.00284, 0.05332, 0.03232, 8.55%
Test - Best epoch, Loss, MSE, RMSE, MAE, MAPE: 115, 0.00273, 0.00273, 0.05222, 0.03141, 7.21%
Time spent: 5.56s
- Epoch 126, ExpID 619
Train - Loss (one batch): 0.00134
Val - Loss, MSE, RMSE, MAE, MAPE: 0.00296, 0.00296, 0.05437, 0.03373, 8.37%
Test - Best epoch, Loss, MSE, RMSE, MAE, MAPE: 115, 0.00273, 0.00273, 0.05222, 0.03141, 7.21%
Time spent: 5.55s
- Epoch 127, ExpID 619
Train - Loss (one batch): 0.00248
Val - Loss, MSE, RMSE, MAE, MAPE: 0.00283, 0.00283, 0.05321, 0.03206, 8.45%
Test - Best epoch, Loss, MSE, RMSE, MAE, MAPE: 115, 0.00273, 0.00273, 0.05222, 0.03141, 7.21%
Time spent: 5.78s
- Epoch 128, ExpID 619
Train - Loss (one batch): 0.00210
Val - Loss, MSE, RMSE, MAE, MAPE: 0.00283, 0.00283, 0.05317, 0.03166, 8.14%
Test - Best epoch, Loss, MSE, RMSE, MAE, MAPE: 115, 0.00273, 0.00273, 0.05222, 0.03141, 7.21%
Time spent: 5.70s
- Epoch 129, ExpID 619
Train - Loss (one batch): 0.00391
Val - Loss, MSE, RMSE, MAE, MAPE: 0.00282, 0.00282, 0.05314, 0.03168, 8.15%
Test - Best epoch, Loss, MSE, RMSE, MAE, MAPE: 115, 0.00273, 0.00273, 0.05222, 0.03141, 7.21%
Time spent: 5.57s
- Epoch 130, ExpID 619
Train - Loss (one batch): 0.00480
Val - Loss, MSE, RMSE, MAE, MAPE: 0.00289, 0.00289, 0.05379, 0.03326, 8.84%
Test - Best epoch, Loss, MSE, RMSE, MAE, MAPE: 115, 0.00273, 0.00273, 0.05222, 0.03141, 7.21%
Time spent: 5.68s
