/data/hzy/lvm4-ts/IMTS/run_models.py
2025-01-21 02:11:11
run_models.py --model VisionTS-B --dataset activity --state def --history 3000 --patience 15 --batch_size 64 --lr 1e-4 --patch_size 300 --stride 300 --nhead 1 --tf_layer 1 --nlayer 2 --te_dim 5 --node_dim 5 --hid_dim 64 --mask_ratio 0.7 --few_shot_ratio 0.5 --train_mode fine-tune --seed 3 --gpu 2 --finetune_type norm --log_dir few_shot_0.5_finetune --pretrain_weights_dir /data/hzy/lvm4-ts/IMTS/logs/activity/few_shot_0.5/pretrain_weights/Exp4657_VisionTS-B_hid_dim64_te_dim5_node_dim5_mask_ratio0.7_stride300.0_patchsize300.0_seed1_nlayer2_best.pth
Namespace(state='def', n=100000000, hop=1, nhead=1, tf_layer=1, nlayer=2, epoch=1000, patience=15, history=3000, patch_size=300.0, stride=300.0, logmode='a', lr=0.0001, w_decay=0.0, batch_size=64, load=None, seed=3, dataset='activity', log_dir='few_shot_0.5_finetune', pretrain_weights_dir='/data/hzy/lvm4-ts/IMTS/logs/activity/few_shot_0.5/pretrain_weights/Exp4657_VisionTS-B_hid_dim64_te_dim5_node_dim5_mask_ratio0.7_stride300.0_patchsize300.0_seed1_nlayer2_best.pth', quantization=0.0, model='VisionTS-B', mask_flag=False, hid_dim=64, te_dim=5, node_dim=5, gpu='2', log_suffix='', periodicity=None, mask_ratio=0.7, train_mode='fine-tune', TTT=False, ttt_iter=None, ttt_lr=None, apply_lora=False, lora_r=8, lora_alpha=1, lora_dropout=0.0, merge_weights=False, finetune_type='norm', encoder_only=False, few_shot_ratio=0.5, npatch=10, world_size=1, device=device(type='cuda'), ft_type='full', arch='mae_base', vm_pretrained=True, vm_ckpt='./ckpt/', interpolation='bilinear', norm_const=0.4, align_const=0.4, grid_method='linear', if_patch=True, pred_window=1000, npred_patch=4, ndim=12)
- Epoch 000, ExpID 92930
Train - Loss (one batch): 0.00205
Val - Loss, MSE, RMSE, MAE, MAPE: 0.00306, 0.00306, 0.05529, 0.03395, 8.92%
Test - Best epoch, Loss, MSE, RMSE, MAE, MAPE: 0, 0.00293, 0.00293, 0.05416, 0.03357, 7.88%
Time spent: 13.53s
- Epoch 001, ExpID 92930
Train - Loss (one batch): 0.00101
Val - Loss, MSE, RMSE, MAE, MAPE: 0.00296, 0.00296, 0.05443, 0.03252, 8.43%
Test - Best epoch, Loss, MSE, RMSE, MAE, MAPE: 1, 0.00285, 0.00285, 0.05338, 0.03219, 7.45%
Time spent: 14.27s
- Epoch 002, ExpID 92930
Train - Loss (one batch): 0.00205
Val - Loss, MSE, RMSE, MAE, MAPE: 0.00294, 0.00294, 0.05425, 0.03246, 8.44%
Test - Best epoch, Loss, MSE, RMSE, MAE, MAPE: 2, 0.00284, 0.00284, 0.05326, 0.03215, 7.46%
Time spent: 14.13s
- Epoch 003, ExpID 92930
Train - Loss (one batch): 0.00130
Val - Loss, MSE, RMSE, MAE, MAPE: 0.00293, 0.00293, 0.05412, 0.03241, 8.43%
Test - Best epoch, Loss, MSE, RMSE, MAE, MAPE: 3, 0.00283, 0.00283, 0.05317, 0.03211, 7.45%
Time spent: 14.15s
- Epoch 004, ExpID 92930
Train - Loss (one batch): 0.00334
Val - Loss, MSE, RMSE, MAE, MAPE: 0.00290, 0.00290, 0.05388, 0.03205, 8.34%
Test - Best epoch, Loss, MSE, RMSE, MAE, MAPE: 4, 0.00280, 0.00280, 0.05294, 0.03175, 7.36%
Time spent: 14.05s
- Epoch 005, ExpID 92930
Train - Loss (one batch): 0.00252
Val - Loss, MSE, RMSE, MAE, MAPE: 0.00292, 0.00292, 0.05403, 0.03250, 8.29%
Test - Best epoch, Loss, MSE, RMSE, MAE, MAPE: 4, 0.00280, 0.00280, 0.05294, 0.03175, 7.36%
Time spent: 11.86s
- Epoch 006, ExpID 92930
Train - Loss (one batch): 0.00340
Val - Loss, MSE, RMSE, MAE, MAPE: 0.00289, 0.00289, 0.05380, 0.03203, 8.22%
Test - Best epoch, Loss, MSE, RMSE, MAE, MAPE: 6, 0.00280, 0.00280, 0.05288, 0.03177, 7.26%
Time spent: 13.98s
- Epoch 007, ExpID 92930
Train - Loss (one batch): 0.00513
Val - Loss, MSE, RMSE, MAE, MAPE: 0.00289, 0.00289, 0.05377, 0.03221, 8.28%
Test - Best epoch, Loss, MSE, RMSE, MAE, MAPE: 7, 0.00279, 0.00279, 0.05286, 0.03200, 7.32%
Time spent: 14.24s
- Epoch 008, ExpID 92930
Train - Loss (one batch): 0.00214
Val - Loss, MSE, RMSE, MAE, MAPE: 0.00288, 0.00288, 0.05367, 0.03215, 8.33%
Test - Best epoch, Loss, MSE, RMSE, MAE, MAPE: 8, 0.00278, 0.00278, 0.05275, 0.03193, 7.35%
Time spent: 14.26s
- Epoch 009, ExpID 92930
Train - Loss (one batch): 0.00131
Val - Loss, MSE, RMSE, MAE, MAPE: 0.00287, 0.00287, 0.05359, 0.03203, 8.41%
Test - Best epoch, Loss, MSE, RMSE, MAE, MAPE: 9, 0.00278, 0.00278, 0.05268, 0.03177, 7.41%
Time spent: 14.16s
- Epoch 010, ExpID 92930
Train - Loss (one batch): 0.00266
Val - Loss, MSE, RMSE, MAE, MAPE: 0.00287, 0.00287, 0.05353, 0.03186, 8.31%
Test - Best epoch, Loss, MSE, RMSE, MAE, MAPE: 10, 0.00277, 0.00277, 0.05262, 0.03162, 7.34%
Time spent: 14.07s
- Epoch 011, ExpID 92930
Train - Loss (one batch): 0.00149
Val - Loss, MSE, RMSE, MAE, MAPE: 0.00290, 0.00290, 0.05383, 0.03255, 8.54%
Test - Best epoch, Loss, MSE, RMSE, MAE, MAPE: 10, 0.00277, 0.00277, 0.05262, 0.03162, 7.34%
Time spent: 12.15s
- Epoch 012, ExpID 92930
Train - Loss (one batch): 0.00119
Val - Loss, MSE, RMSE, MAE, MAPE: 0.00286, 0.00286, 0.05344, 0.03190, 8.32%
Test - Best epoch, Loss, MSE, RMSE, MAE, MAPE: 12, 0.00276, 0.00276, 0.05255, 0.03166, 7.34%
Time spent: 14.36s
- Epoch 013, ExpID 92930
Train - Loss (one batch): 0.00313
Val - Loss, MSE, RMSE, MAE, MAPE: 0.00285, 0.00285, 0.05338, 0.03183, 8.31%
Test - Best epoch, Loss, MSE, RMSE, MAE, MAPE: 13, 0.00276, 0.00276, 0.05251, 0.03162, 7.33%
Time spent: 14.14s
- Epoch 014, ExpID 92930
Train - Loss (one batch): 0.00123
Val - Loss, MSE, RMSE, MAE, MAPE: 0.00285, 0.00285, 0.05340, 0.03185, 8.33%
Test - Best epoch, Loss, MSE, RMSE, MAE, MAPE: 13, 0.00276, 0.00276, 0.05251, 0.03162, 7.33%
Time spent: 11.90s
- Epoch 015, ExpID 92930
Train - Loss (one batch): 0.00199
Val - Loss, MSE, RMSE, MAE, MAPE: 0.00288, 0.00288, 0.05366, 0.03244, 8.52%
Test - Best epoch, Loss, MSE, RMSE, MAE, MAPE: 13, 0.00276, 0.00276, 0.05251, 0.03162, 7.33%
Time spent: 11.99s
- Epoch 016, ExpID 92930
Train - Loss (one batch): 0.00109
Val - Loss, MSE, RMSE, MAE, MAPE: 0.00284, 0.00284, 0.05331, 0.03180, 8.33%
Test - Best epoch, Loss, MSE, RMSE, MAE, MAPE: 16, 0.00275, 0.00275, 0.05245, 0.03158, 7.35%
Time spent: 14.13s
- Epoch 017, ExpID 92930
Train - Loss (one batch): 0.00148
Val - Loss, MSE, RMSE, MAE, MAPE: 0.00284, 0.00284, 0.05326, 0.03166, 8.23%
Test - Best epoch, Loss, MSE, RMSE, MAE, MAPE: 17, 0.00275, 0.00275, 0.05241, 0.03145, 7.26%
Time spent: 14.03s
- Epoch 018, ExpID 92930
Train - Loss (one batch): 0.00044
Val - Loss, MSE, RMSE, MAE, MAPE: 0.00284, 0.00284, 0.05331, 0.03173, 8.28%
Test - Best epoch, Loss, MSE, RMSE, MAE, MAPE: 17, 0.00275, 0.00275, 0.05241, 0.03145, 7.26%
Time spent: 11.98s
- Epoch 019, ExpID 92930
Train - Loss (one batch): 0.00292
Val - Loss, MSE, RMSE, MAE, MAPE: 0.00283, 0.00283, 0.05323, 0.03176, 8.23%
Test - Best epoch, Loss, MSE, RMSE, MAE, MAPE: 19, 0.00275, 0.00275, 0.05241, 0.03159, 7.26%
Time spent: 14.21s
- Epoch 020, ExpID 92930
Train - Loss (one batch): 0.00577
Val - Loss, MSE, RMSE, MAE, MAPE: 0.00300, 0.00300, 0.05480, 0.03479, 9.25%
Test - Best epoch, Loss, MSE, RMSE, MAE, MAPE: 19, 0.00275, 0.00275, 0.05241, 0.03159, 7.26%
Time spent: 12.16s
- Epoch 021, ExpID 92930
Train - Loss (one batch): 0.00212
Val - Loss, MSE, RMSE, MAE, MAPE: 0.00283, 0.00283, 0.05318, 0.03164, 8.18%
Test - Best epoch, Loss, MSE, RMSE, MAE, MAPE: 21, 0.00274, 0.00274, 0.05237, 0.03148, 7.22%
Time spent: 13.96s
- Epoch 022, ExpID 92930
Train - Loss (one batch): 0.00059
Val - Loss, MSE, RMSE, MAE, MAPE: 0.00283, 0.00283, 0.05318, 0.03175, 8.19%
Test - Best epoch, Loss, MSE, RMSE, MAE, MAPE: 21, 0.00274, 0.00274, 0.05237, 0.03148, 7.22%
Time spent: 11.84s
- Epoch 023, ExpID 92930
Train - Loss (one batch): 0.00711
Val - Loss, MSE, RMSE, MAE, MAPE: 0.00285, 0.00285, 0.05334, 0.03217, 8.22%
Test - Best epoch, Loss, MSE, RMSE, MAE, MAPE: 21, 0.00274, 0.00274, 0.05237, 0.03148, 7.22%
Time spent: 11.74s
- Epoch 024, ExpID 92930
Train - Loss (one batch): 0.00590
Val - Loss, MSE, RMSE, MAE, MAPE: 0.00292, 0.00292, 0.05407, 0.03351, 8.38%
Test - Best epoch, Loss, MSE, RMSE, MAE, MAPE: 21, 0.00274, 0.00274, 0.05237, 0.03148, 7.22%
Time spent: 12.02s
- Epoch 025, ExpID 92930
Train - Loss (one batch): 0.00708
Val - Loss, MSE, RMSE, MAE, MAPE: 0.00286, 0.00286, 0.05344, 0.03243, 8.54%
Test - Best epoch, Loss, MSE, RMSE, MAE, MAPE: 21, 0.00274, 0.00274, 0.05237, 0.03148, 7.22%
Time spent: 12.05s
- Epoch 026, ExpID 92930
Train - Loss (one batch): 0.00297
Val - Loss, MSE, RMSE, MAE, MAPE: 0.00282, 0.00282, 0.05306, 0.03162, 8.24%
Test - Best epoch, Loss, MSE, RMSE, MAE, MAPE: 26, 0.00273, 0.00273, 0.05225, 0.03144, 7.26%
Time spent: 14.26s
- Epoch 027, ExpID 92930
Train - Loss (one batch): 0.00107
Val - Loss, MSE, RMSE, MAE, MAPE: 0.00282, 0.00282, 0.05312, 0.03175, 8.33%
Test - Best epoch, Loss, MSE, RMSE, MAE, MAPE: 26, 0.00273, 0.00273, 0.05225, 0.03144, 7.26%
Time spent: 12.22s
- Epoch 028, ExpID 92930
Train - Loss (one batch): 0.00174
Val - Loss, MSE, RMSE, MAE, MAPE: 0.00287, 0.00287, 0.05360, 0.03289, 8.34%
Test - Best epoch, Loss, MSE, RMSE, MAE, MAPE: 26, 0.00273, 0.00273, 0.05225, 0.03144, 7.26%
Time spent: 11.91s
- Epoch 029, ExpID 92930
Train - Loss (one batch): 0.00276
Val - Loss, MSE, RMSE, MAE, MAPE: 0.00289, 0.00289, 0.05375, 0.03299, 8.30%
Test - Best epoch, Loss, MSE, RMSE, MAE, MAPE: 26, 0.00273, 0.00273, 0.05225, 0.03144, 7.26%
Time spent: 12.07s
- Epoch 030, ExpID 92930
Train - Loss (one batch): 0.00505
Val - Loss, MSE, RMSE, MAE, MAPE: 0.00283, 0.00283, 0.05321, 0.03204, 8.43%
Test - Best epoch, Loss, MSE, RMSE, MAE, MAPE: 26, 0.00273, 0.00273, 0.05225, 0.03144, 7.26%
Time spent: 12.01s
- Epoch 031, ExpID 92930
Train - Loss (one batch): 0.00562
Val - Loss, MSE, RMSE, MAE, MAPE: 0.00283, 0.00283, 0.05316, 0.03199, 8.19%
Test - Best epoch, Loss, MSE, RMSE, MAE, MAPE: 26, 0.00273, 0.00273, 0.05225, 0.03144, 7.26%
Time spent: 11.85s
- Epoch 032, ExpID 92930
Train - Loss (one batch): 0.00295
Val - Loss, MSE, RMSE, MAE, MAPE: 0.00282, 0.00282, 0.05309, 0.03177, 8.34%
Test - Best epoch, Loss, MSE, RMSE, MAE, MAPE: 26, 0.00273, 0.00273, 0.05225, 0.03144, 7.26%
Time spent: 11.99s
- Epoch 033, ExpID 92930
Train - Loss (one batch): 0.00745
Val - Loss, MSE, RMSE, MAE, MAPE: 0.00281, 0.00281, 0.05302, 0.03166, 8.13%
Test - Best epoch, Loss, MSE, RMSE, MAE, MAPE: 33, 0.00273, 0.00273, 0.05229, 0.03153, 7.18%
Time spent: 14.02s
- Epoch 034, ExpID 92930
Train - Loss (one batch): 0.00168
Val - Loss, MSE, RMSE, MAE, MAPE: 0.00280, 0.00280, 0.05290, 0.03151, 8.23%
Test - Best epoch, Loss, MSE, RMSE, MAE, MAPE: 34, 0.00272, 0.00272, 0.05214, 0.03133, 7.25%
Time spent: 14.08s
- Epoch 035, ExpID 92930
Train - Loss (one batch): 0.00261
Val - Loss, MSE, RMSE, MAE, MAPE: 0.00280, 0.00280, 0.05295, 0.03148, 8.21%
Test - Best epoch, Loss, MSE, RMSE, MAE, MAPE: 34, 0.00272, 0.00272, 0.05214, 0.03133, 7.25%
Time spent: 12.03s
- Epoch 036, ExpID 92930
Train - Loss (one batch): 0.00335
Val - Loss, MSE, RMSE, MAE, MAPE: 0.00280, 0.00280, 0.05289, 0.03149, 8.16%
Test - Best epoch, Loss, MSE, RMSE, MAE, MAPE: 36, 0.00272, 0.00272, 0.05215, 0.03134, 7.20%
Time spent: 14.17s
- Epoch 037, ExpID 92930
Train - Loss (one batch): 0.00152
Val - Loss, MSE, RMSE, MAE, MAPE: 0.00282, 0.00282, 0.05313, 0.03186, 8.31%
Test - Best epoch, Loss, MSE, RMSE, MAE, MAPE: 36, 0.00272, 0.00272, 0.05215, 0.03134, 7.20%
Time spent: 12.11s
- Epoch 038, ExpID 92930
Train - Loss (one batch): 0.00375
Val - Loss, MSE, RMSE, MAE, MAPE: 0.00280, 0.00280, 0.05289, 0.03147, 8.19%
Test - Best epoch, Loss, MSE, RMSE, MAE, MAPE: 38, 0.00272, 0.00272, 0.05212, 0.03131, 7.22%
Time spent: 14.08s
- Epoch 039, ExpID 92930
Train - Loss (one batch): 0.00101
Val - Loss, MSE, RMSE, MAE, MAPE: 0.00281, 0.00281, 0.05305, 0.03185, 8.38%
Test - Best epoch, Loss, MSE, RMSE, MAE, MAPE: 38, 0.00272, 0.00272, 0.05212, 0.03131, 7.22%
Time spent: 11.97s
- Epoch 040, ExpID 92930
Train - Loss (one batch): 0.00166
Val - Loss, MSE, RMSE, MAE, MAPE: 0.00286, 0.00286, 0.05350, 0.03283, 8.70%
Test - Best epoch, Loss, MSE, RMSE, MAE, MAPE: 38, 0.00272, 0.00272, 0.05212, 0.03131, 7.22%
Time spent: 11.89s
- Epoch 041, ExpID 92930
Train - Loss (one batch): 0.00394
Val - Loss, MSE, RMSE, MAE, MAPE: 0.00280, 0.00280, 0.05287, 0.03152, 8.24%
Test - Best epoch, Loss, MSE, RMSE, MAE, MAPE: 41, 0.00272, 0.00272, 0.05211, 0.03133, 7.26%
Time spent: 14.27s
- Epoch 042, ExpID 92930
Train - Loss (one batch): 0.00113
Val - Loss, MSE, RMSE, MAE, MAPE: 0.00279, 0.00279, 0.05279, 0.03141, 8.17%
Test - Best epoch, Loss, MSE, RMSE, MAE, MAPE: 42, 0.00271, 0.00271, 0.05205, 0.03128, 7.20%
Time spent: 14.30s
- Epoch 043, ExpID 92930
Train - Loss (one batch): 0.00329
Val - Loss, MSE, RMSE, MAE, MAPE: 0.00279, 0.00279, 0.05282, 0.03149, 8.15%
Test - Best epoch, Loss, MSE, RMSE, MAE, MAPE: 42, 0.00271, 0.00271, 0.05205, 0.03128, 7.20%
Time spent: 11.79s
- Epoch 044, ExpID 92930
Train - Loss (one batch): 0.00092
Val - Loss, MSE, RMSE, MAE, MAPE: 0.00279, 0.00279, 0.05285, 0.03166, 8.33%
Test - Best epoch, Loss, MSE, RMSE, MAE, MAPE: 42, 0.00271, 0.00271, 0.05205, 0.03128, 7.20%
Time spent: 11.95s
- Epoch 045, ExpID 92930
Train - Loss (one batch): 0.00190
Val - Loss, MSE, RMSE, MAE, MAPE: 0.00291, 0.00291, 0.05396, 0.03374, 8.85%
Test - Best epoch, Loss, MSE, RMSE, MAE, MAPE: 42, 0.00271, 0.00271, 0.05205, 0.03128, 7.20%
Time spent: 12.00s
- Epoch 046, ExpID 92930
Train - Loss (one batch): 0.00145
Val - Loss, MSE, RMSE, MAE, MAPE: 0.00280, 0.00280, 0.05290, 0.03171, 8.32%
Test - Best epoch, Loss, MSE, RMSE, MAE, MAPE: 42, 0.00271, 0.00271, 0.05205, 0.03128, 7.20%
Time spent: 11.96s
- Epoch 047, ExpID 92930
Train - Loss (one batch): 0.00235
Val - Loss, MSE, RMSE, MAE, MAPE: 0.00280, 0.00280, 0.05291, 0.03156, 8.28%
Test - Best epoch, Loss, MSE, RMSE, MAE, MAPE: 42, 0.00271, 0.00271, 0.05205, 0.03128, 7.20%
Time spent: 12.02s
- Epoch 048, ExpID 92930
Train - Loss (one batch): 0.00148
Val - Loss, MSE, RMSE, MAE, MAPE: 0.00278, 0.00278, 0.05276, 0.03137, 8.14%
Test - Best epoch, Loss, MSE, RMSE, MAE, MAPE: 48, 0.00271, 0.00271, 0.05205, 0.03121, 7.18%
Time spent: 14.22s
- Epoch 049, ExpID 92930
Train - Loss (one batch): 0.00101
Val - Loss, MSE, RMSE, MAE, MAPE: 0.00280, 0.00280, 0.05293, 0.03171, 8.14%
Test - Best epoch, Loss, MSE, RMSE, MAE, MAPE: 48, 0.00271, 0.00271, 0.05205, 0.03121, 7.18%
Time spent: 11.79s
- Epoch 050, ExpID 92930
Train - Loss (one batch): 0.00303
Val - Loss, MSE, RMSE, MAE, MAPE: 0.00290, 0.00290, 0.05381, 0.03331, 8.32%
Test - Best epoch, Loss, MSE, RMSE, MAE, MAPE: 48, 0.00271, 0.00271, 0.05205, 0.03121, 7.18%
Time spent: 11.85s
- Epoch 051, ExpID 92930
Train - Loss (one batch): 0.00241
Val - Loss, MSE, RMSE, MAE, MAPE: 0.00278, 0.00278, 0.05274, 0.03146, 8.18%
Test - Best epoch, Loss, MSE, RMSE, MAE, MAPE: 51, 0.00271, 0.00271, 0.05205, 0.03136, 7.21%
Time spent: 14.21s
- Epoch 052, ExpID 92930
Train - Loss (one batch): 0.00105
Val - Loss, MSE, RMSE, MAE, MAPE: 0.00291, 0.00291, 0.05398, 0.03379, 8.96%
Test - Best epoch, Loss, MSE, RMSE, MAE, MAPE: 51, 0.00271, 0.00271, 0.05205, 0.03136, 7.21%
Time spent: 11.73s
- Epoch 053, ExpID 92930
Train - Loss (one batch): 0.00213
Val - Loss, MSE, RMSE, MAE, MAPE: 0.00281, 0.00281, 0.05299, 0.03183, 8.13%
Test - Best epoch, Loss, MSE, RMSE, MAE, MAPE: 51, 0.00271, 0.00271, 0.05205, 0.03136, 7.21%
Time spent: 12.07s
- Epoch 054, ExpID 92930
Train - Loss (one batch): 0.00235
Val - Loss, MSE, RMSE, MAE, MAPE: 0.00281, 0.00281, 0.05297, 0.03183, 8.12%
Test - Best epoch, Loss, MSE, RMSE, MAE, MAPE: 51, 0.00271, 0.00271, 0.05205, 0.03136, 7.21%
Time spent: 12.01s
- Epoch 055, ExpID 92930
Train - Loss (one batch): 0.00091
Val - Loss, MSE, RMSE, MAE, MAPE: 0.00279, 0.00279, 0.05284, 0.03158, 8.11%
Test - Best epoch, Loss, MSE, RMSE, MAE, MAPE: 51, 0.00271, 0.00271, 0.05205, 0.03136, 7.21%
Time spent: 12.09s
- Epoch 056, ExpID 92930
Train - Loss (one batch): 0.00366
Val - Loss, MSE, RMSE, MAE, MAPE: 0.00278, 0.00278, 0.05272, 0.03148, 8.20%
Test - Best epoch, Loss, MSE, RMSE, MAE, MAPE: 56, 0.00271, 0.00271, 0.05201, 0.03134, 7.23%
Time spent: 14.01s
- Epoch 057, ExpID 92930
Train - Loss (one batch): 0.00147
Val - Loss, MSE, RMSE, MAE, MAPE: 0.00280, 0.00280, 0.05290, 0.03164, 8.11%
Test - Best epoch, Loss, MSE, RMSE, MAE, MAPE: 56, 0.00271, 0.00271, 0.05201, 0.03134, 7.23%
Time spent: 12.25s
- Epoch 058, ExpID 92930
Train - Loss (one batch): 0.00376
Val - Loss, MSE, RMSE, MAE, MAPE: 0.00283, 0.00283, 0.05320, 0.03217, 8.14%
Test - Best epoch, Loss, MSE, RMSE, MAE, MAPE: 56, 0.00271, 0.00271, 0.05201, 0.03134, 7.23%
Time spent: 12.12s
- Epoch 059, ExpID 92930
Train - Loss (one batch): 0.00381
Val - Loss, MSE, RMSE, MAE, MAPE: 0.00278, 0.00278, 0.05272, 0.03127, 8.15%
Test - Best epoch, Loss, MSE, RMSE, MAE, MAPE: 56, 0.00271, 0.00271, 0.05201, 0.03134, 7.23%
Time spent: 11.91s
- Epoch 060, ExpID 92930
Train - Loss (one batch): 0.00264
Val - Loss, MSE, RMSE, MAE, MAPE: 0.00279, 0.00279, 0.05284, 0.03164, 8.13%
Test - Best epoch, Loss, MSE, RMSE, MAE, MAPE: 56, 0.00271, 0.00271, 0.05201, 0.03134, 7.23%
Time spent: 11.85s
- Epoch 061, ExpID 92930
Train - Loss (one batch): 0.00138
Val - Loss, MSE, RMSE, MAE, MAPE: 0.00278, 0.00278, 0.05269, 0.03137, 8.19%
Test - Best epoch, Loss, MSE, RMSE, MAE, MAPE: 61, 0.00270, 0.00270, 0.05197, 0.03120, 7.21%
Time spent: 14.12s
- Epoch 062, ExpID 92930
Train - Loss (one batch): 0.00111
Val - Loss, MSE, RMSE, MAE, MAPE: 0.00279, 0.00279, 0.05280, 0.03133, 8.06%
Test - Best epoch, Loss, MSE, RMSE, MAE, MAPE: 61, 0.00270, 0.00270, 0.05197, 0.03120, 7.21%
Time spent: 11.83s
- Epoch 063, ExpID 92930
Train - Loss (one batch): 0.00351
Val - Loss, MSE, RMSE, MAE, MAPE: 0.00278, 0.00278, 0.05271, 0.03140, 8.22%
Test - Best epoch, Loss, MSE, RMSE, MAE, MAPE: 61, 0.00270, 0.00270, 0.05197, 0.03120, 7.21%
Time spent: 11.90s
- Epoch 064, ExpID 92930
Train - Loss (one batch): 0.00100
Val - Loss, MSE, RMSE, MAE, MAPE: 0.00279, 0.00279, 0.05283, 0.03160, 8.10%
Test - Best epoch, Loss, MSE, RMSE, MAE, MAPE: 61, 0.00270, 0.00270, 0.05197, 0.03120, 7.21%
Time spent: 11.96s
- Epoch 065, ExpID 92930
Train - Loss (one batch): 0.00215
Val - Loss, MSE, RMSE, MAE, MAPE: 0.00277, 0.00277, 0.05265, 0.03120, 8.10%
Test - Best epoch, Loss, MSE, RMSE, MAE, MAPE: 65, 0.00270, 0.00270, 0.05194, 0.03105, 7.14%
Time spent: 14.11s
- Epoch 066, ExpID 92930
Train - Loss (one batch): 0.00156
Val - Loss, MSE, RMSE, MAE, MAPE: 0.00279, 0.00279, 0.05281, 0.03162, 8.29%
Test - Best epoch, Loss, MSE, RMSE, MAE, MAPE: 65, 0.00270, 0.00270, 0.05194, 0.03105, 7.14%
Time spent: 11.99s
- Epoch 067, ExpID 92930
Train - Loss (one batch): 0.00317
Val - Loss, MSE, RMSE, MAE, MAPE: 0.00277, 0.00277, 0.05266, 0.03144, 8.21%
Test - Best epoch, Loss, MSE, RMSE, MAE, MAPE: 65, 0.00270, 0.00270, 0.05194, 0.03105, 7.14%
Time spent: 11.87s
- Epoch 068, ExpID 92930
Train - Loss (one batch): 0.00120
Val - Loss, MSE, RMSE, MAE, MAPE: 0.00279, 0.00279, 0.05279, 0.03171, 8.39%
Test - Best epoch, Loss, MSE, RMSE, MAE, MAPE: 65, 0.00270, 0.00270, 0.05194, 0.03105, 7.14%
Time spent: 12.23s
- Epoch 069, ExpID 92930
Train - Loss (one batch): 0.00339
Val - Loss, MSE, RMSE, MAE, MAPE: 0.00279, 0.00279, 0.05278, 0.03153, 8.09%
Test - Best epoch, Loss, MSE, RMSE, MAE, MAPE: 65, 0.00270, 0.00270, 0.05194, 0.03105, 7.14%
Time spent: 11.80s
- Epoch 070, ExpID 92930
Train - Loss (one batch): 0.00414
Val - Loss, MSE, RMSE, MAE, MAPE: 0.00277, 0.00277, 0.05263, 0.03126, 8.10%
Test - Best epoch, Loss, MSE, RMSE, MAE, MAPE: 70, 0.00270, 0.00270, 0.05195, 0.03114, 7.14%
Time spent: 14.10s
- Epoch 071, ExpID 92930
Train - Loss (one batch): 0.00124
Val - Loss, MSE, RMSE, MAE, MAPE: 0.00277, 0.00277, 0.05268, 0.03140, 8.16%
Test - Best epoch, Loss, MSE, RMSE, MAE, MAPE: 70, 0.00270, 0.00270, 0.05195, 0.03114, 7.14%
Time spent: 11.83s
- Epoch 072, ExpID 92930
Train - Loss (one batch): 0.00445
Val - Loss, MSE, RMSE, MAE, MAPE: 0.00277, 0.00277, 0.05265, 0.03124, 8.11%
Test - Best epoch, Loss, MSE, RMSE, MAE, MAPE: 70, 0.00270, 0.00270, 0.05195, 0.03114, 7.14%
Time spent: 11.83s
- Epoch 073, ExpID 92930
Train - Loss (one batch): 0.00353
Val - Loss, MSE, RMSE, MAE, MAPE: 0.00285, 0.00285, 0.05339, 0.03280, 8.74%
Test - Best epoch, Loss, MSE, RMSE, MAE, MAPE: 70, 0.00270, 0.00270, 0.05195, 0.03114, 7.14%
Time spent: 12.18s
- Epoch 074, ExpID 92930
Train - Loss (one batch): 0.00259
Val - Loss, MSE, RMSE, MAE, MAPE: 0.00278, 0.00278, 0.05270, 0.03142, 8.25%
Test - Best epoch, Loss, MSE, RMSE, MAE, MAPE: 70, 0.00270, 0.00270, 0.05195, 0.03114, 7.14%
Time spent: 11.89s
- Epoch 075, ExpID 92930
Train - Loss (one batch): 0.00594
Val - Loss, MSE, RMSE, MAE, MAPE: 0.00278, 0.00278, 0.05277, 0.03144, 8.08%
Test - Best epoch, Loss, MSE, RMSE, MAE, MAPE: 70, 0.00270, 0.00270, 0.05195, 0.03114, 7.14%
Time spent: 11.79s
- Epoch 076, ExpID 92930
Train - Loss (one batch): 0.00133
Val - Loss, MSE, RMSE, MAE, MAPE: 0.00277, 0.00277, 0.05267, 0.03110, 8.03%
Test - Best epoch, Loss, MSE, RMSE, MAE, MAPE: 70, 0.00270, 0.00270, 0.05195, 0.03114, 7.14%
Time spent: 12.19s
- Epoch 077, ExpID 92930
Train - Loss (one batch): 0.00187
Val - Loss, MSE, RMSE, MAE, MAPE: 0.00283, 0.00283, 0.05316, 0.03238, 8.54%
Test - Best epoch, Loss, MSE, RMSE, MAE, MAPE: 70, 0.00270, 0.00270, 0.05195, 0.03114, 7.14%
Time spent: 11.97s
- Epoch 078, ExpID 92930
Train - Loss (one batch): 0.00185
Val - Loss, MSE, RMSE, MAE, MAPE: 0.00278, 0.00278, 0.05272, 0.03141, 8.20%
Test - Best epoch, Loss, MSE, RMSE, MAE, MAPE: 70, 0.00270, 0.00270, 0.05195, 0.03114, 7.14%
Time spent: 11.78s
- Epoch 079, ExpID 92930
Train - Loss (one batch): 0.00031
Val - Loss, MSE, RMSE, MAE, MAPE: 0.00283, 0.00283, 0.05317, 0.03240, 8.51%
Test - Best epoch, Loss, MSE, RMSE, MAE, MAPE: 70, 0.00270, 0.00270, 0.05195, 0.03114, 7.14%
Time spent: 12.18s
- Epoch 080, ExpID 92930
Train - Loss (one batch): 0.00079
Val - Loss, MSE, RMSE, MAE, MAPE: 0.00283, 0.00283, 0.05323, 0.03242, 8.49%
Test - Best epoch, Loss, MSE, RMSE, MAE, MAPE: 70, 0.00270, 0.00270, 0.05195, 0.03114, 7.14%
Time spent: 12.02s
- Epoch 081, ExpID 92930
Train - Loss (one batch): 0.00337
Val - Loss, MSE, RMSE, MAE, MAPE: 0.00278, 0.00278, 0.05268, 0.03139, 8.10%
Test - Best epoch, Loss, MSE, RMSE, MAE, MAPE: 70, 0.00270, 0.00270, 0.05195, 0.03114, 7.14%
Time spent: 11.71s
- Epoch 082, ExpID 92930
Train - Loss (one batch): 0.00179
Val - Loss, MSE, RMSE, MAE, MAPE: 0.00278, 0.00278, 0.05276, 0.03152, 8.25%
Test - Best epoch, Loss, MSE, RMSE, MAE, MAPE: 70, 0.00270, 0.00270, 0.05195, 0.03114, 7.14%
Time spent: 12.20s
- Epoch 083, ExpID 92930
Train - Loss (one batch): 0.00414
Val - Loss, MSE, RMSE, MAE, MAPE: 0.00285, 0.00285, 0.05338, 0.03268, 8.22%
Test - Best epoch, Loss, MSE, RMSE, MAE, MAPE: 70, 0.00270, 0.00270, 0.05195, 0.03114, 7.14%
Time spent: 11.86s
- Epoch 084, ExpID 92930
Train - Loss (one batch): 0.00370
Val - Loss, MSE, RMSE, MAE, MAPE: 0.00277, 0.00277, 0.05265, 0.03145, 8.16%
Test - Best epoch, Loss, MSE, RMSE, MAE, MAPE: 70, 0.00270, 0.00270, 0.05195, 0.03114, 7.14%
Time spent: 11.82s
- Epoch 085, ExpID 92930
Train - Loss (one batch): 0.00166
Val - Loss, MSE, RMSE, MAE, MAPE: 0.00278, 0.00278, 0.05272, 0.03137, 8.20%
Test - Best epoch, Loss, MSE, RMSE, MAE, MAPE: 70, 0.00270, 0.00270, 0.05195, 0.03114, 7.14%
Time spent: 11.79s
