/data/hzy/lvm4-ts/IMTS/run_models.py
2025-01-21 02:11:12
run_models.py --model VisionTS-B --dataset activity --state def --history 3000 --patience 15 --batch_size 64 --lr 1e-4 --patch_size 300 --stride 300 --nhead 1 --tf_layer 1 --nlayer 2 --te_dim 5 --node_dim 5 --hid_dim 64 --mask_ratio 0.7 --few_shot_ratio 0.5 --train_mode fine-tune --seed 1 --gpu 0 --finetune_type norm --log_dir few_shot_0.5_finetune --pretrain_weights_dir /data/hzy/lvm4-ts/IMTS/logs/activity/few_shot_0.5/pretrain_weights/Exp4657_VisionTS-B_hid_dim64_te_dim5_node_dim5_mask_ratio0.7_stride300.0_patchsize300.0_seed1_nlayer2_best.pth
Namespace(state='def', n=100000000, hop=1, nhead=1, tf_layer=1, nlayer=2, epoch=1000, patience=15, history=3000, patch_size=300.0, stride=300.0, logmode='a', lr=0.0001, w_decay=0.0, batch_size=64, load=None, seed=1, dataset='activity', log_dir='few_shot_0.5_finetune', pretrain_weights_dir='/data/hzy/lvm4-ts/IMTS/logs/activity/few_shot_0.5/pretrain_weights/Exp4657_VisionTS-B_hid_dim64_te_dim5_node_dim5_mask_ratio0.7_stride300.0_patchsize300.0_seed1_nlayer2_best.pth', quantization=0.0, model='VisionTS-B', mask_flag=False, hid_dim=64, te_dim=5, node_dim=5, gpu='0', log_suffix='', periodicity=None, mask_ratio=0.7, train_mode='fine-tune', TTT=False, ttt_iter=None, ttt_lr=None, apply_lora=False, lora_r=8, lora_alpha=1, lora_dropout=0.0, merge_weights=False, finetune_type='norm', encoder_only=False, few_shot_ratio=0.5, npatch=10, world_size=1, device=device(type='cuda'), ft_type='full', arch='mae_base', vm_pretrained=True, vm_ckpt='./ckpt/', interpolation='bilinear', norm_const=0.4, align_const=0.4, grid_method='linear', if_patch=True, pred_window=1000, npred_patch=4, ndim=12)
- Epoch 000, ExpID 37553
Train - Loss (one batch): 0.00065
Val - Loss, MSE, RMSE, MAE, MAPE: 0.00303, 0.00303, 0.05503, 0.03308, 8.54%
Test - Best epoch, Loss, MSE, RMSE, MAE, MAPE: 0, 0.00290, 0.00290, 0.05389, 0.03276, 7.55%
Time spent: 14.26s
- Epoch 001, ExpID 37553
Train - Loss (one batch): 0.00079
Val - Loss, MSE, RMSE, MAE, MAPE: 0.00296, 0.00296, 0.05441, 0.03241, 8.38%
Test - Best epoch, Loss, MSE, RMSE, MAE, MAPE: 1, 0.00285, 0.00285, 0.05335, 0.03208, 7.40%
Time spent: 14.29s
- Epoch 002, ExpID 37553
Train - Loss (one batch): 0.00602
Val - Loss, MSE, RMSE, MAE, MAPE: 0.00296, 0.00296, 0.05442, 0.03274, 8.32%
Test - Best epoch, Loss, MSE, RMSE, MAE, MAPE: 1, 0.00285, 0.00285, 0.05335, 0.03208, 7.40%
Time spent: 11.88s
- Epoch 003, ExpID 37553
Train - Loss (one batch): 0.00031
Val - Loss, MSE, RMSE, MAE, MAPE: 0.00291, 0.00291, 0.05397, 0.03204, 8.29%
Test - Best epoch, Loss, MSE, RMSE, MAE, MAPE: 3, 0.00281, 0.00281, 0.05301, 0.03174, 7.33%
Time spent: 14.17s
- Epoch 004, ExpID 37553
Train - Loss (one batch): 0.00124
Val - Loss, MSE, RMSE, MAE, MAPE: 0.00290, 0.00290, 0.05383, 0.03218, 8.36%
Test - Best epoch, Loss, MSE, RMSE, MAE, MAPE: 4, 0.00280, 0.00280, 0.05289, 0.03191, 7.37%
Time spent: 13.56s
- Epoch 005, ExpID 37553
Train - Loss (one batch): 0.00310
Val - Loss, MSE, RMSE, MAE, MAPE: 0.00298, 0.00298, 0.05461, 0.03379, 8.92%
Test - Best epoch, Loss, MSE, RMSE, MAE, MAPE: 4, 0.00280, 0.00280, 0.05289, 0.03191, 7.37%
Time spent: 11.88s
- Epoch 006, ExpID 37553
Train - Loss (one batch): 0.00320
Val - Loss, MSE, RMSE, MAE, MAPE: 0.00288, 0.00288, 0.05369, 0.03226, 8.42%
Test - Best epoch, Loss, MSE, RMSE, MAE, MAPE: 6, 0.00279, 0.00279, 0.05280, 0.03203, 7.43%
Time spent: 14.21s
- Epoch 007, ExpID 37553
Train - Loss (one batch): 0.00283
Val - Loss, MSE, RMSE, MAE, MAPE: 0.00287, 0.00287, 0.05360, 0.03180, 8.24%
Test - Best epoch, Loss, MSE, RMSE, MAE, MAPE: 7, 0.00278, 0.00278, 0.05270, 0.03156, 7.28%
Time spent: 13.98s
- Epoch 008, ExpID 37553
Train - Loss (one batch): 0.00191
Val - Loss, MSE, RMSE, MAE, MAPE: 0.00293, 0.00293, 0.05411, 0.03274, 8.26%
Test - Best epoch, Loss, MSE, RMSE, MAE, MAPE: 7, 0.00278, 0.00278, 0.05270, 0.03156, 7.28%
Time spent: 12.00s
- Epoch 009, ExpID 37553
Train - Loss (one batch): 0.00321
Val - Loss, MSE, RMSE, MAE, MAPE: 0.00287, 0.00287, 0.05362, 0.03212, 8.42%
Test - Best epoch, Loss, MSE, RMSE, MAE, MAPE: 7, 0.00278, 0.00278, 0.05270, 0.03156, 7.28%
Time spent: 11.89s
- Epoch 010, ExpID 37553
Train - Loss (one batch): 0.00392
Val - Loss, MSE, RMSE, MAE, MAPE: 0.00290, 0.00290, 0.05387, 0.03280, 8.33%
Test - Best epoch, Loss, MSE, RMSE, MAE, MAPE: 7, 0.00278, 0.00278, 0.05270, 0.03156, 7.28%
Time spent: 11.82s
- Epoch 011, ExpID 37553
Train - Loss (one batch): 0.00084
Val - Loss, MSE, RMSE, MAE, MAPE: 0.00286, 0.00286, 0.05352, 0.03200, 8.24%
Test - Best epoch, Loss, MSE, RMSE, MAE, MAPE: 11, 0.00277, 0.00277, 0.05265, 0.03181, 7.28%
Time spent: 14.41s
- Epoch 012, ExpID 37553
Train - Loss (one batch): 0.00282
Val - Loss, MSE, RMSE, MAE, MAPE: 0.00289, 0.00289, 0.05375, 0.03258, 8.61%
Test - Best epoch, Loss, MSE, RMSE, MAE, MAPE: 11, 0.00277, 0.00277, 0.05265, 0.03181, 7.28%
Time spent: 11.77s
- Epoch 013, ExpID 37553
Train - Loss (one batch): 0.00343
Val - Loss, MSE, RMSE, MAE, MAPE: 0.00295, 0.00295, 0.05430, 0.03372, 8.96%
Test - Best epoch, Loss, MSE, RMSE, MAE, MAPE: 11, 0.00277, 0.00277, 0.05265, 0.03181, 7.28%
Time spent: 12.07s
- Epoch 014, ExpID 37553
Train - Loss (one batch): 0.00086
Val - Loss, MSE, RMSE, MAE, MAPE: 0.00288, 0.00288, 0.05362, 0.03230, 8.25%
Test - Best epoch, Loss, MSE, RMSE, MAE, MAPE: 11, 0.00277, 0.00277, 0.05265, 0.03181, 7.28%
Time spent: 11.79s
- Epoch 015, ExpID 37553
Train - Loss (one batch): 0.00228
Val - Loss, MSE, RMSE, MAE, MAPE: 0.00285, 0.00285, 0.05341, 0.03193, 8.20%
Test - Best epoch, Loss, MSE, RMSE, MAE, MAPE: 15, 0.00276, 0.00276, 0.05257, 0.03177, 7.25%
Time spent: 14.19s
- Epoch 016, ExpID 37553
Train - Loss (one batch): 0.00362
Val - Loss, MSE, RMSE, MAE, MAPE: 0.00284, 0.00284, 0.05333, 0.03176, 8.18%
Test - Best epoch, Loss, MSE, RMSE, MAE, MAPE: 16, 0.00276, 0.00276, 0.05250, 0.03159, 7.23%
Time spent: 14.25s
- Epoch 017, ExpID 37553
Train - Loss (one batch): 0.00178
Val - Loss, MSE, RMSE, MAE, MAPE: 0.00287, 0.00287, 0.05354, 0.03235, 8.49%
Test - Best epoch, Loss, MSE, RMSE, MAE, MAPE: 16, 0.00276, 0.00276, 0.05250, 0.03159, 7.23%
Time spent: 11.84s
- Epoch 018, ExpID 37553
Train - Loss (one batch): 0.00271
Val - Loss, MSE, RMSE, MAE, MAPE: 0.00283, 0.00283, 0.05319, 0.03165, 8.20%
Test - Best epoch, Loss, MSE, RMSE, MAE, MAPE: 18, 0.00274, 0.00274, 0.05237, 0.03148, 7.24%
Time spent: 13.94s
- Epoch 019, ExpID 37553
Train - Loss (one batch): 0.00199
Val - Loss, MSE, RMSE, MAE, MAPE: 0.00283, 0.00283, 0.05316, 0.03157, 8.19%
Test - Best epoch, Loss, MSE, RMSE, MAE, MAPE: 19, 0.00274, 0.00274, 0.05234, 0.03139, 7.23%
Time spent: 14.13s
- Epoch 020, ExpID 37553
Train - Loss (one batch): 0.00071
Val - Loss, MSE, RMSE, MAE, MAPE: 0.00283, 0.00283, 0.05321, 0.03152, 8.18%
Test - Best epoch, Loss, MSE, RMSE, MAE, MAPE: 19, 0.00274, 0.00274, 0.05234, 0.03139, 7.23%
Time spent: 11.89s
- Epoch 021, ExpID 37553
Train - Loss (one batch): 0.00111
Val - Loss, MSE, RMSE, MAE, MAPE: 0.00283, 0.00283, 0.05316, 0.03154, 8.20%
Test - Best epoch, Loss, MSE, RMSE, MAE, MAPE: 19, 0.00274, 0.00274, 0.05234, 0.03139, 7.23%
Time spent: 11.81s
- Epoch 022, ExpID 37553
Train - Loss (one batch): 0.00455
Val - Loss, MSE, RMSE, MAE, MAPE: 0.00283, 0.00283, 0.05323, 0.03175, 8.29%
Test - Best epoch, Loss, MSE, RMSE, MAE, MAPE: 19, 0.00274, 0.00274, 0.05234, 0.03139, 7.23%
Time spent: 11.76s
- Epoch 023, ExpID 37553
Train - Loss (one batch): 0.00348
Val - Loss, MSE, RMSE, MAE, MAPE: 0.00285, 0.00285, 0.05343, 0.03237, 8.24%
Test - Best epoch, Loss, MSE, RMSE, MAE, MAPE: 19, 0.00274, 0.00274, 0.05234, 0.03139, 7.23%
Time spent: 12.07s
- Epoch 024, ExpID 37553
Train - Loss (one batch): 0.00042
Val - Loss, MSE, RMSE, MAE, MAPE: 0.00282, 0.00282, 0.05312, 0.03164, 8.29%
Test - Best epoch, Loss, MSE, RMSE, MAE, MAPE: 24, 0.00274, 0.00274, 0.05230, 0.03144, 7.31%
Time spent: 13.97s
- Epoch 025, ExpID 37553
Train - Loss (one batch): 0.00280
Val - Loss, MSE, RMSE, MAE, MAPE: 0.00282, 0.00282, 0.05310, 0.03168, 8.17%
Test - Best epoch, Loss, MSE, RMSE, MAE, MAPE: 25, 0.00274, 0.00274, 0.05232, 0.03153, 7.22%
Time spent: 14.16s
- Epoch 026, ExpID 37553
Train - Loss (one batch): 0.00457
Val - Loss, MSE, RMSE, MAE, MAPE: 0.00291, 0.00291, 0.05397, 0.03328, 8.64%
Test - Best epoch, Loss, MSE, RMSE, MAE, MAPE: 25, 0.00274, 0.00274, 0.05232, 0.03153, 7.22%
Time spent: 12.14s
- Epoch 027, ExpID 37553
Train - Loss (one batch): 0.00410
Val - Loss, MSE, RMSE, MAE, MAPE: 0.00287, 0.00287, 0.05356, 0.03274, 8.29%
Test - Best epoch, Loss, MSE, RMSE, MAE, MAPE: 25, 0.00274, 0.00274, 0.05232, 0.03153, 7.22%
Time spent: 11.75s
- Epoch 028, ExpID 37553
Train - Loss (one batch): 0.00232
Val - Loss, MSE, RMSE, MAE, MAPE: 0.00281, 0.00281, 0.05303, 0.03166, 8.32%
Test - Best epoch, Loss, MSE, RMSE, MAE, MAPE: 28, 0.00273, 0.00273, 0.05223, 0.03148, 7.32%
Time spent: 14.41s
- Epoch 029, ExpID 37553
Train - Loss (one batch): 0.00092
Val - Loss, MSE, RMSE, MAE, MAPE: 0.00281, 0.00281, 0.05305, 0.03174, 8.33%
Test - Best epoch, Loss, MSE, RMSE, MAE, MAPE: 28, 0.00273, 0.00273, 0.05223, 0.03148, 7.32%
Time spent: 11.76s
- Epoch 030, ExpID 37553
Train - Loss (one batch): 0.00071
Val - Loss, MSE, RMSE, MAE, MAPE: 0.00280, 0.00280, 0.05296, 0.03153, 8.19%
Test - Best epoch, Loss, MSE, RMSE, MAE, MAPE: 30, 0.00272, 0.00272, 0.05220, 0.03138, 7.23%
Time spent: 14.06s
- Epoch 031, ExpID 37553
Train - Loss (one batch): 0.00354
Val - Loss, MSE, RMSE, MAE, MAPE: 0.00281, 0.00281, 0.05300, 0.03162, 8.16%
Test - Best epoch, Loss, MSE, RMSE, MAE, MAPE: 30, 0.00272, 0.00272, 0.05220, 0.03138, 7.23%
Time spent: 12.12s
- Epoch 032, ExpID 37553
Train - Loss (one batch): 0.00208
Val - Loss, MSE, RMSE, MAE, MAPE: 0.00283, 0.00283, 0.05321, 0.03204, 8.42%
Test - Best epoch, Loss, MSE, RMSE, MAE, MAPE: 30, 0.00272, 0.00272, 0.05220, 0.03138, 7.23%
Time spent: 12.02s
- Epoch 033, ExpID 37553
Train - Loss (one batch): 0.00196
Val - Loss, MSE, RMSE, MAE, MAPE: 0.00287, 0.00287, 0.05358, 0.03295, 8.33%
Test - Best epoch, Loss, MSE, RMSE, MAE, MAPE: 30, 0.00272, 0.00272, 0.05220, 0.03138, 7.23%
Time spent: 11.87s
- Epoch 034, ExpID 37553
Train - Loss (one batch): 0.00308
Val - Loss, MSE, RMSE, MAE, MAPE: 0.00296, 0.00296, 0.05439, 0.03430, 9.01%
Test - Best epoch, Loss, MSE, RMSE, MAE, MAPE: 30, 0.00272, 0.00272, 0.05220, 0.03138, 7.23%
Time spent: 11.81s
- Epoch 035, ExpID 37553
Train - Loss (one batch): 0.00204
Val - Loss, MSE, RMSE, MAE, MAPE: 0.00282, 0.00282, 0.05311, 0.03185, 8.15%
Test - Best epoch, Loss, MSE, RMSE, MAE, MAPE: 30, 0.00272, 0.00272, 0.05220, 0.03138, 7.23%
Time spent: 11.91s
- Epoch 036, ExpID 37553
Train - Loss (one batch): 0.00261
Val - Loss, MSE, RMSE, MAE, MAPE: 0.00286, 0.00286, 0.05349, 0.03265, 8.59%
Test - Best epoch, Loss, MSE, RMSE, MAE, MAPE: 30, 0.00272, 0.00272, 0.05220, 0.03138, 7.23%
Time spent: 12.12s
- Epoch 037, ExpID 37553
Train - Loss (one batch): 0.00770
Val - Loss, MSE, RMSE, MAE, MAPE: 0.00290, 0.00290, 0.05386, 0.03357, 8.41%
Test - Best epoch, Loss, MSE, RMSE, MAE, MAPE: 30, 0.00272, 0.00272, 0.05220, 0.03138, 7.23%
Time spent: 12.11s
- Epoch 038, ExpID 37553
Train - Loss (one batch): 0.00196
Val - Loss, MSE, RMSE, MAE, MAPE: 0.00285, 0.00285, 0.05338, 0.03253, 8.24%
Test - Best epoch, Loss, MSE, RMSE, MAE, MAPE: 30, 0.00272, 0.00272, 0.05220, 0.03138, 7.23%
Time spent: 12.00s
- Epoch 039, ExpID 37553
Train - Loss (one batch): 0.00142
Val - Loss, MSE, RMSE, MAE, MAPE: 0.00284, 0.00284, 0.05330, 0.03221, 8.40%
Test - Best epoch, Loss, MSE, RMSE, MAE, MAPE: 30, 0.00272, 0.00272, 0.05220, 0.03138, 7.23%
Time spent: 11.78s
- Epoch 040, ExpID 37553
Train - Loss (one batch): 0.00206
Val - Loss, MSE, RMSE, MAE, MAPE: 0.00280, 0.00280, 0.05287, 0.03142, 8.18%
Test - Best epoch, Loss, MSE, RMSE, MAE, MAPE: 40, 0.00272, 0.00272, 0.05211, 0.03123, 7.21%
Time spent: 14.01s
- Epoch 041, ExpID 37553
Train - Loss (one batch): 0.00438
Val - Loss, MSE, RMSE, MAE, MAPE: 0.00287, 0.00287, 0.05356, 0.03284, 8.26%
Test - Best epoch, Loss, MSE, RMSE, MAE, MAPE: 40, 0.00272, 0.00272, 0.05211, 0.03123, 7.21%
Time spent: 11.95s
- Epoch 042, ExpID 37553
Train - Loss (one batch): 0.00252
Val - Loss, MSE, RMSE, MAE, MAPE: 0.00286, 0.00286, 0.05346, 0.03266, 8.56%
Test - Best epoch, Loss, MSE, RMSE, MAE, MAPE: 40, 0.00272, 0.00272, 0.05211, 0.03123, 7.21%
Time spent: 12.06s
- Epoch 043, ExpID 37553
Train - Loss (one batch): 0.00192
Val - Loss, MSE, RMSE, MAE, MAPE: 0.00280, 0.00280, 0.05288, 0.03156, 8.13%
Test - Best epoch, Loss, MSE, RMSE, MAE, MAPE: 40, 0.00272, 0.00272, 0.05211, 0.03123, 7.21%
Time spent: 11.98s
- Epoch 044, ExpID 37553
Train - Loss (one batch): 0.00374
Val - Loss, MSE, RMSE, MAE, MAPE: 0.00279, 0.00279, 0.05278, 0.03134, 8.12%
Test - Best epoch, Loss, MSE, RMSE, MAE, MAPE: 44, 0.00271, 0.00271, 0.05206, 0.03119, 7.16%
Time spent: 14.09s
- Epoch 045, ExpID 37553
Train - Loss (one batch): 0.00119
Val - Loss, MSE, RMSE, MAE, MAPE: 0.00283, 0.00283, 0.05324, 0.03224, 8.17%
Test - Best epoch, Loss, MSE, RMSE, MAE, MAPE: 44, 0.00271, 0.00271, 0.05206, 0.03119, 7.16%
Time spent: 11.84s
- Epoch 046, ExpID 37553
Train - Loss (one batch): 0.00094
Val - Loss, MSE, RMSE, MAE, MAPE: 0.00279, 0.00279, 0.05285, 0.03145, 8.21%
Test - Best epoch, Loss, MSE, RMSE, MAE, MAPE: 44, 0.00271, 0.00271, 0.05206, 0.03119, 7.16%
Time spent: 11.71s
- Epoch 047, ExpID 37553
Train - Loss (one batch): 0.00201
Val - Loss, MSE, RMSE, MAE, MAPE: 0.00280, 0.00280, 0.05292, 0.03163, 8.11%
Test - Best epoch, Loss, MSE, RMSE, MAE, MAPE: 44, 0.00271, 0.00271, 0.05206, 0.03119, 7.16%
Time spent: 11.92s
- Epoch 048, ExpID 37553
Train - Loss (one batch): 0.00144
Val - Loss, MSE, RMSE, MAE, MAPE: 0.00281, 0.00281, 0.05303, 0.03194, 8.16%
Test - Best epoch, Loss, MSE, RMSE, MAE, MAPE: 44, 0.00271, 0.00271, 0.05206, 0.03119, 7.16%
Time spent: 12.08s
- Epoch 049, ExpID 37553
Train - Loss (one batch): 0.00352
Val - Loss, MSE, RMSE, MAE, MAPE: 0.00281, 0.00281, 0.05302, 0.03185, 8.35%
Test - Best epoch, Loss, MSE, RMSE, MAE, MAPE: 44, 0.00271, 0.00271, 0.05206, 0.03119, 7.16%
Time spent: 11.93s
- Epoch 050, ExpID 37553
Train - Loss (one batch): 0.00295
Val - Loss, MSE, RMSE, MAE, MAPE: 0.00279, 0.00279, 0.05278, 0.03135, 8.09%
Test - Best epoch, Loss, MSE, RMSE, MAE, MAPE: 50, 0.00271, 0.00271, 0.05210, 0.03125, 7.15%
Time spent: 14.10s
- Epoch 051, ExpID 37553
Train - Loss (one batch): 0.00304
Val - Loss, MSE, RMSE, MAE, MAPE: 0.00284, 0.00284, 0.05329, 0.03234, 8.45%
Test - Best epoch, Loss, MSE, RMSE, MAE, MAPE: 50, 0.00271, 0.00271, 0.05210, 0.03125, 7.15%
Time spent: 12.13s
- Epoch 052, ExpID 37553
Train - Loss (one batch): 0.00172
Val - Loss, MSE, RMSE, MAE, MAPE: 0.00309, 0.00309, 0.05556, 0.03643, 9.49%
Test - Best epoch, Loss, MSE, RMSE, MAE, MAPE: 50, 0.00271, 0.00271, 0.05210, 0.03125, 7.15%
Time spent: 11.72s
- Epoch 053, ExpID 37553
Train - Loss (one batch): 0.00178
Val - Loss, MSE, RMSE, MAE, MAPE: 0.00279, 0.00279, 0.05280, 0.03175, 8.34%
Test - Best epoch, Loss, MSE, RMSE, MAE, MAPE: 50, 0.00271, 0.00271, 0.05210, 0.03125, 7.15%
Time spent: 11.77s
- Epoch 054, ExpID 37553
Train - Loss (one batch): 0.00124
Val - Loss, MSE, RMSE, MAE, MAPE: 0.00285, 0.00285, 0.05343, 0.03276, 8.24%
Test - Best epoch, Loss, MSE, RMSE, MAE, MAPE: 50, 0.00271, 0.00271, 0.05210, 0.03125, 7.15%
Time spent: 11.73s
- Epoch 055, ExpID 37553
Train - Loss (one batch): 0.00225
Val - Loss, MSE, RMSE, MAE, MAPE: 0.00279, 0.00279, 0.05282, 0.03160, 8.31%
Test - Best epoch, Loss, MSE, RMSE, MAE, MAPE: 50, 0.00271, 0.00271, 0.05210, 0.03125, 7.15%
Time spent: 11.83s
- Epoch 056, ExpID 37553
Train - Loss (one batch): 0.00207
Val - Loss, MSE, RMSE, MAE, MAPE: 0.00278, 0.00278, 0.05273, 0.03124, 8.12%
Test - Best epoch, Loss, MSE, RMSE, MAE, MAPE: 56, 0.00271, 0.00271, 0.05201, 0.03108, 7.15%
Time spent: 14.22s
- Epoch 057, ExpID 37553
Train - Loss (one batch): 0.00658
Val - Loss, MSE, RMSE, MAE, MAPE: 0.00285, 0.00285, 0.05337, 0.03238, 8.16%
Test - Best epoch, Loss, MSE, RMSE, MAE, MAPE: 56, 0.00271, 0.00271, 0.05201, 0.03108, 7.15%
Time spent: 11.86s
- Epoch 058, ExpID 37553
Train - Loss (one batch): 0.00115
Val - Loss, MSE, RMSE, MAE, MAPE: 0.00278, 0.00278, 0.05272, 0.03123, 8.11%
Test - Best epoch, Loss, MSE, RMSE, MAE, MAPE: 58, 0.00270, 0.00270, 0.05198, 0.03104, 7.14%
Time spent: 14.13s
- Epoch 059, ExpID 37553
Train - Loss (one batch): 0.00309
Val - Loss, MSE, RMSE, MAE, MAPE: 0.00278, 0.00278, 0.05275, 0.03144, 8.11%
Test - Best epoch, Loss, MSE, RMSE, MAE, MAPE: 58, 0.00270, 0.00270, 0.05198, 0.03104, 7.14%
Time spent: 11.89s
- Epoch 060, ExpID 37553
Train - Loss (one batch): 0.00196
Val - Loss, MSE, RMSE, MAE, MAPE: 0.00297, 0.00297, 0.05453, 0.03459, 8.50%
Test - Best epoch, Loss, MSE, RMSE, MAE, MAPE: 58, 0.00270, 0.00270, 0.05198, 0.03104, 7.14%
Time spent: 11.84s
- Epoch 061, ExpID 37553
Train - Loss (one batch): 0.00260
Val - Loss, MSE, RMSE, MAE, MAPE: 0.00280, 0.00280, 0.05294, 0.03191, 8.39%
Test - Best epoch, Loss, MSE, RMSE, MAE, MAPE: 58, 0.00270, 0.00270, 0.05198, 0.03104, 7.14%
Time spent: 11.76s
- Epoch 062, ExpID 37553
Train - Loss (one batch): 0.00241
Val - Loss, MSE, RMSE, MAE, MAPE: 0.00279, 0.00279, 0.05279, 0.03153, 8.09%
Test - Best epoch, Loss, MSE, RMSE, MAE, MAPE: 58, 0.00270, 0.00270, 0.05198, 0.03104, 7.14%
Time spent: 11.75s
- Epoch 063, ExpID 37553
Train - Loss (one batch): 0.00137
Val - Loss, MSE, RMSE, MAE, MAPE: 0.00278, 0.00278, 0.05273, 0.03132, 8.16%
Test - Best epoch, Loss, MSE, RMSE, MAE, MAPE: 58, 0.00270, 0.00270, 0.05198, 0.03104, 7.14%
Time spent: 11.72s
- Epoch 064, ExpID 37553
Train - Loss (one batch): 0.00172
Val - Loss, MSE, RMSE, MAE, MAPE: 0.00278, 0.00278, 0.05269, 0.03128, 8.14%
Test - Best epoch, Loss, MSE, RMSE, MAE, MAPE: 64, 0.00270, 0.00270, 0.05198, 0.03110, 7.17%
Time spent: 13.83s
- Epoch 065, ExpID 37553
Train - Loss (one batch): 0.00449
Val - Loss, MSE, RMSE, MAE, MAPE: 0.00279, 0.00279, 0.05284, 0.03162, 8.10%
Test - Best epoch, Loss, MSE, RMSE, MAE, MAPE: 64, 0.00270, 0.00270, 0.05198, 0.03110, 7.17%
Time spent: 11.94s
- Epoch 066, ExpID 37553
Train - Loss (one batch): 0.00428
Val - Loss, MSE, RMSE, MAE, MAPE: 0.00277, 0.00277, 0.05262, 0.03128, 8.18%
Test - Best epoch, Loss, MSE, RMSE, MAE, MAPE: 66, 0.00270, 0.00270, 0.05193, 0.03114, 7.20%
Time spent: 14.36s
- Epoch 067, ExpID 37553
Train - Loss (one batch): 0.00191
Val - Loss, MSE, RMSE, MAE, MAPE: 0.00279, 0.00279, 0.05280, 0.03146, 8.08%
Test - Best epoch, Loss, MSE, RMSE, MAE, MAPE: 66, 0.00270, 0.00270, 0.05193, 0.03114, 7.20%
Time spent: 11.89s
- Epoch 068, ExpID 37553
Train - Loss (one batch): 0.00192
Val - Loss, MSE, RMSE, MAE, MAPE: 0.00277, 0.00277, 0.05268, 0.03152, 8.29%
Test - Best epoch, Loss, MSE, RMSE, MAE, MAPE: 66, 0.00270, 0.00270, 0.05193, 0.03114, 7.20%
Time spent: 11.89s
- Epoch 069, ExpID 37553
Train - Loss (one batch): 0.00378
Val - Loss, MSE, RMSE, MAE, MAPE: 0.00278, 0.00278, 0.05268, 0.03132, 8.11%
Test - Best epoch, Loss, MSE, RMSE, MAE, MAPE: 66, 0.00270, 0.00270, 0.05193, 0.03114, 7.20%
Time spent: 11.89s
- Epoch 070, ExpID 37553
Train - Loss (one batch): 0.00258
Val - Loss, MSE, RMSE, MAE, MAPE: 0.00290, 0.00290, 0.05390, 0.03350, 8.33%
Test - Best epoch, Loss, MSE, RMSE, MAE, MAPE: 66, 0.00270, 0.00270, 0.05193, 0.03114, 7.20%
Time spent: 11.69s
- Epoch 071, ExpID 37553
Train - Loss (one batch): 0.00342
Val - Loss, MSE, RMSE, MAE, MAPE: 0.00277, 0.00277, 0.05264, 0.03128, 8.16%
Test - Best epoch, Loss, MSE, RMSE, MAE, MAPE: 66, 0.00270, 0.00270, 0.05193, 0.03114, 7.20%
Time spent: 11.82s
- Epoch 072, ExpID 37553
Train - Loss (one batch): 0.00226
Val - Loss, MSE, RMSE, MAE, MAPE: 0.00277, 0.00277, 0.05263, 0.03125, 8.11%
Test - Best epoch, Loss, MSE, RMSE, MAE, MAPE: 66, 0.00270, 0.00270, 0.05193, 0.03114, 7.20%
Time spent: 11.83s
- Epoch 073, ExpID 37553
Train - Loss (one batch): 0.00461
Val - Loss, MSE, RMSE, MAE, MAPE: 0.00288, 0.00288, 0.05363, 0.03322, 8.77%
Test - Best epoch, Loss, MSE, RMSE, MAE, MAPE: 66, 0.00270, 0.00270, 0.05193, 0.03114, 7.20%
Time spent: 11.95s
- Epoch 074, ExpID 37553
Train - Loss (one batch): 0.00088
Val - Loss, MSE, RMSE, MAE, MAPE: 0.00283, 0.00283, 0.05316, 0.03243, 8.24%
Test - Best epoch, Loss, MSE, RMSE, MAE, MAPE: 66, 0.00270, 0.00270, 0.05193, 0.03114, 7.20%
Time spent: 11.93s
- Epoch 075, ExpID 37553
Train - Loss (one batch): 0.00569
Val - Loss, MSE, RMSE, MAE, MAPE: 0.00278, 0.00278, 0.05274, 0.03134, 8.17%
Test - Best epoch, Loss, MSE, RMSE, MAE, MAPE: 66, 0.00270, 0.00270, 0.05193, 0.03114, 7.20%
Time spent: 11.85s
- Epoch 076, ExpID 37553
Train - Loss (one batch): 0.00035
Val - Loss, MSE, RMSE, MAE, MAPE: 0.00280, 0.00280, 0.05287, 0.03188, 8.18%
Test - Best epoch, Loss, MSE, RMSE, MAE, MAPE: 66, 0.00270, 0.00270, 0.05193, 0.03114, 7.20%
Time spent: 11.91s
- Epoch 077, ExpID 37553
Train - Loss (one batch): 0.00153
Val - Loss, MSE, RMSE, MAE, MAPE: 0.00277, 0.00277, 0.05262, 0.03123, 8.13%
Test - Best epoch, Loss, MSE, RMSE, MAE, MAPE: 66, 0.00270, 0.00270, 0.05193, 0.03114, 7.20%
Time spent: 11.83s
- Epoch 078, ExpID 37553
Train - Loss (one batch): 0.00375
Val - Loss, MSE, RMSE, MAE, MAPE: 0.00277, 0.00277, 0.05267, 0.03113, 8.06%
Test - Best epoch, Loss, MSE, RMSE, MAE, MAPE: 66, 0.00270, 0.00270, 0.05193, 0.03114, 7.20%
Time spent: 11.73s
- Epoch 079, ExpID 37553
Train - Loss (one batch): 0.00196
Val - Loss, MSE, RMSE, MAE, MAPE: 0.00293, 0.00293, 0.05415, 0.03400, 8.42%
Test - Best epoch, Loss, MSE, RMSE, MAE, MAPE: 66, 0.00270, 0.00270, 0.05193, 0.03114, 7.20%
Time spent: 11.93s
- Epoch 080, ExpID 37553
Train - Loss (one batch): 0.00127
Val - Loss, MSE, RMSE, MAE, MAPE: 0.00280, 0.00280, 0.05289, 0.03171, 8.27%
Test - Best epoch, Loss, MSE, RMSE, MAE, MAPE: 66, 0.00270, 0.00270, 0.05193, 0.03114, 7.20%
Time spent: 11.98s
- Epoch 081, ExpID 37553
Train - Loss (one batch): 0.00162
Val - Loss, MSE, RMSE, MAE, MAPE: 0.00279, 0.00279, 0.05286, 0.03149, 8.21%
Test - Best epoch, Loss, MSE, RMSE, MAE, MAPE: 66, 0.00270, 0.00270, 0.05193, 0.03114, 7.20%
Time spent: 12.01s
